<?xml version="1.0" encoding="utf-8"?><testsuites><testsuite name="pytest" errors="0" failures="5" skipped="0" tests="72" time="2.553" timestamp="2025-08-24T15:25:23.242783+02:00" hostname="RLNTGO1-01"><testcase classname="test_network_transfer_2025-08-24.TestSecurityManager" name="test_security_manager_initialization" time="0.152" /><testcase classname="test_network_transfer_2025-08-24.TestSecurityManager" name="test_generate_session_key" time="0.010" /><testcase classname="test_network_transfer_2025-08-24.TestSecurityManager" name="test_generate_auth_token" time="0.002" /><testcase classname="test_network_transfer_2025-08-24.TestSecurityManager" name="test_verify_auth_token_valid" time="0.001" /><testcase classname="test_network_transfer_2025-08-24.TestSecurityManager" name="test_verify_auth_token_invalid" time="0.001" /><testcase classname="test_network_transfer_2025-08-24.TestSecurityManager" name="test_verify_auth_token_none" time="0.001" /><testcase classname="test_network_transfer_2025-08-24.TestSecurityManager" name="test_encrypt_decrypt_message_with_crypto" time="0.001" /><testcase classname="test_network_transfer_2025-08-24.TestSecurityManager" name="test_encrypt_decrypt_message_fallback" time="0.082" /><testcase classname="test_network_transfer_2025-08-24.TestSecurityManager" name="test_encrypt_without_session_key" time="0.003" /><testcase classname="test_network_transfer_2025-08-24.TestSecurityManager" name="test_decrypt_without_session_key" time="0.001" /><testcase classname="test_network_transfer_2025-08-24.TestSecurityManager" name="test_decrypt_invalid_data" time="0.001" /><testcase classname="test_network_transfer_2025-08-24.TestSecurityManager" name="test_fallback_encrypt_decrypt_edge_cases" time="0.157" /><testcase classname="test_network_transfer_2025-08-24.TestSecurityManager" name="test_fallback_decrypt_corrupted_mac" time="0.080" /><testcase classname="test_network_transfer_2025-08-24.TestTransferProtocol" name="test_protocol_constants" time="0.002" /><testcase classname="test_network_transfer_2025-08-24.TestTransferProtocol" name="test_create_message_valid" time="0.001" /><testcase classname="test_network_transfer_2025-08-24.TestTransferProtocol" name="test_create_message_with_timestamp" time="0.001" /><testcase classname="test_network_transfer_2025-08-24.TestTransferProtocol" name="test_create_message_too_large" time="0.026" /><testcase classname="test_network_transfer_2025-08-24.TestTransferProtocol" name="test_parse_message_valid" time="0.002" /><testcase classname="test_network_transfer_2025-08-24.TestTransferProtocol" name="test_parse_message_invalid_length" time="0.002"><failure message="Failed: DID NOT RAISE &lt;class 'ValueError'&gt;">tests\unit\test_network_transfer_2025-08-24.py:288: in test_parse_message_invalid_length
    with pytest.raises(ValueError, match="Message too large"):
E   Failed: DID NOT RAISE &lt;class 'ValueError'&gt;</failure></testcase><testcase classname="test_network_transfer_2025-08-24.TestTransferProtocol" name="test_parse_message_incomplete" time="0.002" /><testcase classname="test_network_transfer_2025-08-24.TestTransferProtocol" name="test_parse_message_invalid_json" time="0.002" /><testcase classname="test_network_transfer_2025-08-24.TestTransferProtocol" name="test_message_roundtrip" time="0.002" /><testcase classname="test_network_transfer_2025-08-24.TestTransferProtocol" name="test_message_unicode_support" time="0.003" /><testcase classname="test_network_transfer_2025-08-24.TestPathSecurity" name="test_allowed_extensions" time="0.007" /><testcase classname="test_network_transfer_2025-08-24.TestPathSecurity" name="test_max_file_size_constant" time="0.005" /><testcase classname="test_network_transfer_2025-08-24.TestPathSecurity" name="test_sanitize_path_normal" time="0.007" /><testcase classname="test_network_transfer_2025-08-24.TestPathSecurity" name="test_sanitize_path_dangerous_chars" time="0.007"><failure message="AssertionError: assert 'folder_______file.txt' == 'folder________file.txt'&#10;  &#10;  - folder________file.txt&#10;  ?       -&#10;  + folder_______file.txt">tests\unit\test_network_transfer_2025-08-24.py:388: in test_sanitize_path_dangerous_chars
    assert sanitized == "folder________file.txt"
E   AssertionError: assert 'folder_______file.txt' == 'folder________file.txt'
E     
E     - folder________file.txt
E     ?       -
E     + folder_______file.txt</failure></testcase><testcase classname="test_network_transfer_2025-08-24.TestPathSecurity" name="test_sanitize_path_null_byte" time="0.005" /><testcase classname="test_network_transfer_2025-08-24.TestPathSecurity" name="test_sanitize_path_multiple_separators" time="0.006" /><testcase classname="test_network_transfer_2025-08-24.TestPathSecurity" name="test_sanitize_path_empty" time="0.005" /><testcase classname="test_network_transfer_2025-08-24.TestPathSecurity" name="test_is_safe_path_valid" time="0.005" /><testcase classname="test_network_transfer_2025-08-24.TestPathSecurity" name="test_is_safe_path_traversal_attempts" time="0.005" /><testcase classname="test_network_transfer_2025-08-24.TestPathSecurity" name="test_is_safe_path_absolute_paths" time="0.006" /><testcase classname="test_network_transfer_2025-08-24.TestPathSecurity" name="test_is_safe_path_empty_inputs" time="0.004" /><testcase classname="test_network_transfer_2025-08-24.TestPathSecurity" name="test_secure_join_valid" time="0.007" /><testcase classname="test_network_transfer_2025-08-24.TestPathSecurity" name="test_secure_join_invalid" time="0.004" /><testcase classname="test_network_transfer_2025-08-24.TestPathSecurity" name="test_validate_file_for_transfer_valid" time="0.005" /><testcase classname="test_network_transfer_2025-08-24.TestPathSecurity" name="test_validate_file_for_transfer_nonexistent" time="0.004" /><testcase classname="test_network_transfer_2025-08-24.TestPathSecurity" name="test_validate_file_for_transfer_directory" time="0.004" /><testcase classname="test_network_transfer_2025-08-24.TestPathSecurity" name="test_validate_file_for_transfer_forbidden_extension" time="0.007" /><testcase classname="test_network_transfer_2025-08-24.TestPathSecurity" name="test_validate_file_for_transfer_too_large" time="0.006"><failure message="AssertionError: assert 'File too large' in 'Validation error: an integer is required'">tests\unit\test_network_transfer_2025-08-24.py:521: in test_validate_file_for_transfer_too_large
    assert 'File too large' in result['reason']
E   AssertionError: assert 'File too large' in 'Validation error: an integer is required'</failure></testcase><testcase classname="test_network_transfer_2025-08-24.TestPathSecurity" name="test_validate_file_for_transfer_no_read_permission" time="0.005" /><testcase classname="test_network_transfer_2025-08-24.TestPathSecurity" name="test_secure_file_info_valid" time="0.004" /><testcase classname="test_network_transfer_2025-08-24.TestPathSecurity" name="test_secure_file_info_invalid" time="0.005" /><testcase classname="test_network_transfer_2025-08-24.TestPathSecurity" name="test_path_security_edge_cases" time="0.008" /><testcase classname="test_network_transfer_2025-08-24.TestTransferServer" name="test_transfer_server_initialization" time="0.024" /><testcase classname="test_network_transfer_2025-08-24.TestTransferServer" name="test_transfer_server_signals" time="0.001" /><testcase classname="test_network_transfer_2025-08-24.TestTransferServer" name="test_server_socket_creation" time="0.002" /><testcase classname="test_network_transfer_2025-08-24.TestTransferServer" name="test_process_message_hello" time="0.002" /><testcase classname="test_network_transfer_2025-08-24.TestTransferServer" name="test_process_message_file_info" time="0.002" /><testcase classname="test_network_transfer_2025-08-24.TestTransferServer" name="test_process_message_config_data" time="0.002" /><testcase classname="test_network_transfer_2025-08-24.TestTransferServer" name="test_process_message_collection_data" time="0.002" /><testcase classname="test_network_transfer_2025-08-24.TestTransferServer" name="test_save_received_config" time="0.005" /><testcase classname="test_network_transfer_2025-08-24.TestTransferServer" name="test_stop_server" time="0.002" /><testcase classname="test_network_transfer_2025-08-24.TestTransferClient" name="test_transfer_client_initialization" time="0.005" /><testcase classname="test_network_transfer_2025-08-24.TestTransferClient" name="test_transfer_client_signals" time="0.005" /><testcase classname="test_network_transfer_2025-08-24.TestTransferClient" name="test_client_connection" time="0.009" /><testcase classname="test_network_transfer_2025-08-24.TestTransferClient" name="test_send_files" time="0.007" /><testcase classname="test_network_transfer_2025-08-24.TestTransferClient" name="test_send_config" time="0.006" /><testcase classname="test_network_transfer_2025-08-24.TestTransferClient" name="test_send_collection" time="0.005" /><testcase classname="test_network_transfer_2025-08-24.TestTransferClient" name="test_send_files_with_invalid_file" time="0.010" /><testcase classname="test_network_transfer_2025-08-24.TestTransferClient" name="test_send_files_io_error" time="0.007" /><testcase classname="test_network_transfer_2025-08-24.TestNetworkTransferGUI" name="test_gui_initialization" time="0.387" /><testcase classname="test_network_transfer_2025-08-24.TestNetworkTransferGUI" name="test_database_initialization" time="0.020" /><testcase classname="test_network_transfer_2025-08-24.TestNetworkTransferGUI" name="test_file_security_validation" time="0.030"><failure message="AssertionError: assert False is True&#10; +  where False = _is_secure_file_path('C:\\Users\\HP1\\AppData\\Local\\Temp\\tmprigdprz5\\test_file.txt')&#10; +    where _is_secure_file_path = &lt;src.utilities.network.network_transfer.NetworkTransferGUI object at 0x000001D7F985C680&gt;._is_secure_file_path">tests\unit\test_network_transfer_2025-08-24.py:908: in test_file_security_validation
    assert gui._is_secure_file_path(valid_path) is True
E   AssertionError: assert False is True
E    +  where False = _is_secure_file_path('C:\\Users\\HP1\\AppData\\Local\\Temp\\tmprigdprz5\\test_file.txt')
E    +    where _is_secure_file_path = &lt;src.utilities.network.network_transfer.NetworkTransferGUI object at 0x000001D7F985C680&gt;._is_secure_file_path</failure></testcase><testcase classname="test_network_transfer_2025-08-24.TestNetworkTransferGUI" name="test_forbidden_directories_check" time="0.027" /><testcase classname="test_network_transfer_2025-08-24.TestNetworkTransferGUI" name="test_allowed_directories_check" time="0.026" /><testcase classname="test_network_transfer_2025-08-24.TestNetworkTransferGUI" name="test_file_extension_validation" time="0.025" /><testcase classname="test_network_transfer_2025-08-24.TestNetworkTransferGUI" name="test_file_size_validation" time="0.025" /><testcase classname="test_network_transfer_2025-08-24.TestNetworkTransferGUI" name="test_collect_application_config" time="0.020" /><testcase classname="test_network_transfer_2025-08-24.TestNetworkTransferGUI" name="test_sanitize_config_content" time="0.021" /><testcase classname="test_network_transfer_2025-08-24.TestNetworkTransferGUI" name="test_symlink_loop_detection" time="0.024"><failure message="assert True is False">tests\unit\test_network_transfer_2025-08-24.py:1051: in test_symlink_loop_detection
    assert result is False
E   assert True is False</failure></testcase></testsuite></testsuites>