<?xml version="1.0" encoding="utf-8"?><testsuites><testsuite name="pytest" errors="0" failures="10" skipped="0" tests="13" time="11.330" timestamp="2025-08-28T23:46:59.650851+02:00" hostname="DESKTOP-M4DIPMD"><testcase classname="test_miner_2025-08-28.TestMainWindowEdgeCases" name="test_ui_file_not_found" time="0.384" /><testcase classname="test_miner_2025-08-28.TestMainWindowEdgeCases" name="test_multiple_pdf_opens" time="0.027"><failure message="AttributeError: &lt;class 'src.utilities.pdf_tools.pdf_view_analysis.miner.MainWindow'&gt; does not have the attribute 'actionExit'">test_miner_2025-08-28.py:444: in test_multiple_pdf_opens
    with patch.object(MainWindow, 'actionExit') as mock_exit, \
..\..\..\AppData\Local\Programs\Python\Python313\Lib\unittest\mock.py:1495: in __enter__
    original, local = self.get_original()
..\..\..\AppData\Local\Programs\Python\Python313\Lib\unittest\mock.py:1465: in get_original
    raise AttributeError(
E   AttributeError: &lt;class 'src.utilities.pdf_tools.pdf_view_analysis.miner.MainWindow'&gt; does not have the attribute 'actionExit'</failure></testcase><testcase classname="test_miner_2025-08-28.TestMainWindow" name="test_close_action" time="0.043"><failure message="AttributeError: &lt;class 'src.utilities.pdf_tools.pdf_view_analysis.miner.MainWindow'&gt; does not have the attribute 'actionExit'">test_miner_2025-08-28.py:400: in test_close_action
    with patch.object(MainWindow, 'actionExit') as mock_exit, \
..\..\..\AppData\Local\Programs\Python\Python313\Lib\unittest\mock.py:1495: in __enter__
    original, local = self.get_original()
..\..\..\AppData\Local\Programs\Python\Python313\Lib\unittest\mock.py:1465: in get_original
    raise AttributeError(
E   AttributeError: &lt;class 'src.utilities.pdf_tools.pdf_view_analysis.miner.MainWindow'&gt; does not have the attribute 'actionExit'</failure></testcase><testcase classname="test_miner_2025-08-28.TestMainWindow" name="test_show_page_with_pdf_miner" time="0.019"><failure message="AttributeError: &lt;class 'src.utilities.pdf_tools.pdf_view_analysis.miner.MainWindow'&gt; does not have the attribute 'actionExit'">test_miner_2025-08-28.py:349: in test_show_page_with_pdf_miner
    with patch.object(MainWindow, 'actionExit') as mock_exit, \
..\..\..\AppData\Local\Programs\Python\Python313\Lib\unittest\mock.py:1495: in __enter__
    original, local = self.get_original()
..\..\..\AppData\Local\Programs\Python\Python313\Lib\unittest\mock.py:1465: in get_original
    raise AttributeError(
E   AttributeError: &lt;class 'src.utilities.pdf_tools.pdf_view_analysis.miner.MainWindow'&gt; does not have the attribute 'actionExit'</failure></testcase><testcase classname="test_miner_2025-08-28.TestMainWindow" name="test_open_pdf_success" time="0.040"><failure message="AttributeError: &lt;class 'src.utilities.pdf_tools.pdf_view_analysis.miner.MainWindow'&gt; does not have the attribute 'actionExit'">test_miner_2025-08-28.py:284: in test_open_pdf_success
    with patch.object(MainWindow, 'actionExit') as mock_exit, \
..\..\..\AppData\Local\Programs\Python\Python313\Lib\unittest\mock.py:1495: in __enter__
    original, local = self.get_original()
..\..\..\AppData\Local\Programs\Python\Python313\Lib\unittest\mock.py:1465: in get_original
    raise AttributeError(
E   AttributeError: &lt;class 'src.utilities.pdf_tools.pdf_view_analysis.miner.MainWindow'&gt; does not have the attribute 'actionExit'</failure></testcase><testcase classname="test_miner_2025-08-28.TestMainWindow" name="test_main_window_initialization" time="0.037"><failure message="AttributeError: &lt;class 'src.utilities.pdf_tools.pdf_view_analysis.miner.MainWindow'&gt; does not have the attribute 'actionExit'">test_miner_2025-08-28.py:259: in test_main_window_initialization
    with patch.object(MainWindow, 'actionExit') as mock_exit, \
..\..\..\AppData\Local\Programs\Python\Python313\Lib\unittest\mock.py:1495: in __enter__
    original, local = self.get_original()
..\..\..\AppData\Local\Programs\Python\Python313\Lib\unittest\mock.py:1465: in get_original
    raise AttributeError(
E   AttributeError: &lt;class 'src.utilities.pdf_tools.pdf_view_analysis.miner.MainWindow'&gt; does not have the attribute 'actionExit'</failure></testcase><testcase classname="test_miner_2025-08-28.TestMainWindow" name="test_open_pdf_cancelled" time="0.027"><failure message="AttributeError: &lt;class 'src.utilities.pdf_tools.pdf_view_analysis.miner.MainWindow'&gt; does not have the attribute 'actionExit'">test_miner_2025-08-28.py:313: in test_open_pdf_cancelled
    with patch.object(MainWindow, 'actionExit') as mock_exit, \
..\..\..\AppData\Local\Programs\Python\Python313\Lib\unittest\mock.py:1495: in __enter__
    original, local = self.get_original()
..\..\..\AppData\Local\Programs\Python\Python313\Lib\unittest\mock.py:1465: in get_original
    raise AttributeError(
E   AttributeError: &lt;class 'src.utilities.pdf_tools.pdf_view_analysis.miner.MainWindow'&gt; does not have the attribute 'actionExit'</failure></testcase><testcase classname="test_miner_2025-08-28.TestMainWindow" name="test_show_page_without_pdf_miner" time="0.021"><failure message="AttributeError: &lt;class 'src.utilities.pdf_tools.pdf_view_analysis.miner.MainWindow'&gt; does not have the attribute 'actionExit'">test_miner_2025-08-28.py:381: in test_show_page_without_pdf_miner
    with patch.object(MainWindow, 'actionExit') as mock_exit, \
..\..\..\AppData\Local\Programs\Python\Python313\Lib\unittest\mock.py:1495: in __enter__
    original, local = self.get_original()
..\..\..\AppData\Local\Programs\Python\Python313\Lib\unittest\mock.py:1465: in get_original
    raise AttributeError(
E   AttributeError: &lt;class 'src.utilities.pdf_tools.pdf_view_analysis.miner.MainWindow'&gt; does not have the attribute 'actionExit'</failure></testcase><testcase classname="test_miner_2025-08-28.TestMainWindow" name="test_open_pdf_invalid_file" time="0.052"><failure message="AttributeError: &lt;class 'src.utilities.pdf_tools.pdf_view_analysis.miner.MainWindow'&gt; does not have the attribute 'actionExit'">test_miner_2025-08-28.py:335: in test_open_pdf_invalid_file
    with patch.object(MainWindow, 'actionExit') as mock_exit, \
..\..\..\AppData\Local\Programs\Python\Python313\Lib\unittest\mock.py:1495: in __enter__
    original, local = self.get_original()
..\..\..\AppData\Local\Programs\Python\Python313\Lib\unittest\mock.py:1465: in get_original
    raise AttributeError(
E   AttributeError: &lt;class 'src.utilities.pdf_tools.pdf_view_analysis.miner.MainWindow'&gt; does not have the attribute 'actionExit'</failure></testcase><testcase classname="test_miner_2025-08-28.TestIntegration" name="test_full_workflow_integration" time="0.054"><failure message="AttributeError: &lt;class 'src.utilities.pdf_tools.pdf_view_analysis.miner.MainWindow'&gt; does not have the attribute 'actionExit'">test_miner_2025-08-28.py:521: in test_full_workflow_integration
    with patch.object(MainWindow, 'actionExit') as mock_exit, \
..\..\..\AppData\Local\Programs\Python\Python313\Lib\unittest\mock.py:1495: in __enter__
    original, local = self.get_original()
..\..\..\AppData\Local\Programs\Python\Python313\Lib\unittest\mock.py:1465: in get_original
    raise AttributeError(
E   AttributeError: &lt;class 'src.utilities.pdf_tools.pdf_view_analysis.miner.MainWindow'&gt; does not have the attribute 'actionExit'</failure></testcase><testcase classname="test_miner_2025-08-28.TestPDFMiner" name="test_get_metadata_empty_metadata" time="0.050" /><testcase classname="test_miner_2025-08-28.TestPDFMiner" name="test_get_metadata_success" time="0.027" /><testcase classname="test_miner_2025-08-28.TestPDFMiner" name="test_get_text_success" time="0.017"><failure message="TypeError: unsupported operand type(s) for /: 'Mock' and 'float'">test_miner_2025-08-28.py:207: in test_get_text_success
    miner = PDFMiner(self.test_pdf_path)
..\..\src\utilities\pdf_tools\pdf_view_analysis\miner.py:52: in __init__
    width = int(math.floor(self.width / 100.0) * 100)
E   TypeError: unsupported operand type(s) for /: 'Mock' and 'float'</failure></testcase></testsuite></testsuites>