<?xml version="1.0" encoding="utf-8"?><testsuites name="pytest tests"><testsuite name="pytest" errors="0" failures="8" skipped="0" tests="64" time="6.777" timestamp="2025-08-29T00:58:54.822737+02:00" hostname="DESKTOP-M4DIPMD"><testcase classname="test_disk_health_widget_2025-08-29.TestDiskHealthWidget" name="test_widget_initialization" time="0.963" /><testcase classname="test_disk_health_widget_2025-08-29.TestDiskHealthWidget" name="test_monitor_initialization" time="0.038" /><testcase classname="test_disk_health_widget_2025-08-29.TestDiskHealthWidget" name="test_refresh_data_functionality" time="0.038" /><testcase classname="test_disk_health_widget_2025-08-29.TestDiskHealthWidget" name="test_summary_update" time="0.039" /><testcase classname="test_disk_health_widget_2025-08-29.TestDiskHealthWidget" name="test_disk_tree_update" time="0.043" /><testcase classname="test_disk_health_widget_2025-08-29.TestDiskHealthWidget" name="test_add_disk_to_tree_physical" time="0.038" /><testcase classname="test_disk_health_widget_2025-08-29.TestDiskHealthWidget" name="test_add_disk_to_tree_logical" time="0.040" /><testcase classname="test_disk_health_widget_2025-08-29.TestDiskHealthWidget" name="test_format_bytes_conversion" time="0.037" /><testcase classname="test_disk_health_widget_2025-08-29.TestDiskHealthWidget" name="test_disk_selection_handling" time="0.038" /><testcase classname="test_disk_health_widget_2025-08-29.TestDiskHealthWidget" name="test_general_details_update" time="0.037"><failure message="AssertionError: assert '1.0 TB' in 'Size: 931.3 GB'&#10; +  where 'Size: 931.3 GB' = &lt;tests.unit.test_disk_health_widget_2025-08-29.MockQLabel object at 0x000001E8498257F0&gt;.text&#10; +    where &lt;tests.unit.test_disk_health_widget_2025-08-29.MockQLabel object at 0x000001E8498257F0&gt; = &lt;tests.unit.test_disk_health_widget_2025-08-29.MockDiskHealthWidget object at 0x000001E8496E91D0&gt;.size_label">test_disk_health_widget_2025-08-29.py:803: in test_general_details_update
    assert "1.0 TB" in widget.size_label.text
E   AssertionError: assert '1.0 TB' in 'Size: 931.3 GB'
E    +  where 'Size: 931.3 GB' = &lt;tests.unit.test_disk_health_widget_2025-08-29.MockQLabel object at 0x000001E8498257F0&gt;.text
E    +    where &lt;tests.unit.test_disk_health_widget_2025-08-29.MockQLabel object at 0x000001E8498257F0&gt; = &lt;tests.unit.test_disk_health_widget_2025-08-29.MockDiskHealthWidget object at 0x000001E8496E91D0&gt;.size_label</failure></testcase><testcase classname="test_disk_health_widget_2025-08-29.TestDiskHealthWidget" name="test_health_details_update" time="0.039"><failure message="AssertionError: assert '650.0 GB / 1.0 TB (65.0%)' in 'Used: 605.4 GB / 931.3 GB (65.0%)'&#10; +  where 'Used: 605.4 GB / 931.3 GB (65.0%)' = &lt;tests.unit.test_disk_health_widget_2025-08-29.MockQLabel object at 0x000001E84983E030&gt;.text&#10; +    where &lt;tests.unit.test_disk_health_widget_2025-08-29.MockQLabel object at 0x000001E84983E030&gt; = &lt;tests.unit.test_disk_health_widget_2025-08-29.MockDiskHealthWidget object at 0x000001E8496E8B90&gt;.usage_label">test_disk_health_widget_2025-08-29.py:829: in test_health_details_update
    assert "650.0 GB / 1.0 TB (65.0%)" in widget.usage_label.text
E   AssertionError: assert '650.0 GB / 1.0 TB (65.0%)' in 'Used: 605.4 GB / 931.3 GB (65.0%)'
E    +  where 'Used: 605.4 GB / 931.3 GB (65.0%)' = &lt;tests.unit.test_disk_health_widget_2025-08-29.MockQLabel object at 0x000001E84983E030&gt;.text
E    +    where &lt;tests.unit.test_disk_health_widget_2025-08-29.MockQLabel object at 0x000001E84983E030&gt; = &lt;tests.unit.test_disk_health_widget_2025-08-29.MockDiskHealthWidget object at 0x000001E8496E8B90&gt;.usage_label</failure></testcase><testcase classname="test_disk_health_widget_2025-08-29.TestDiskHealthWidget" name="test_performance_details_update" time="0.040"><failure message="AssertionError: assert '1.0 GB' in 'Bytes Read: 976.6 MB'&#10; +  where 'Bytes Read: 976.6 MB' = &lt;tests.unit.test_disk_health_widget_2025-08-29.MockQLabel object at 0x000001E849865CD0&gt;.text&#10; +    where &lt;tests.unit.test_disk_health_widget_2025-08-29.MockQLabel object at 0x000001E849865CD0&gt; = &lt;tests.unit.test_disk_health_widget_2025-08-29.MockDiskHealthWidget object at 0x000001E8496E9810&gt;.read_bytes_label">test_disk_health_widget_2025-08-29.py:849: in test_performance_details_update
    assert "1.0 GB" in widget.read_bytes_label.text  # 2M sectors * 512 bytes
    ^^^^^^^^^^^^^^^^^^^^^^^^^^^^^^^^^^^^^^^^^^^^^^^
E   AssertionError: assert '1.0 GB' in 'Bytes Read: 976.6 MB'
E    +  where 'Bytes Read: 976.6 MB' = &lt;tests.unit.test_disk_health_widget_2025-08-29.MockQLabel object at 0x000001E849865CD0&gt;.text
E    +    where &lt;tests.unit.test_disk_health_widget_2025-08-29.MockQLabel object at 0x000001E849865CD0&gt; = &lt;tests.unit.test_disk_health_widget_2025-08-29.MockDiskHealthWidget object at 0x000001E8496E9810&gt;.read_bytes_label</failure></testcase><testcase classname="test_disk_health_widget_2025-08-29.TestDiskHealthWidget" name="test_auto_refresh_toggle" time="0.041" /><testcase classname="test_disk_health_widget_2025-08-29.TestDiskHealthWidget" name="test_empty_data_handling" time="0.038" /><testcase classname="test_disk_health_widget_2025-08-29.TestDiskHealthWidget" name="test_malformed_data_handling" time="0.039" /><testcase classname="test_disk_health_widget_2025-08-29.TestDiskHealthWidget" name="test_health_status_colors" time="0.040" /><testcase classname="test_disk_health_widget_2025-08-29.TestDiskHealthWidget" name="test_close_event_handling" time="0.046"><failure message="AssertionError: Expected 'accept' to have been called once. Called 0 times.">..\..\..\AppData\Local\Programs\Python\Python313\Lib\unittest\mock.py:956: in assert_called_once
    raise AssertionError(msg)
E   AssertionError: Expected 'accept' to have been called once. Called 0 times.

During handling of the above exception, another exception occurred:
test_disk_health_widget_2025-08-29.py:916: in test_close_event_handling
    mock_event.accept.assert_called_once()
E   AssertionError: Expected 'accept' to have been called once. Called 0 times.</failure></testcase><testcase classname="test_disk_health_widget_2025-08-29.TestDiskHealthWidget" name="test_large_numbers_formatting" time="0.039" /><testcase classname="test_disk_health_widget_2025-08-29.TestDiskHealthWidget" name="test_edge_case_byte_values" time="0.045" /><testcase classname="test_disk_health_widget_2025-08-29.TestDiskHealthWidgetIntegration" name="test_full_data_flow" time="0.010" /><testcase classname="test_disk_health_widget_2025-08-29.TestDiskHealthWidgetIntegration" name="test_disk_selection_to_details_flow" time="0.008" /><testcase classname="test_disk_health_widget_2025-08-29.TestDiskHealthWidgetIntegration" name="test_error_recovery" time="0.008"><failure message="Failed: Widget should handle monitor errors gracefully">test_disk_health_widget_2025-08-29.py:997: in test_error_recovery
    widget.refresh_data()
test_disk_health_widget_2025-08-29.py:372: in refresh_data
    self.current_data = self.disk_monitor.get_current_data()
                        ^^^^^^^^^^^^^^^^^^^^^^^^^^^^^^^^^^^^
..\..\..\AppData\Local\Programs\Python\Python313\Lib\unittest\mock.py:1167: in __call__
    return self._mock_call(*args, **kwargs)
           ^^^^^^^^^^^^^^^^^^^^^^^^^^^^^^^^
..\..\..\AppData\Local\Programs\Python\Python313\Lib\unittest\mock.py:1171: in _mock_call
    return self._execute_mock_call(*args, **kwargs)
           ^^^^^^^^^^^^^^^^^^^^^^^^^^^^^^^^^^^^^^^^
..\..\..\AppData\Local\Programs\Python\Python313\Lib\unittest\mock.py:1226: in _execute_mock_call
    raise effect
E   Exception: Test error

During handling of the above exception, another exception occurred:
test_disk_health_widget_2025-08-29.py:999: in test_error_recovery
    pytest.fail("Widget should handle monitor errors gracefully")
E   Failed: Widget should handle monitor errors gracefully</failure></testcase><testcase classname="test_disk_health_widget_2025-08-29.TestDiskHealthWidgetPerformance" name="test_large_disk_list_performance" time="0.006" /><testcase classname="test_disk_health_widget_2025-08-29.TestDiskHealthWidgetPerformance" name="test_frequent_updates_performance" time="0.013" /><testcase classname="test_disk_health_widget_clean_2025-08-29.TestDiskHealthWidgetClean" name="test_widget_creation" time="0.010" /><testcase classname="test_disk_health_widget_clean_2025-08-29.TestDiskHealthWidgetClean" name="test_data_formatting" time="0.006" /><testcase classname="test_disk_health_widget_clean_2025-08-29.TestDiskHealthWidgetClean" name="test_health_status_mapping" time="0.006" /><testcase classname="test_disk_health_widget_clean_2025-08-29.TestDiskHealthWidgetClean" name="test_disk_data_structure" time="0.005" /><testcase classname="test_disk_health_widget_clean_2025-08-29.TestDiskHealthWidgetClean" name="test_mock_disk_info" time="0.005" /><testcase classname="test_disk_health_widget_clean_2025-08-29.TestDiskHealthWidgetClean" name="test_io_statistics_structure" time="0.005" /><testcase classname="test_disk_health_widget_clean_2025-08-29.TestDiskHealthWidgetClean" name="test_percentage_calculations" time="0.006" /><testcase classname="test_disk_health_widget_clean_2025-08-29.TestDiskHealthWidgetClean" name="test_timer_functionality" time="0.007" /><testcase classname="test_disk_health_widget_clean_2025-08-29.TestDiskHealthWidgetClean" name="test_error_handling_scenarios" time="0.005" /><testcase classname="test_disk_health_widget_clean_2025-08-29.TestDiskHealthWidgetClean" name="test_tree_item_data_structure" time="0.005" /><testcase classname="test_disk_health_widget_clean_2025-08-29.TestDiskHealthWidgetClean" name="test_widget_lifecycle" time="0.012" /><testcase classname="test_disk_health_widget_clean_2025-08-29.TestDiskHealthWidgetDataFlow" name="test_summary_calculation" time="0.005" /><testcase classname="test_disk_health_widget_clean_2025-08-29.TestDiskHealthWidgetDataFlow" name="test_data_refresh_cycle" time="0.007" /><testcase classname="test_disk_health_widget_clean_2025-08-29.TestDiskHealthWidgetDataFlow" name="test_ui_update_sequence" time="0.008" /><testcase classname="test_disk_health_widget_clean_2025-08-29.TestDiskHealthWidgetEdgeCases" name="test_zero_disk_scenario" time="0.006" /><testcase classname="test_disk_health_widget_clean_2025-08-29.TestDiskHealthWidgetEdgeCases" name="test_maximum_disk_scenario" time="0.005" /><testcase classname="test_disk_health_widget_clean_2025-08-29.TestDiskHealthWidgetEdgeCases" name="test_extreme_values" time="0.005" /><testcase classname="test_disk_health_widget_clean_2025-08-29.TestDiskHealthWidgetEdgeCases" name="test_invalid_data_recovery" time="0.005" /><testcase classname="test_disk_health_widget_clean_2025-08-29.TestExecutionMetrics" name="test_execution_timing" time="0.052" /><testcase classname="test_disk_health_widget_mock_2025-08-29.TestDiskHealthWidgetMocked" name="test_widget_initialization_with_mocks" time="0.059" /><testcase classname="test_disk_health_widget_mock_2025-08-29.TestDiskHealthWidgetMocked" name="test_ui_setup_calls" time="0.053" /><testcase classname="test_disk_health_widget_mock_2025-08-29.TestDiskHealthWidgetMocked" name="test_monitor_initialization_with_mocks" time="0.048" /><testcase classname="test_disk_health_widget_mock_2025-08-29.TestDiskHealthWidgetMocked" name="test_data_refresh_with_mocks" time="0.082" /><testcase classname="test_disk_health_widget_mock_2025-08-29.TestDiskHealthWidgetMocked" name="test_summary_update_with_mock_data" time="0.045" /><testcase classname="test_disk_health_widget_mock_2025-08-29.TestDiskHealthWidgetMocked" name="test_disk_tree_update_with_mocks" time="0.098" /><testcase classname="test_disk_health_widget_mock_2025-08-29.TestDiskHealthWidgetMocked" name="test_disk_addition_to_tree_with_mocks" time="0.049" /><testcase classname="test_disk_health_widget_mock_2025-08-29.TestDiskHealthWidgetMocked" name="test_byte_formatting_accuracy" time="0.056" /><testcase classname="test_disk_health_widget_mock_2025-08-29.TestDiskHealthWidgetMocked" name="test_disk_selection_with_mocks" time="0.056" /><testcase classname="test_disk_health_widget_mock_2025-08-29.TestDiskHealthWidgetMocked" name="test_general_details_update_with_mocks" time="0.051"><failure message="AssertionError: expected call not found.&#10;Expected: setText('Size: 1.0 TB')&#10;  Actual: setText('Size: 931.3 GB')&#10;&#10;pytest introspection follows:&#10;&#10;Args:&#10;assert ('Size: 931.3 GB',) == ('Size: 1.0 TB',)&#10;  &#10;  At index 0 diff: 'Size: 931.3 GB' != 'Size: 1.0 TB'&#10;  &#10;  Full diff:&#10;    (&#10;  -     'Size: 1.0 TB',&#10;  ?              ^^^...&#10;  &#10;  ...Full output truncated (3 lines hidden), use '-vv' to show">..\..\..\AppData\Local\Programs\Python\Python313\Lib\unittest\mock.py:977: in assert_called_with
    raise AssertionError(_error_message()) from cause
E   AssertionError: expected call not found.
E   Expected: setText('Size: 1.0 TB')
E     Actual: setText('Size: 931.3 GB')

During handling of the above exception, another exception occurred:
test_disk_health_widget_mock_2025-08-29.py:597: in test_general_details_update_with_mocks
    mock_widget.size_label.setText.assert_called_with("Size: 1.0 TB")
E   AssertionError: expected call not found.
E   Expected: setText('Size: 1.0 TB')
E     Actual: setText('Size: 931.3 GB')
E   
E   pytest introspection follows:
E   
E   Args:
E   assert ('Size: 931.3 GB',) == ('Size: 1.0 TB',)
E     
E     At index 0 diff: 'Size: 931.3 GB' != 'Size: 1.0 TB'
E     
E     Full diff:
E       (
E     -     'Size: 1.0 TB',
E     ?              ^^^...
E     
E     ...Full output truncated (3 lines hidden), use '-vv' to show</failure></testcase><testcase classname="test_disk_health_widget_mock_2025-08-29.TestDiskHealthWidgetMocked" name="test_health_details_update_with_mocks" time="0.048"><failure message="AssertionError: expected call not found.&#10;Expected: setText('Used: 750.0 GB / 1.0 TB (75.0%)')&#10;  Actual: setText('Used: 698.5 GB / 931.3 GB (75.0%)')&#10;&#10;pytest introspection follows:&#10;&#10;Args:&#10;assert ('Used: 698.5... GB (75.0%)',) == ('Used: 750.0... TB (75.0%)',)&#10;  &#10;  At index 0 diff: 'Used: 698.5 GB / 931.3 GB (75.0%)' != 'Used: 750.0 GB / 1.0 TB (75.0%)'&#10;  &#10;  Full diff:&#10;    (&#10;  -     'Used: 750.0 GB / 1.0 TB (75.0%)',&#10;  ?            ^ ---        ^^^...&#10;  &#10;  ...Full output truncated (3 lines hidden), use '-vv' to show">..\..\..\AppData\Local\Programs\Python\Python313\Lib\unittest\mock.py:977: in assert_called_with
    raise AssertionError(_error_message()) from cause
E   AssertionError: expected call not found.
E   Expected: setText('Used: 750.0 GB / 1.0 TB (75.0%)')
E     Actual: setText('Used: 698.5 GB / 931.3 GB (75.0%)')

During handling of the above exception, another exception occurred:
test_disk_health_widget_mock_2025-08-29.py:621: in test_health_details_update_with_mocks
    mock_widget.usage_label.setText.assert_called_with("Used: 750.0 GB / 1.0 TB (75.0%)")
E   AssertionError: expected call not found.
E   Expected: setText('Used: 750.0 GB / 1.0 TB (75.0%)')
E     Actual: setText('Used: 698.5 GB / 931.3 GB (75.0%)')
E   
E   pytest introspection follows:
E   
E   Args:
E   assert ('Used: 698.5... GB (75.0%)',) == ('Used: 750.0... TB (75.0%)',)
E     
E     At index 0 diff: 'Used: 698.5 GB / 931.3 GB (75.0%)' != 'Used: 750.0 GB / 1.0 TB (75.0%)'
E     
E     Full diff:
E       (
E     -     'Used: 750.0 GB / 1.0 TB (75.0%)',
E     ?            ^ ---        ^^^...
E     
E     ...Full output truncated (3 lines hidden), use '-vv' to show</failure></testcase><testcase classname="test_disk_health_widget_mock_2025-08-29.TestDiskHealthWidgetMocked" name="test_performance_details_update_with_mocks" time="0.042"><failure message="AssertionError: expected call not found.&#10;Expected: setText('Bytes Read: 1.0 GB')&#10;  Actual: setText('Bytes Read: 976.6 MB')&#10;&#10;pytest introspection follows:&#10;&#10;Args:&#10;assert ('Bytes Read: 976.6 MB',) == ('Bytes Read: 1.0 GB',)&#10;  &#10;  At index 0 diff: 'Bytes Read: 976.6 MB' != 'Bytes Read: 1.0 GB'&#10;  &#10;  Full diff:&#10;    (&#10;  -     'Bytes Read: 1.0 GB',&#10;  ?                  ^ ^^^...&#10;  &#10;  ...Full output truncated (3 lines hidden), use '-vv' to show">..\..\..\AppData\Local\Programs\Python\Python313\Lib\unittest\mock.py:977: in assert_called_with
    raise AssertionError(_error_message()) from cause
E   AssertionError: expected call not found.
E   Expected: setText('Bytes Read: 1.0 GB')
E     Actual: setText('Bytes Read: 976.6 MB')

During handling of the above exception, another exception occurred:
test_disk_health_widget_mock_2025-08-29.py:639: in test_performance_details_update_with_mocks
    mock_widget.read_bytes_label.setText.assert_called_with("Bytes Read: 1.0 GB")
E   AssertionError: expected call not found.
E   Expected: setText('Bytes Read: 1.0 GB')
E     Actual: setText('Bytes Read: 976.6 MB')
E   
E   pytest introspection follows:
E   
E   Args:
E   assert ('Bytes Read: 976.6 MB',) == ('Bytes Read: 1.0 GB',)
E     
E     At index 0 diff: 'Bytes Read: 976.6 MB' != 'Bytes Read: 1.0 GB'
E     
E     Full diff:
E       (
E     -     'Bytes Read: 1.0 GB',
E     ?                  ^ ^^^...
E     
E     ...Full output truncated (3 lines hidden), use '-vv' to show</failure></testcase><testcase classname="test_disk_health_widget_mock_2025-08-29.TestDiskHealthWidgetMocked" name="test_auto_refresh_toggle_with_mocks" time="0.051" /><testcase classname="test_disk_health_widget_mock_2025-08-29.TestDiskHealthWidgetMocked" name="test_error_handling_with_mocks" time="0.134" /><testcase classname="test_disk_health_widget_mock_2025-08-29.TestDiskHealthWidgetMocked" name="test_close_event_with_mocks" time="0.045" /><testcase classname="test_disk_health_widget_mock_2025-08-29.TestDiskHealthWidgetMocked" name="test_empty_data_handling_with_mocks" time="0.078" /><testcase classname="test_disk_health_widget_mock_2025-08-29.TestDiskHealthWidgetMocked" name="test_missing_data_fields_with_mocks" time="0.046" /><testcase classname="test_disk_health_widget_mock_2025-08-29.TestMockIntegration" name="test_full_widget_lifecycle_with_mocks" time="0.069" /><testcase classname="test_disk_health_widget_mock_2025-08-29.TestMockIntegration" name="test_mock_signal_connections" time="0.065" /><testcase classname="test_disk_health_widget_mock_2025-08-29.TestMockIntegration" name="test_performance_with_large_mock_data" time="0.124" /><testcase classname="test_disk_health_widget_mock_2025-08-29.TestMockExecutionReporting" name="test_mock_call_verification" time="0.082" /></testsuite></testsuites>