<?xml version="1.0" encoding="utf-8"?><testsuites name="pytest tests"><testsuite name="pytest" errors="0" failures="41" skipped="0" tests="71" time="61.576" timestamp="2025-08-28T20:49:33.572461+02:00" hostname="DESKTOP-M4DIPMD"><testcase classname="test_network_gui_2025-08-28.TestNetworkScanResult" name="test_network_scan_result_creation" time="0.010" /><testcase classname="test_network_gui_2025-08-28.TestNetworkScanResult" name="test_network_scan_result_minimal" time="0.008" /><testcase classname="test_network_gui_2025-08-28.TestBandwidthData" name="test_bandwidth_data_creation" time="0.006" /><testcase classname="test_network_gui_2025-08-28.TestNetworkWorkerThread" name="test_worker_thread_initialization" time="0.031" /><testcase classname="test_network_gui_2025-08-28.TestNetworkWorkerThread" name="test_worker_thread_signals" time="0.188" /><testcase classname="test_network_gui_2025-08-28.TestNetworkWorkerThread" name="test_worker_thread_cancel" time="0.014" /><testcase classname="test_network_gui_2025-08-28.TestNetworkWorkerThread" name="test_scan_port_open" time="0.029" /><testcase classname="test_network_gui_2025-08-28.TestNetworkWorkerThread" name="test_scan_port_closed" time="0.032" /><testcase classname="test_network_gui_2025-08-28.TestNetworkWorkerThread" name="test_scan_port_filtered" time="0.026" /><testcase classname="test_network_gui_2025-08-28.TestNetworkWorkerThread" name="test_get_service_name" time="0.013" /><testcase classname="test_network_gui_2025-08-28.TestNetworkWorkerThread" name="test_ping_host_alive" time="0.027" /><testcase classname="test_network_gui_2025-08-28.TestNetworkWorkerThread" name="test_ping_host_dead" time="0.031" /><testcase classname="test_network_gui_2025-08-28.TestNetworkWorkerThread" name="test_ping_host_exception" time="0.021" /><testcase classname="test_network_gui_2025-08-28.TestNetworkWorkerThread" name="test_test_connectivity_success" time="0.020" /><testcase classname="test_network_gui_2025-08-28.TestNetworkWorkerThread" name="test_test_connectivity_failure" time="0.019" /><testcase classname="test_network_gui_2025-08-28.TestNetworkWorkerThread" name="test_test_connectivity_exception" time="0.019" /><testcase classname="test_network_gui_2025-08-28.TestNetworkWorkerThreadOperations" name="test_run_port_scan" time="0.025" /><testcase classname="test_network_gui_2025-08-28.TestNetworkWorkerThreadOperations" name="test_run_bandwidth_monitor" time="0.024" /><testcase classname="test_network_gui_2025-08-28.TestNetworkWorkerThreadOperations" name="test_run_wifi_scan" time="0.017" /><testcase classname="test_network_gui_2025-08-28.TestNetworkWorkerThreadOperations" name="test_run_network_discovery" time="0.028" /><testcase classname="test_network_gui_2025-08-28.TestNetworkWorkerThreadOperations" name="test_run_connectivity_test" time="0.020" /><testcase classname="test_network_gui_2025-08-28.TestNetworkWorkerThreadOperations" name="test_run_unknown_operation" time="0.020" /><testcase classname="test_network_gui_2025-08-28.TestNetworkWorkerThreadOperations" name="test_run_with_exception" time="0.022" /><testcase classname="test_network_gui_2025-08-28.TestNetworkToolsWindow" name="test_window_initialization" time="0.031"><failure message="AttributeError: 'NetworkToolsWindow' object has no attribute 'setCentralWidget'">self = &lt;test_network_gui_2025-08-28.TestNetworkToolsWindow object at 0x0000018E8E03DBD0&gt;
qapp = &lt;PyQt5.QtWidgets.QApplication object at 0x0000018E8DB83800&gt;
mock_network_tools = {'bandwidth_monitor': &lt;MagicMock name='BandwidthMonitor' id='1711780820512'&gt;, 'lan_transfer': &lt;MagicMock name='LANFile...&lt;MagicMock name='PortScanner' id='1711780818832'&gt;, 'wifi_analyzer': &lt;MagicMock name='WiFiAnalyzer' id='1711780817152'&gt;}

    def test_window_initialization(self, qapp, mock_network_tools):
        """Test window initialization."""
        if not TARGET_MODULE_AVAILABLE:
            pytest.skip("Target module not available")
    
        with patch('utilities.network.gui.StandardWindow', QWidget):
&gt;           window = NetworkToolsWindow()
                     ^^^^^^^^^^^^^^^^^^^^

test_network_gui_2025-08-28.py:581: 
_ _ _ _ _ _ _ _ _ _ _ _ _ _ _ _ _ _ _ _ _ _ _ _ _ _ _ _ _ _ _ _ _ _ _ _ 
..\..\..\src\utilities\network\gui.py:355: in __init__
    self.init_ui()
_ _ _ _ _ _ _ _ _ _ _ _ _ _ _ _ _ _ _ _ _ _ _ _ _ _ _ _ _ _ _ _ _ _ _ _ 

self = &lt;utilities.network.gui.NetworkToolsWindow object at 0x0000018E8DDE84D0&gt;

    def init_ui(self):
        """Initialize the user interface."""
        central_widget = QWidget()
&gt;       self.setCentralWidget(central_widget)
        ^^^^^^^^^^^^^^^^^^^^^
E       AttributeError: 'NetworkToolsWindow' object has no attribute 'setCentralWidget'

..\..\..\src\utilities\network\gui.py:361: AttributeError</failure></testcase><testcase classname="test_network_gui_2025-08-28.TestNetworkToolsWindow" name="test_create_tabs" time="0.012"><failure message="AttributeError: 'NetworkToolsWindow' object has no attribute 'setCentralWidget'">self = &lt;test_network_gui_2025-08-28.TestNetworkToolsWindow object at 0x0000018E8E03E490&gt;
qapp = &lt;PyQt5.QtWidgets.QApplication object at 0x0000018E8DB83800&gt;
mock_network_tools = {'bandwidth_monitor': &lt;MagicMock name='BandwidthMonitor' id='1711780822192'&gt;, 'lan_transfer': &lt;MagicMock name='LANFile...&lt;MagicMock name='PortScanner' id='1711780822528'&gt;, 'wifi_analyzer': &lt;MagicMock name='WiFiAnalyzer' id='1711780815472'&gt;}

    def test_create_tabs(self, qapp, mock_network_tools):
        """Test tab creation."""
        if not TARGET_MODULE_AVAILABLE:
            pytest.skip("Target module not available")
    
        with patch('utilities.network.gui.StandardWindow', QWidget):
&gt;           window = NetworkToolsWindow()
                     ^^^^^^^^^^^^^^^^^^^^

test_network_gui_2025-08-28.py:595: 
_ _ _ _ _ _ _ _ _ _ _ _ _ _ _ _ _ _ _ _ _ _ _ _ _ _ _ _ _ _ _ _ _ _ _ _ 
..\..\..\src\utilities\network\gui.py:355: in __init__
    self.init_ui()
_ _ _ _ _ _ _ _ _ _ _ _ _ _ _ _ _ _ _ _ _ _ _ _ _ _ _ _ _ _ _ _ _ _ _ _ 

self = &lt;utilities.network.gui.NetworkToolsWindow object at 0x0000018E8E0CD6D0&gt;

    def init_ui(self):
        """Initialize the user interface."""
        central_widget = QWidget()
&gt;       self.setCentralWidget(central_widget)
        ^^^^^^^^^^^^^^^^^^^^^
E       AttributeError: 'NetworkToolsWindow' object has no attribute 'setCentralWidget'

..\..\..\src\utilities\network\gui.py:361: AttributeError</failure></testcase><testcase classname="test_network_gui_2025-08-28.TestNetworkToolsWindow" name="test_control_panel_creation" time="0.007"><failure message="AttributeError: 'NetworkToolsWindow' object has no attribute 'setCentralWidget'">self = &lt;test_network_gui_2025-08-28.TestNetworkToolsWindow object at 0x0000018E8DFF76F0&gt;
qapp = &lt;PyQt5.QtWidgets.QApplication object at 0x0000018E8DB83800&gt;
mock_network_tools = {'bandwidth_monitor': &lt;MagicMock name='BandwidthMonitor' id='1711780819840'&gt;, 'lan_transfer': &lt;MagicMock name='LANFile...&lt;MagicMock name='PortScanner' id='1711780816816'&gt;, 'wifi_analyzer': &lt;MagicMock name='WiFiAnalyzer' id='1711780813120'&gt;}

    def test_control_panel_creation(self, qapp, mock_network_tools):
        """Test control panel creation."""
        if not TARGET_MODULE_AVAILABLE:
            pytest.skip("Target module not available")
    
        with patch('utilities.network.gui.StandardWindow', QWidget):
&gt;           window = NetworkToolsWindow()
                     ^^^^^^^^^^^^^^^^^^^^

test_network_gui_2025-08-28.py:616: 
_ _ _ _ _ _ _ _ _ _ _ _ _ _ _ _ _ _ _ _ _ _ _ _ _ _ _ _ _ _ _ _ _ _ _ _ 
..\..\..\src\utilities\network\gui.py:355: in __init__
    self.init_ui()
_ _ _ _ _ _ _ _ _ _ _ _ _ _ _ _ _ _ _ _ _ _ _ _ _ _ _ _ _ _ _ _ _ _ _ _ 

self = &lt;utilities.network.gui.NetworkToolsWindow object at 0x0000018E8E0CFC80&gt;

    def init_ui(self):
        """Initialize the user interface."""
        central_widget = QWidget()
&gt;       self.setCentralWidget(central_widget)
        ^^^^^^^^^^^^^^^^^^^^^
E       AttributeError: 'NetworkToolsWindow' object has no attribute 'setCentralWidget'

..\..\..\src\utilities\network\gui.py:361: AttributeError</failure></testcase><testcase classname="test_network_gui_2025-08-28.TestNetworkToolsWindow" name="test_start_port_scan_valid_input" time="0.008"><failure message="AttributeError: 'NetworkToolsWindow' object has no attribute 'setCentralWidget'">self = &lt;test_network_gui_2025-08-28.TestNetworkToolsWindow object at 0x0000018E8DFF6FD0&gt;
qapp = &lt;PyQt5.QtWidgets.QApplication object at 0x0000018E8DB83800&gt;
mock_network_tools = {'bandwidth_monitor': &lt;MagicMock name='BandwidthMonitor' id='1711780812448'&gt;, 'lan_transfer': &lt;MagicMock name='LANFile...&lt;MagicMock name='PortScanner' id='1711780809088'&gt;, 'wifi_analyzer': &lt;MagicMock name='WiFiAnalyzer' id='1711780808752'&gt;}

    def test_start_port_scan_valid_input(self, qapp, mock_network_tools):
        """Test starting port scan with valid input."""
        if not TARGET_MODULE_AVAILABLE:
            pytest.skip("Target module not available")
    
        with patch('utilities.network.gui.StandardWindow', QWidget):
&gt;           window = NetworkToolsWindow()
                     ^^^^^^^^^^^^^^^^^^^^

test_network_gui_2025-08-28.py:631: 
_ _ _ _ _ _ _ _ _ _ _ _ _ _ _ _ _ _ _ _ _ _ _ _ _ _ _ _ _ _ _ _ _ _ _ _ 
..\..\..\src\utilities\network\gui.py:355: in __init__
    self.init_ui()
_ _ _ _ _ _ _ _ _ _ _ _ _ _ _ _ _ _ _ _ _ _ _ _ _ _ _ _ _ _ _ _ _ _ _ _ 

self = &lt;utilities.network.gui.NetworkToolsWindow object at 0x0000018E8E0CFDA0&gt;

    def init_ui(self):
        """Initialize the user interface."""
        central_widget = QWidget()
&gt;       self.setCentralWidget(central_widget)
        ^^^^^^^^^^^^^^^^^^^^^
E       AttributeError: 'NetworkToolsWindow' object has no attribute 'setCentralWidget'

..\..\..\src\utilities\network\gui.py:361: AttributeError</failure></testcase><testcase classname="test_network_gui_2025-08-28.TestNetworkToolsWindow" name="test_start_port_scan_invalid_target" time="0.008"><failure message="AttributeError: 'NetworkToolsWindow' object has no attribute 'setCentralWidget'">self = &lt;test_network_gui_2025-08-28.TestNetworkToolsWindow object at 0x0000018E8E0B1910&gt;
qapp = &lt;PyQt5.QtWidgets.QApplication object at 0x0000018E8DB83800&gt;
mock_network_tools = {'bandwidth_monitor': &lt;MagicMock name='BandwidthMonitor' id='1711780811104'&gt;, 'lan_transfer': &lt;MagicMock name='LANFile...&lt;MagicMock name='PortScanner' id='1711780810432'&gt;, 'wifi_analyzer': &lt;MagicMock name='WiFiAnalyzer' id='1711780810096'&gt;}

    def test_start_port_scan_invalid_target(self, qapp, mock_network_tools):
        """Test starting port scan with invalid target."""
        if not TARGET_MODULE_AVAILABLE:
            pytest.skip("Target module not available")
    
        with patch('utilities.network.gui.StandardWindow', QWidget):
&gt;           window = NetworkToolsWindow()
                     ^^^^^^^^^^^^^^^^^^^^

test_network_gui_2025-08-28.py:652: 
_ _ _ _ _ _ _ _ _ _ _ _ _ _ _ _ _ _ _ _ _ _ _ _ _ _ _ _ _ _ _ _ _ _ _ _ 
..\..\..\src\utilities\network\gui.py:355: in __init__
    self.init_ui()
_ _ _ _ _ _ _ _ _ _ _ _ _ _ _ _ _ _ _ _ _ _ _ _ _ _ _ _ _ _ _ _ _ _ _ _ 

self = &lt;utilities.network.gui.NetworkToolsWindow object at 0x0000018E8E0CD760&gt;

    def init_ui(self):
        """Initialize the user interface."""
        central_widget = QWidget()
&gt;       self.setCentralWidget(central_widget)
        ^^^^^^^^^^^^^^^^^^^^^
E       AttributeError: 'NetworkToolsWindow' object has no attribute 'setCentralWidget'

..\..\..\src\utilities\network\gui.py:361: AttributeError</failure></testcase><testcase classname="test_network_gui_2025-08-28.TestNetworkToolsWindow" name="test_start_port_scan_invalid_ports" time="0.008"><failure message="AttributeError: 'NetworkToolsWindow' object has no attribute 'setCentralWidget'">self = &lt;test_network_gui_2025-08-28.TestNetworkToolsWindow object at 0x0000018E8E049E10&gt;
qapp = &lt;PyQt5.QtWidgets.QApplication object at 0x0000018E8DB83800&gt;
mock_network_tools = {'bandwidth_monitor': &lt;MagicMock name='BandwidthMonitor' id='1711780454688'&gt;, 'lan_transfer': &lt;MagicMock name='LANFile...&lt;MagicMock name='PortScanner' id='1711780451328'&gt;, 'wifi_analyzer': &lt;MagicMock name='WiFiAnalyzer' id='1711780453344'&gt;}

    def test_start_port_scan_invalid_ports(self, qapp, mock_network_tools):
        """Test starting port scan with invalid ports."""
        if not TARGET_MODULE_AVAILABLE:
            pytest.skip("Target module not available")
    
        with patch('utilities.network.gui.StandardWindow', QWidget):
&gt;           window = NetworkToolsWindow()
                     ^^^^^^^^^^^^^^^^^^^^

test_network_gui_2025-08-28.py:667: 
_ _ _ _ _ _ _ _ _ _ _ _ _ _ _ _ _ _ _ _ _ _ _ _ _ _ _ _ _ _ _ _ _ _ _ _ 
..\..\..\src\utilities\network\gui.py:355: in __init__
    self.init_ui()
_ _ _ _ _ _ _ _ _ _ _ _ _ _ _ _ _ _ _ _ _ _ _ _ _ _ _ _ _ _ _ _ _ _ _ _ 

self = &lt;utilities.network.gui.NetworkToolsWindow object at 0x0000018E8E0CFD10&gt;

    def init_ui(self):
        """Initialize the user interface."""
        central_widget = QWidget()
&gt;       self.setCentralWidget(central_widget)
        ^^^^^^^^^^^^^^^^^^^^^
E       AttributeError: 'NetworkToolsWindow' object has no attribute 'setCentralWidget'

..\..\..\src\utilities\network\gui.py:361: AttributeError</failure></testcase><testcase classname="test_network_gui_2025-08-28.TestNetworkToolsWindow" name="test_start_bandwidth_monitor" time="0.005"><failure message="AttributeError: 'NetworkToolsWindow' object has no attribute 'setCentralWidget'">self = &lt;test_network_gui_2025-08-28.TestNetworkToolsWindow object at 0x0000018E8E049F20&gt;
qapp = &lt;PyQt5.QtWidgets.QApplication object at 0x0000018E8DB83800&gt;
mock_network_tools = {'bandwidth_monitor': &lt;MagicMock name='BandwidthMonitor' id='1711780811104'&gt;, 'lan_transfer': &lt;MagicMock name='LANFile...&lt;MagicMock name='PortScanner' id='1711780810096'&gt;, 'wifi_analyzer': &lt;MagicMock name='WiFiAnalyzer' id='1711780810432'&gt;}

    def test_start_bandwidth_monitor(self, qapp, mock_network_tools):
        """Test starting bandwidth monitor."""
        if not TARGET_MODULE_AVAILABLE:
            pytest.skip("Target module not available")
    
        with patch('utilities.network.gui.StandardWindow', QWidget):
&gt;           window = NetworkToolsWindow()
                     ^^^^^^^^^^^^^^^^^^^^

test_network_gui_2025-08-28.py:683: 
_ _ _ _ _ _ _ _ _ _ _ _ _ _ _ _ _ _ _ _ _ _ _ _ _ _ _ _ _ _ _ _ _ _ _ _ 
..\..\..\src\utilities\network\gui.py:355: in __init__
    self.init_ui()
_ _ _ _ _ _ _ _ _ _ _ _ _ _ _ _ _ _ _ _ _ _ _ _ _ _ _ _ _ _ _ _ _ _ _ _ 

self = &lt;utilities.network.gui.NetworkToolsWindow object at 0x0000018E8E0CFE30&gt;

    def init_ui(self):
        """Initialize the user interface."""
        central_widget = QWidget()
&gt;       self.setCentralWidget(central_widget)
        ^^^^^^^^^^^^^^^^^^^^^
E       AttributeError: 'NetworkToolsWindow' object has no attribute 'setCentralWidget'

..\..\..\src\utilities\network\gui.py:361: AttributeError</failure></testcase><testcase classname="test_network_gui_2025-08-28.TestNetworkToolsWindow" name="test_start_network_discovery_valid" time="0.008"><failure message="AttributeError: 'NetworkToolsWindow' object has no attribute 'setCentralWidget'">self = &lt;test_network_gui_2025-08-28.TestNetworkToolsWindow object at 0x0000018E8DE0EA50&gt;
qapp = &lt;PyQt5.QtWidgets.QApplication object at 0x0000018E8DB83800&gt;
mock_network_tools = {'bandwidth_monitor': &lt;MagicMock name='BandwidthMonitor' id='1711780809760'&gt;, 'lan_transfer': &lt;MagicMock name='LANFile...&lt;MagicMock name='PortScanner' id='1711780808416'&gt;, 'wifi_analyzer': &lt;MagicMock name='WiFiAnalyzer' id='1711780812112'&gt;}

    def test_start_network_discovery_valid(self, qapp, mock_network_tools):
        """Test starting network discovery with valid input."""
        if not TARGET_MODULE_AVAILABLE:
            pytest.skip("Target module not available")
    
        with patch('utilities.network.gui.StandardWindow', QWidget):
&gt;           window = NetworkToolsWindow()
                     ^^^^^^^^^^^^^^^^^^^^

test_network_gui_2025-08-28.py:704: 
_ _ _ _ _ _ _ _ _ _ _ _ _ _ _ _ _ _ _ _ _ _ _ _ _ _ _ _ _ _ _ _ _ _ _ _ 
..\..\..\src\utilities\network\gui.py:355: in __init__
    self.init_ui()
_ _ _ _ _ _ _ _ _ _ _ _ _ _ _ _ _ _ _ _ _ _ _ _ _ _ _ _ _ _ _ _ _ _ _ _ 

self = &lt;utilities.network.gui.NetworkToolsWindow object at 0x0000018E8E0CD6D0&gt;

    def init_ui(self):
        """Initialize the user interface."""
        central_widget = QWidget()
&gt;       self.setCentralWidget(central_widget)
        ^^^^^^^^^^^^^^^^^^^^^
E       AttributeError: 'NetworkToolsWindow' object has no attribute 'setCentralWidget'

..\..\..\src\utilities\network\gui.py:361: AttributeError</failure></testcase><testcase classname="test_network_gui_2025-08-28.TestNetworkToolsWindow" name="test_start_network_discovery_invalid" time="0.028"><failure message="AttributeError: 'NetworkToolsWindow' object has no attribute 'setCentralWidget'">self = &lt;test_network_gui_2025-08-28.TestNetworkToolsWindow object at 0x0000018E8E0B4150&gt;
qapp = &lt;PyQt5.QtWidgets.QApplication object at 0x0000018E8DB83800&gt;
mock_network_tools = {'bandwidth_monitor': &lt;MagicMock name='BandwidthMonitor' id='1711780809088'&gt;, 'lan_transfer': &lt;MagicMock name='LANFile...&lt;MagicMock name='PortScanner' id='1711780813792'&gt;, 'wifi_analyzer': &lt;MagicMock name='WiFiAnalyzer' id='1711780814128'&gt;}

    def test_start_network_discovery_invalid(self, qapp, mock_network_tools):
        """Test starting network discovery with invalid input."""
        if not TARGET_MODULE_AVAILABLE:
            pytest.skip("Target module not available")
    
        with patch('utilities.network.gui.StandardWindow', QWidget):
&gt;           window = NetworkToolsWindow()
                     ^^^^^^^^^^^^^^^^^^^^

test_network_gui_2025-08-28.py:722: 
_ _ _ _ _ _ _ _ _ _ _ _ _ _ _ _ _ _ _ _ _ _ _ _ _ _ _ _ _ _ _ _ _ _ _ _ 
..\..\..\src\utilities\network\gui.py:355: in __init__
    self.init_ui()
_ _ _ _ _ _ _ _ _ _ _ _ _ _ _ _ _ _ _ _ _ _ _ _ _ _ _ _ _ _ _ _ _ _ _ _ 

self = &lt;utilities.network.gui.NetworkToolsWindow object at 0x0000018E8E0CF770&gt;

    def init_ui(self):
        """Initialize the user interface."""
        central_widget = QWidget()
&gt;       self.setCentralWidget(central_widget)
        ^^^^^^^^^^^^^^^^^^^^^
E       AttributeError: 'NetworkToolsWindow' object has no attribute 'setCentralWidget'

..\..\..\src\utilities\network\gui.py:361: AttributeError</failure></testcase><testcase classname="test_network_gui_2025-08-28.TestNetworkToolsWindow" name="test_start_connectivity_test_valid" time="0.016"><failure message="AttributeError: 'NetworkToolsWindow' object has no attribute 'setCentralWidget'">self = &lt;test_network_gui_2025-08-28.TestNetworkToolsWindow object at 0x0000018E8E0686E0&gt;
qapp = &lt;PyQt5.QtWidgets.QApplication object at 0x0000018E8DB83800&gt;
mock_network_tools = {'bandwidth_monitor': &lt;MagicMock name='BandwidthMonitor' id='1711780816816'&gt;, 'lan_transfer': &lt;MagicMock name='LANFile...&lt;MagicMock name='PortScanner' id='1711780812784'&gt;, 'wifi_analyzer': &lt;MagicMock name='WiFiAnalyzer' id='1711780815136'&gt;}

    def test_start_connectivity_test_valid(self, qapp, mock_network_tools):
        """Test starting connectivity test with valid input."""
        if not TARGET_MODULE_AVAILABLE:
            pytest.skip("Target module not available")
    
        with patch('utilities.network.gui.StandardWindow', QWidget):
&gt;           window = NetworkToolsWindow()
                     ^^^^^^^^^^^^^^^^^^^^

test_network_gui_2025-08-28.py:736: 
_ _ _ _ _ _ _ _ _ _ _ _ _ _ _ _ _ _ _ _ _ _ _ _ _ _ _ _ _ _ _ _ _ _ _ _ 
..\..\..\src\utilities\network\gui.py:355: in __init__
    self.init_ui()
_ _ _ _ _ _ _ _ _ _ _ _ _ _ _ _ _ _ _ _ _ _ _ _ _ _ _ _ _ _ _ _ _ _ _ _ 

self = &lt;utilities.network.gui.NetworkToolsWindow object at 0x0000018E8F878440&gt;

    def init_ui(self):
        """Initialize the user interface."""
        central_widget = QWidget()
&gt;       self.setCentralWidget(central_widget)
        ^^^^^^^^^^^^^^^^^^^^^
E       AttributeError: 'NetworkToolsWindow' object has no attribute 'setCentralWidget'

..\..\..\src\utilities\network\gui.py:361: AttributeError</failure></testcase><testcase classname="test_network_gui_2025-08-28.TestNetworkToolsWindow" name="test_start_connectivity_test_invalid" time="0.017"><failure message="AttributeError: 'NetworkToolsWindow' object has no attribute 'setCentralWidget'">self = &lt;test_network_gui_2025-08-28.TestNetworkToolsWindow object at 0x0000018E8E068AA0&gt;
qapp = &lt;PyQt5.QtWidgets.QApplication object at 0x0000018E8DB83800&gt;
mock_network_tools = {'bandwidth_monitor': &lt;MagicMock name='BandwidthMonitor' id='1711780457712'&gt;, 'lan_transfer': &lt;MagicMock name='LANFile...&lt;MagicMock name='PortScanner' id='1711780448976'&gt;, 'wifi_analyzer': &lt;MagicMock name='WiFiAnalyzer' id='1711780451664'&gt;}

    def test_start_connectivity_test_invalid(self, qapp, mock_network_tools):
        """Test starting connectivity test with invalid input."""
        if not TARGET_MODULE_AVAILABLE:
            pytest.skip("Target module not available")
    
        with patch('utilities.network.gui.StandardWindow', QWidget):
&gt;           window = NetworkToolsWindow()
                     ^^^^^^^^^^^^^^^^^^^^

test_network_gui_2025-08-28.py:754: 
_ _ _ _ _ _ _ _ _ _ _ _ _ _ _ _ _ _ _ _ _ _ _ _ _ _ _ _ _ _ _ _ _ _ _ _ 
..\..\..\src\utilities\network\gui.py:355: in __init__
    self.init_ui()
_ _ _ _ _ _ _ _ _ _ _ _ _ _ _ _ _ _ _ _ _ _ _ _ _ _ _ _ _ _ _ _ _ _ _ _ 

self = &lt;utilities.network.gui.NetworkToolsWindow object at 0x0000018E8F878680&gt;

    def init_ui(self):
        """Initialize the user interface."""
        central_widget = QWidget()
&gt;       self.setCentralWidget(central_widget)
        ^^^^^^^^^^^^^^^^^^^^^
E       AttributeError: 'NetworkToolsWindow' object has no attribute 'setCentralWidget'

..\..\..\src\utilities\network\gui.py:361: AttributeError</failure></testcase><testcase classname="test_network_gui_2025-08-28.TestNetworkToolsWindow" name="test_start_wifi_scan" time="0.012"><failure message="AttributeError: 'NetworkToolsWindow' object has no attribute 'setCentralWidget'">self = &lt;test_network_gui_2025-08-28.TestNetworkToolsWindow object at 0x0000018E8E0B9630&gt;
qapp = &lt;PyQt5.QtWidgets.QApplication object at 0x0000018E8DB83800&gt;
mock_network_tools = {'bandwidth_monitor': &lt;MagicMock name='BandwidthMonitor' id='1711780454352'&gt;, 'lan_transfer': &lt;MagicMock name='LANFile...&lt;MagicMock name='PortScanner' id='1711780453008'&gt;, 'wifi_analyzer': &lt;MagicMock name='WiFiAnalyzer' id='1711780461072'&gt;}

    def test_start_wifi_scan(self, qapp, mock_network_tools):
        """Test starting WiFi scan."""
        if not TARGET_MODULE_AVAILABLE:
            pytest.skip("Target module not available")
    
        with patch('utilities.network.gui.StandardWindow', QWidget):
&gt;           window = NetworkToolsWindow()
                     ^^^^^^^^^^^^^^^^^^^^

test_network_gui_2025-08-28.py:768: 
_ _ _ _ _ _ _ _ _ _ _ _ _ _ _ _ _ _ _ _ _ _ _ _ _ _ _ _ _ _ _ _ _ _ _ _ 
..\..\..\src\utilities\network\gui.py:355: in __init__
    self.init_ui()
_ _ _ _ _ _ _ _ _ _ _ _ _ _ _ _ _ _ _ _ _ _ _ _ _ _ _ _ _ _ _ _ _ _ _ _ 

self = &lt;utilities.network.gui.NetworkToolsWindow object at 0x0000018E8F878710&gt;

    def init_ui(self):
        """Initialize the user interface."""
        central_widget = QWidget()
&gt;       self.setCentralWidget(central_widget)
        ^^^^^^^^^^^^^^^^^^^^^
E       AttributeError: 'NetworkToolsWindow' object has no attribute 'setCentralWidget'

..\..\..\src\utilities\network\gui.py:361: AttributeError</failure></testcase><testcase classname="test_network_gui_2025-08-28.TestNetworkToolsWindow" name="test_start_operation_already_running" time="0.012"><failure message="AttributeError: 'NetworkToolsWindow' object has no attribute 'setCentralWidget'">self = &lt;test_network_gui_2025-08-28.TestNetworkToolsWindow object at 0x0000018E8E0B98D0&gt;
qapp = &lt;PyQt5.QtWidgets.QApplication object at 0x0000018E8DB83800&gt;
mock_network_tools = {'bandwidth_monitor': &lt;MagicMock name='BandwidthMonitor' id='1711780816816'&gt;, 'lan_transfer': &lt;MagicMock name='LANFile...&lt;MagicMock name='PortScanner' id='1711780815136'&gt;, 'wifi_analyzer': &lt;MagicMock name='WiFiAnalyzer' id='1711780812784'&gt;}

    def test_start_operation_already_running(self, qapp, mock_network_tools):
        """Test starting operation when one is already running."""
        if not TARGET_MODULE_AVAILABLE:
            pytest.skip("Target module not available")
    
        with patch('utilities.network.gui.StandardWindow', QWidget):
&gt;           window = NetworkToolsWindow()
                     ^^^^^^^^^^^^^^^^^^^^

test_network_gui_2025-08-28.py:786: 
_ _ _ _ _ _ _ _ _ _ _ _ _ _ _ _ _ _ _ _ _ _ _ _ _ _ _ _ _ _ _ _ _ _ _ _ 
..\..\..\src\utilities\network\gui.py:355: in __init__
    self.init_ui()
_ _ _ _ _ _ _ _ _ _ _ _ _ _ _ _ _ _ _ _ _ _ _ _ _ _ _ _ _ _ _ _ _ _ _ _ 

self = &lt;utilities.network.gui.NetworkToolsWindow object at 0x0000018E8E0CF770&gt;

    def init_ui(self):
        """Initialize the user interface."""
        central_widget = QWidget()
&gt;       self.setCentralWidget(central_widget)
        ^^^^^^^^^^^^^^^^^^^^^
E       AttributeError: 'NetworkToolsWindow' object has no attribute 'setCentralWidget'

..\..\..\src\utilities\network\gui.py:361: AttributeError</failure></testcase><testcase classname="test_network_gui_2025-08-28.TestNetworkToolsWindow" name="test_cancel_operation" time="0.035"><failure message="AttributeError: 'NetworkToolsWindow' object has no attribute 'setCentralWidget'">self = &lt;test_network_gui_2025-08-28.TestNetworkToolsWindow object at 0x0000018E8DFE7EE0&gt;
qapp = &lt;PyQt5.QtWidgets.QApplication object at 0x0000018E8DB83800&gt;
mock_network_tools = {'bandwidth_monitor': &lt;MagicMock name='BandwidthMonitor' id='1711780816144'&gt;, 'lan_transfer': &lt;MagicMock name='LANFile...&lt;MagicMock name='PortScanner' id='1711780822192'&gt;, 'wifi_analyzer': &lt;MagicMock name='WiFiAnalyzer' id='1711780815472'&gt;}

    def test_cancel_operation(self, qapp, mock_network_tools):
        """Test canceling operation."""
        if not TARGET_MODULE_AVAILABLE:
            pytest.skip("Target module not available")
    
        with patch('utilities.network.gui.StandardWindow', QWidget):
&gt;           window = NetworkToolsWindow()
                     ^^^^^^^^^^^^^^^^^^^^

test_network_gui_2025-08-28.py:803: 
_ _ _ _ _ _ _ _ _ _ _ _ _ _ _ _ _ _ _ _ _ _ _ _ _ _ _ _ _ _ _ _ _ _ _ _ 
..\..\..\src\utilities\network\gui.py:355: in __init__
    self.init_ui()
_ _ _ _ _ _ _ _ _ _ _ _ _ _ _ _ _ _ _ _ _ _ _ _ _ _ _ _ _ _ _ _ _ _ _ _ 

self = &lt;utilities.network.gui.NetworkToolsWindow object at 0x0000018E8E0CFC80&gt;

    def init_ui(self):
        """Initialize the user interface."""
        central_widget = QWidget()
&gt;       self.setCentralWidget(central_widget)
        ^^^^^^^^^^^^^^^^^^^^^
E       AttributeError: 'NetworkToolsWindow' object has no attribute 'setCentralWidget'

..\..\..\src\utilities\network\gui.py:361: AttributeError</failure></testcase><testcase classname="test_network_gui_2025-08-28.TestNetworkToolsWindow" name="test_on_progress_updated" time="0.018"><failure message="AttributeError: 'NetworkToolsWindow' object has no attribute 'setCentralWidget'">self = &lt;test_network_gui_2025-08-28.TestNetworkToolsWindow object at 0x0000018E8DFFDB50&gt;
qapp = &lt;PyQt5.QtWidgets.QApplication object at 0x0000018E8DB83800&gt;
mock_network_tools = {'bandwidth_monitor': &lt;MagicMock name='BandwidthMonitor' id='1711780813792'&gt;, 'lan_transfer': &lt;MagicMock name='LANFile...&lt;MagicMock name='PortScanner' id='1711780819840'&gt;, 'wifi_analyzer': &lt;MagicMock name='WiFiAnalyzer' id='1711780813120'&gt;}

    def test_on_progress_updated(self, qapp, mock_network_tools):
        """Test progress update handling."""
        if not TARGET_MODULE_AVAILABLE:
            pytest.skip("Target module not available")
    
        with patch('utilities.network.gui.StandardWindow', QWidget):
&gt;           window = NetworkToolsWindow()
                     ^^^^^^^^^^^^^^^^^^^^

test_network_gui_2025-08-28.py:822: 
_ _ _ _ _ _ _ _ _ _ _ _ _ _ _ _ _ _ _ _ _ _ _ _ _ _ _ _ _ _ _ _ _ _ _ _ 
..\..\..\src\utilities\network\gui.py:355: in __init__
    self.init_ui()
_ _ _ _ _ _ _ _ _ _ _ _ _ _ _ _ _ _ _ _ _ _ _ _ _ _ _ _ _ _ _ _ _ _ _ _ 

self = &lt;utilities.network.gui.NetworkToolsWindow object at 0x0000018E8E0CFAD0&gt;

    def init_ui(self):
        """Initialize the user interface."""
        central_widget = QWidget()
&gt;       self.setCentralWidget(central_widget)
        ^^^^^^^^^^^^^^^^^^^^^
E       AttributeError: 'NetworkToolsWindow' object has no attribute 'setCentralWidget'

..\..\..\src\utilities\network\gui.py:361: AttributeError</failure></testcase><testcase classname="test_network_gui_2025-08-28.TestNetworkToolsWindow" name="test_on_scan_result_port_scan" time="0.013"><failure message="AttributeError: 'NetworkToolsWindow' object has no attribute 'setCentralWidget'">self = &lt;test_network_gui_2025-08-28.TestNetworkToolsWindow object at 0x0000018E8DFFDC10&gt;
qapp = &lt;PyQt5.QtWidgets.QApplication object at 0x0000018E8DB83800&gt;
mock_network_tools = {'bandwidth_monitor': &lt;MagicMock name='BandwidthMonitor' id='1711780808416'&gt;, 'lan_transfer': &lt;MagicMock name='LANFile...&lt;MagicMock name='PortScanner' id='1711780812448'&gt;, 'wifi_analyzer': &lt;MagicMock name='WiFiAnalyzer' id='1711780808752'&gt;}
sample_network_data = {'bandwidth_data': {'download_speed': 1048576, 'timestamp': '2025-08-28T20:49:47.992405', 'total_download': 1073741824...tatus': 'alive'}, 'scan_result': {'banner': 'Apache/2.4.41', 'port': 80, 'service': 'HTTP', 'state': 'open', ...}, ...}

    def test_on_scan_result_port_scan(self, qapp, mock_network_tools, sample_network_data):
        """Test handling port scan results."""
        if not TARGET_MODULE_AVAILABLE:
            pytest.skip("Target module not available")
    
        with patch('utilities.network.gui.StandardWindow', QWidget):
&gt;           window = NetworkToolsWindow()
                     ^^^^^^^^^^^^^^^^^^^^

test_network_gui_2025-08-28.py:835: 
_ _ _ _ _ _ _ _ _ _ _ _ _ _ _ _ _ _ _ _ _ _ _ _ _ _ _ _ _ _ _ _ _ _ _ _ 
..\..\..\src\utilities\network\gui.py:355: in __init__
    self.init_ui()
_ _ _ _ _ _ _ _ _ _ _ _ _ _ _ _ _ _ _ _ _ _ _ _ _ _ _ _ _ _ _ _ _ _ _ _ 

self = &lt;utilities.network.gui.NetworkToolsWindow object at 0x0000018E8F8787A0&gt;

    def init_ui(self):
        """Initialize the user interface."""
        central_widget = QWidget()
&gt;       self.setCentralWidget(central_widget)
        ^^^^^^^^^^^^^^^^^^^^^
E       AttributeError: 'NetworkToolsWindow' object has no attribute 'setCentralWidget'

..\..\..\src\utilities\network\gui.py:361: AttributeError</failure></testcase><testcase classname="test_network_gui_2025-08-28.TestNetworkToolsWindow" name="test_on_scan_result_wifi_scan" time="0.016"><failure message="AttributeError: 'NetworkToolsWindow' object has no attribute 'setCentralWidget'">self = &lt;test_network_gui_2025-08-28.TestNetworkToolsWindow object at 0x0000018E8E00E2B0&gt;
qapp = &lt;PyQt5.QtWidgets.QApplication object at 0x0000018E8DB83800&gt;
mock_network_tools = {'bandwidth_monitor': &lt;MagicMock name='BandwidthMonitor' id='1711780457712'&gt;, 'lan_transfer': &lt;MagicMock name='LANFile...&lt;MagicMock name='PortScanner' id='1711780451664'&gt;, 'wifi_analyzer': &lt;MagicMock name='WiFiAnalyzer' id='1711780448976'&gt;}
sample_network_data = {'bandwidth_data': {'download_speed': 1048576, 'timestamp': '2025-08-28T20:49:48.915083', 'total_download': 1073741824...tatus': 'alive'}, 'scan_result': {'banner': 'Apache/2.4.41', 'port': 80, 'service': 'HTTP', 'state': 'open', ...}, ...}

    def test_on_scan_result_wifi_scan(self, qapp, mock_network_tools, sample_network_data):
        """Test handling WiFi scan results."""
        if not TARGET_MODULE_AVAILABLE:
            pytest.skip("Target module not available")
    
        with patch('utilities.network.gui.StandardWindow', QWidget):
&gt;           window = NetworkToolsWindow()
                     ^^^^^^^^^^^^^^^^^^^^

test_network_gui_2025-08-28.py:847: 
_ _ _ _ _ _ _ _ _ _ _ _ _ _ _ _ _ _ _ _ _ _ _ _ _ _ _ _ _ _ _ _ _ _ _ _ 
..\..\..\src\utilities\network\gui.py:355: in __init__
    self.init_ui()
_ _ _ _ _ _ _ _ _ _ _ _ _ _ _ _ _ _ _ _ _ _ _ _ _ _ _ _ _ _ _ _ _ _ _ _ 

self = &lt;utilities.network.gui.NetworkToolsWindow object at 0x0000018E8F8785F0&gt;

    def init_ui(self):
        """Initialize the user interface."""
        central_widget = QWidget()
&gt;       self.setCentralWidget(central_widget)
        ^^^^^^^^^^^^^^^^^^^^^
E       AttributeError: 'NetworkToolsWindow' object has no attribute 'setCentralWidget'

..\..\..\src\utilities\network\gui.py:361: AttributeError</failure></testcase><testcase classname="test_network_gui_2025-08-28.TestNetworkToolsWindow" name="test_on_scan_result_host_discovery" time="0.024"><failure message="AttributeError: 'NetworkToolsWindow' object has no attribute 'setCentralWidget'">self = &lt;test_network_gui_2025-08-28.TestNetworkToolsWindow object at 0x0000018E8E00E570&gt;
qapp = &lt;PyQt5.QtWidgets.QApplication object at 0x0000018E8DB83800&gt;
mock_network_tools = {'bandwidth_monitor': &lt;MagicMock name='BandwidthMonitor' id='1711780452336'&gt;, 'lan_transfer': &lt;MagicMock name='LANFile...&lt;MagicMock name='PortScanner' id='1711780447968'&gt;, 'wifi_analyzer': &lt;MagicMock name='WiFiAnalyzer' id='1711780462080'&gt;}
sample_network_data = {'bandwidth_data': {'download_speed': 1048576, 'timestamp': '2025-08-28T20:49:50.283672', 'total_download': 1073741824...tatus': 'alive'}, 'scan_result': {'banner': 'Apache/2.4.41', 'port': 80, 'service': 'HTTP', 'state': 'open', ...}, ...}

    def test_on_scan_result_host_discovery(self, qapp, mock_network_tools, sample_network_data):
        """Test handling host discovery results."""
        if not TARGET_MODULE_AVAILABLE:
            pytest.skip("Target module not available")
    
        with patch('utilities.network.gui.StandardWindow', QWidget):
&gt;           window = NetworkToolsWindow()
                     ^^^^^^^^^^^^^^^^^^^^

test_network_gui_2025-08-28.py:859: 
_ _ _ _ _ _ _ _ _ _ _ _ _ _ _ _ _ _ _ _ _ _ _ _ _ _ _ _ _ _ _ _ _ _ _ _ 
..\..\..\src\utilities\network\gui.py:355: in __init__
    self.init_ui()
_ _ _ _ _ _ _ _ _ _ _ _ _ _ _ _ _ _ _ _ _ _ _ _ _ _ _ _ _ _ _ _ _ _ _ _ 

self = &lt;utilities.network.gui.NetworkToolsWindow object at 0x0000018E8F878320&gt;

    def init_ui(self):
        """Initialize the user interface."""
        central_widget = QWidget()
&gt;       self.setCentralWidget(central_widget)
        ^^^^^^^^^^^^^^^^^^^^^
E       AttributeError: 'NetworkToolsWindow' object has no attribute 'setCentralWidget'

..\..\..\src\utilities\network\gui.py:361: AttributeError</failure></testcase><testcase classname="test_network_gui_2025-08-28.TestNetworkToolsWindow" name="test_on_scan_result_connectivity_test" time="0.015"><failure message="AttributeError: 'NetworkToolsWindow' object has no attribute 'setCentralWidget'">self = &lt;test_network_gui_2025-08-28.TestNetworkToolsWindow object at 0x0000018E8E0831B0&gt;
qapp = &lt;PyQt5.QtWidgets.QApplication object at 0x0000018E8DB83800&gt;
mock_network_tools = {'bandwidth_monitor': &lt;MagicMock name='BandwidthMonitor' id='1711780808416'&gt;, 'lan_transfer': &lt;MagicMock name='LANFile...&lt;MagicMock name='PortScanner' id='1711780808752'&gt;, 'wifi_analyzer': &lt;MagicMock name='WiFiAnalyzer' id='1711780812448'&gt;}
sample_network_data = {'bandwidth_data': {'download_speed': 1048576, 'timestamp': '2025-08-28T20:49:51.767613', 'total_download': 1073741824...tatus': 'alive'}, 'scan_result': {'banner': 'Apache/2.4.41', 'port': 80, 'service': 'HTTP', 'state': 'open', ...}, ...}

    def test_on_scan_result_connectivity_test(self, qapp, mock_network_tools, sample_network_data):
        """Test handling connectivity test results."""
        if not TARGET_MODULE_AVAILABLE:
            pytest.skip("Target module not available")
    
        with patch('utilities.network.gui.StandardWindow', QWidget):
&gt;           window = NetworkToolsWindow()
                     ^^^^^^^^^^^^^^^^^^^^

test_network_gui_2025-08-28.py:871: 
_ _ _ _ _ _ _ _ _ _ _ _ _ _ _ _ _ _ _ _ _ _ _ _ _ _ _ _ _ _ _ _ _ _ _ _ 
..\..\..\src\utilities\network\gui.py:355: in __init__
    self.init_ui()
_ _ _ _ _ _ _ _ _ _ _ _ _ _ _ _ _ _ _ _ _ _ _ _ _ _ _ _ _ _ _ _ _ _ _ _ 

self = &lt;utilities.network.gui.NetworkToolsWindow object at 0x0000018E8E0CF770&gt;

    def init_ui(self):
        """Initialize the user interface."""
        central_widget = QWidget()
&gt;       self.setCentralWidget(central_widget)
        ^^^^^^^^^^^^^^^^^^^^^
E       AttributeError: 'NetworkToolsWindow' object has no attribute 'setCentralWidget'

..\..\..\src\utilities\network\gui.py:361: AttributeError</failure></testcase><testcase classname="test_network_gui_2025-08-28.TestNetworkToolsWindow" name="test_on_bandwidth_data" time="0.019"><failure message="AttributeError: 'NetworkToolsWindow' object has no attribute 'setCentralWidget'">self = &lt;test_network_gui_2025-08-28.TestNetworkToolsWindow object at 0x0000018E8E083430&gt;
qapp = &lt;PyQt5.QtWidgets.QApplication object at 0x0000018E8DB83800&gt;
mock_network_tools = {'bandwidth_monitor': &lt;MagicMock name='BandwidthMonitor' id='1711780811776'&gt;, 'lan_transfer': &lt;MagicMock name='LANFile...&lt;MagicMock name='PortScanner' id='1711780811104'&gt;, 'wifi_analyzer': &lt;MagicMock name='WiFiAnalyzer' id='1711780810432'&gt;}
sample_network_data = {'bandwidth_data': {'download_speed': 1048576, 'timestamp': '2025-08-28T20:49:52.951157', 'total_download': 1073741824...tatus': 'alive'}, 'scan_result': {'banner': 'Apache/2.4.41', 'port': 80, 'service': 'HTTP', 'state': 'open', ...}, ...}

    def test_on_bandwidth_data(self, qapp, mock_network_tools, sample_network_data):
        """Test handling bandwidth data."""
        if not TARGET_MODULE_AVAILABLE:
            pytest.skip("Target module not available")
    
        with patch('utilities.network.gui.StandardWindow', QWidget):
&gt;           window = NetworkToolsWindow()
                     ^^^^^^^^^^^^^^^^^^^^

test_network_gui_2025-08-28.py:883: 
_ _ _ _ _ _ _ _ _ _ _ _ _ _ _ _ _ _ _ _ _ _ _ _ _ _ _ _ _ _ _ _ _ _ _ _ 
..\..\..\src\utilities\network\gui.py:355: in __init__
    self.init_ui()
_ _ _ _ _ _ _ _ _ _ _ _ _ _ _ _ _ _ _ _ _ _ _ _ _ _ _ _ _ _ _ _ _ _ _ _ 

self = &lt;utilities.network.gui.NetworkToolsWindow object at 0x0000018E8F878440&gt;

    def init_ui(self):
        """Initialize the user interface."""
        central_widget = QWidget()
&gt;       self.setCentralWidget(central_widget)
        ^^^^^^^^^^^^^^^^^^^^^
E       AttributeError: 'NetworkToolsWindow' object has no attribute 'setCentralWidget'

..\..\..\src\utilities\network\gui.py:361: AttributeError</failure></testcase><testcase classname="test_network_gui_2025-08-28.TestNetworkToolsWindow" name="test_on_operation_completed_success" time="0.016"><failure message="AttributeError: 'NetworkToolsWindow' object has no attribute 'setCentralWidget'">self = &lt;test_network_gui_2025-08-28.TestNetworkToolsWindow object at 0x0000018E8E0CC3B0&gt;
qapp = &lt;PyQt5.QtWidgets.QApplication object at 0x0000018E8DB83800&gt;
mock_network_tools = {'bandwidth_monitor': &lt;MagicMock name='BandwidthMonitor' id='1711780819840'&gt;, 'lan_transfer': &lt;MagicMock name='LANFile...&lt;MagicMock name='PortScanner' id='1711780809760'&gt;, 'wifi_analyzer': &lt;MagicMock name='WiFiAnalyzer' id='1711780812112'&gt;}

    def test_on_operation_completed_success(self, qapp, mock_network_tools):
        """Test successful operation completion."""
        if not TARGET_MODULE_AVAILABLE:
            pytest.skip("Target module not available")
    
        with patch('utilities.network.gui.StandardWindow', QWidget):
&gt;           window = NetworkToolsWindow()
                     ^^^^^^^^^^^^^^^^^^^^

test_network_gui_2025-08-28.py:897: 
_ _ _ _ _ _ _ _ _ _ _ _ _ _ _ _ _ _ _ _ _ _ _ _ _ _ _ _ _ _ _ _ _ _ _ _ 
..\..\..\src\utilities\network\gui.py:355: in __init__
    self.init_ui()
_ _ _ _ _ _ _ _ _ _ _ _ _ _ _ _ _ _ _ _ _ _ _ _ _ _ _ _ _ _ _ _ _ _ _ _ 

self = &lt;utilities.network.gui.NetworkToolsWindow object at 0x0000018E8E0CD6D0&gt;

    def init_ui(self):
        """Initialize the user interface."""
        central_widget = QWidget()
&gt;       self.setCentralWidget(central_widget)
        ^^^^^^^^^^^^^^^^^^^^^
E       AttributeError: 'NetworkToolsWindow' object has no attribute 'setCentralWidget'

..\..\..\src\utilities\network\gui.py:361: AttributeError</failure></testcase><testcase classname="test_network_gui_2025-08-28.TestNetworkToolsWindow" name="test_on_operation_completed_failure" time="0.017"><failure message="AttributeError: 'NetworkToolsWindow' object has no attribute 'setCentralWidget'">self = &lt;test_network_gui_2025-08-28.TestNetworkToolsWindow object at 0x0000018E8E0C34D0&gt;
qapp = &lt;PyQt5.QtWidgets.QApplication object at 0x0000018E8DB83800&gt;
mock_network_tools = {'bandwidth_monitor': &lt;MagicMock name='BandwidthMonitor' id='1711780815136'&gt;, 'lan_transfer': &lt;MagicMock name='LANFile...&lt;MagicMock name='PortScanner' id='1711780814128'&gt;, 'wifi_analyzer': &lt;MagicMock name='WiFiAnalyzer' id='1711780814464'&gt;}

    def test_on_operation_completed_failure(self, qapp, mock_network_tools):
        """Test failed operation completion."""
        if not TARGET_MODULE_AVAILABLE:
            pytest.skip("Target module not available")
    
        with patch('utilities.network.gui.StandardWindow', QWidget):
&gt;           window = NetworkToolsWindow()
                     ^^^^^^^^^^^^^^^^^^^^

test_network_gui_2025-08-28.py:911: 
_ _ _ _ _ _ _ _ _ _ _ _ _ _ _ _ _ _ _ _ _ _ _ _ _ _ _ _ _ _ _ _ _ _ _ _ 
..\..\..\src\utilities\network\gui.py:355: in __init__
    self.init_ui()
_ _ _ _ _ _ _ _ _ _ _ _ _ _ _ _ _ _ _ _ _ _ _ _ _ _ _ _ _ _ _ _ _ _ _ _ 

self = &lt;utilities.network.gui.NetworkToolsWindow object at 0x0000018E8F878DD0&gt;

    def init_ui(self):
        """Initialize the user interface."""
        central_widget = QWidget()
&gt;       self.setCentralWidget(central_widget)
        ^^^^^^^^^^^^^^^^^^^^^
E       AttributeError: 'NetworkToolsWindow' object has no attribute 'setCentralWidget'

..\..\..\src\utilities\network\gui.py:361: AttributeError</failure></testcase><testcase classname="test_network_gui_2025-08-28.TestNetworkToolsWindow" name="test_on_error_occurred" time="0.014"><failure message="AttributeError: 'NetworkToolsWindow' object has no attribute 'setCentralWidget'">self = &lt;test_network_gui_2025-08-28.TestNetworkToolsWindow object at 0x0000018E8E0C3850&gt;
qapp = &lt;PyQt5.QtWidgets.QApplication object at 0x0000018E8DB83800&gt;
mock_network_tools = {'bandwidth_monitor': &lt;MagicMock name='BandwidthMonitor' id='1711780451664'&gt;, 'lan_transfer': &lt;MagicMock name='LANFile...&lt;MagicMock name='PortScanner' id='1711780457712'&gt;, 'wifi_analyzer': &lt;MagicMock name='WiFiAnalyzer' id='1711780449648'&gt;}

    def test_on_error_occurred(self, qapp, mock_network_tools):
        """Test error handling."""
        if not TARGET_MODULE_AVAILABLE:
            pytest.skip("Target module not available")
    
        with patch('utilities.network.gui.StandardWindow', QWidget):
&gt;           window = NetworkToolsWindow()
                     ^^^^^^^^^^^^^^^^^^^^

test_network_gui_2025-08-28.py:927: 
_ _ _ _ _ _ _ _ _ _ _ _ _ _ _ _ _ _ _ _ _ _ _ _ _ _ _ _ _ _ _ _ _ _ _ _ 
..\..\..\src\utilities\network\gui.py:355: in __init__
    self.init_ui()
_ _ _ _ _ _ _ _ _ _ _ _ _ _ _ _ _ _ _ _ _ _ _ _ _ _ _ _ _ _ _ _ _ _ _ _ 

self = &lt;utilities.network.gui.NetworkToolsWindow object at 0x0000018E8F8785F0&gt;

    def init_ui(self):
        """Initialize the user interface."""
        central_widget = QWidget()
&gt;       self.setCentralWidget(central_widget)
        ^^^^^^^^^^^^^^^^^^^^^
E       AttributeError: 'NetworkToolsWindow' object has no attribute 'setCentralWidget'

..\..\..\src\utilities\network\gui.py:361: AttributeError</failure></testcase><testcase classname="test_network_gui_2025-08-28.TestNetworkToolsWindow" name="test_on_operation_finished" time="0.022"><failure message="AttributeError: 'NetworkToolsWindow' object has no attribute 'setCentralWidget'">self = &lt;test_network_gui_2025-08-28.TestNetworkToolsWindow object at 0x0000018E8E0D44B0&gt;
qapp = &lt;PyQt5.QtWidgets.QApplication object at 0x0000018E8DB83800&gt;
mock_network_tools = {'bandwidth_monitor': &lt;MagicMock name='BandwidthMonitor' id='1711780457376'&gt;, 'lan_transfer': &lt;MagicMock name='LANFile...&lt;MagicMock name='PortScanner' id='1711780455024'&gt;, 'wifi_analyzer': &lt;MagicMock name='WiFiAnalyzer' id='1711780457040'&gt;}

    def test_on_operation_finished(self, qapp, mock_network_tools):
        """Test operation finished cleanup."""
        if not TARGET_MODULE_AVAILABLE:
            pytest.skip("Target module not available")
    
        with patch('utilities.network.gui.StandardWindow', QWidget):
&gt;           window = NetworkToolsWindow()
                     ^^^^^^^^^^^^^^^^^^^^

test_network_gui_2025-08-28.py:943: 
_ _ _ _ _ _ _ _ _ _ _ _ _ _ _ _ _ _ _ _ _ _ _ _ _ _ _ _ _ _ _ _ _ _ _ _ 
..\..\..\src\utilities\network\gui.py:355: in __init__
    self.init_ui()
_ _ _ _ _ _ _ _ _ _ _ _ _ _ _ _ _ _ _ _ _ _ _ _ _ _ _ _ _ _ _ _ _ _ _ _ 

self = &lt;utilities.network.gui.NetworkToolsWindow object at 0x0000018E8E0CFE30&gt;

    def init_ui(self):
        """Initialize the user interface."""
        central_widget = QWidget()
&gt;       self.setCentralWidget(central_widget)
        ^^^^^^^^^^^^^^^^^^^^^
E       AttributeError: 'NetworkToolsWindow' object has no attribute 'setCentralWidget'

..\..\..\src\utilities\network\gui.py:361: AttributeError</failure></testcase><testcase classname="test_network_gui_2025-08-28.TestNetworkToolsWindow" name="test_clear_results" time="0.012"><failure message="AttributeError: 'NetworkToolsWindow' object has no attribute 'setCentralWidget'">self = &lt;test_network_gui_2025-08-28.TestNetworkToolsWindow object at 0x0000018E8E0D46E0&gt;
qapp = &lt;PyQt5.QtWidgets.QApplication object at 0x0000018E8DB83800&gt;
mock_network_tools = {'bandwidth_monitor': &lt;MagicMock name='BandwidthMonitor' id='1711780451664'&gt;, 'lan_transfer': &lt;MagicMock name='LANFile...&lt;MagicMock name='PortScanner' id='1711780449648'&gt;, 'wifi_analyzer': &lt;MagicMock name='WiFiAnalyzer' id='1711780457712'&gt;}

    def test_clear_results(self, qapp, mock_network_tools):
        """Test clearing all results."""
        if not TARGET_MODULE_AVAILABLE:
            pytest.skip("Target module not available")
    
        with patch('utilities.network.gui.StandardWindow', QWidget):
&gt;           window = NetworkToolsWindow()
                     ^^^^^^^^^^^^^^^^^^^^

test_network_gui_2025-08-28.py:962: 
_ _ _ _ _ _ _ _ _ _ _ _ _ _ _ _ _ _ _ _ _ _ _ _ _ _ _ _ _ _ _ _ _ _ _ _ 
..\..\..\src\utilities\network\gui.py:355: in __init__
    self.init_ui()
_ _ _ _ _ _ _ _ _ _ _ _ _ _ _ _ _ _ _ _ _ _ _ _ _ _ _ _ _ _ _ _ _ _ _ _ 

self = &lt;utilities.network.gui.NetworkToolsWindow object at 0x0000018E8E0CD6D0&gt;

    def init_ui(self):
        """Initialize the user interface."""
        central_widget = QWidget()
&gt;       self.setCentralWidget(central_widget)
        ^^^^^^^^^^^^^^^^^^^^^
E       AttributeError: 'NetworkToolsWindow' object has no attribute 'setCentralWidget'

..\..\..\src\utilities\network\gui.py:361: AttributeError</failure></testcase><testcase classname="test_network_gui_2025-08-28.TestNetworkToolsWindow" name="test_clear_operation_results" time="0.016"><failure message="AttributeError: 'NetworkToolsWindow' object has no attribute 'setCentralWidget'">self = &lt;test_network_gui_2025-08-28.TestNetworkToolsWindow object at 0x0000018E8E0D01D0&gt;
qapp = &lt;PyQt5.QtWidgets.QApplication object at 0x0000018E8DB83800&gt;
mock_network_tools = {'bandwidth_monitor': &lt;MagicMock name='BandwidthMonitor' id='1711780816480'&gt;, 'lan_transfer': &lt;MagicMock name='LANFile...&lt;MagicMock name='PortScanner' id='1711780452000'&gt;, 'wifi_analyzer': &lt;MagicMock name='WiFiAnalyzer' id='1711780814464'&gt;}

    def test_clear_operation_results(self, qapp, mock_network_tools):
        """Test clearing results for specific operation."""
        if not TARGET_MODULE_AVAILABLE:
            pytest.skip("Target module not available")
    
        with patch('utilities.network.gui.StandardWindow', QWidget):
&gt;           window = NetworkToolsWindow()
                     ^^^^^^^^^^^^^^^^^^^^

test_network_gui_2025-08-28.py:986: 
_ _ _ _ _ _ _ _ _ _ _ _ _ _ _ _ _ _ _ _ _ _ _ _ _ _ _ _ _ _ _ _ _ _ _ _ 
..\..\..\src\utilities\network\gui.py:355: in __init__
    self.init_ui()
_ _ _ _ _ _ _ _ _ _ _ _ _ _ _ _ _ _ _ _ _ _ _ _ _ _ _ _ _ _ _ _ _ _ _ _ 

self = &lt;utilities.network.gui.NetworkToolsWindow object at 0x0000018E8F8791C0&gt;

    def init_ui(self):
        """Initialize the user interface."""
        central_widget = QWidget()
&gt;       self.setCentralWidget(central_widget)
        ^^^^^^^^^^^^^^^^^^^^^
E       AttributeError: 'NetworkToolsWindow' object has no attribute 'setCentralWidget'

..\..\..\src\utilities\network\gui.py:361: AttributeError</failure></testcase><testcase classname="test_network_gui_2025-08-28.TestNetworkToolsWindow" name="test_add_port_scan_result" time="0.016"><failure message="AttributeError: 'NetworkToolsWindow' object has no attribute 'setCentralWidget'">self = &lt;test_network_gui_2025-08-28.TestNetworkToolsWindow object at 0x0000018E8E0D0230&gt;
qapp = &lt;PyQt5.QtWidgets.QApplication object at 0x0000018E8DB83800&gt;
mock_network_tools = {'bandwidth_monitor': &lt;MagicMock name='BandwidthMonitor' id='1711780809760'&gt;, 'lan_transfer': &lt;MagicMock name='LANFile...&lt;MagicMock name='PortScanner' id='1711780819840'&gt;, 'wifi_analyzer': &lt;MagicMock name='WiFiAnalyzer' id='1711780822192'&gt;}
sample_network_data = {'bandwidth_data': {'download_speed': 1048576, 'timestamp': '2025-08-28T20:50:08.300234', 'total_download': 1073741824...tatus': 'alive'}, 'scan_result': {'banner': 'Apache/2.4.41', 'port': 80, 'service': 'HTTP', 'state': 'open', ...}, ...}

    def test_add_port_scan_result(self, qapp, mock_network_tools, sample_network_data):
        """Test adding port scan result to table."""
        if not TARGET_MODULE_AVAILABLE:
            pytest.skip("Target module not available")
    
        with patch('utilities.network.gui.StandardWindow', QWidget):
&gt;           window = NetworkToolsWindow()
                     ^^^^^^^^^^^^^^^^^^^^

test_network_gui_2025-08-28.py:1004: 
_ _ _ _ _ _ _ _ _ _ _ _ _ _ _ _ _ _ _ _ _ _ _ _ _ _ _ _ _ _ _ _ _ _ _ _ 
..\..\..\src\utilities\network\gui.py:355: in __init__
    self.init_ui()
_ _ _ _ _ _ _ _ _ _ _ _ _ _ _ _ _ _ _ _ _ _ _ _ _ _ _ _ _ _ _ _ _ _ _ _ 

self = &lt;utilities.network.gui.NetworkToolsWindow object at 0x0000018E8F8785F0&gt;

    def init_ui(self):
        """Initialize the user interface."""
        central_widget = QWidget()
&gt;       self.setCentralWidget(central_widget)
        ^^^^^^^^^^^^^^^^^^^^^
E       AttributeError: 'NetworkToolsWindow' object has no attribute 'setCentralWidget'

..\..\..\src\utilities\network\gui.py:361: AttributeError</failure></testcase><testcase classname="test_network_gui_2025-08-28.TestNetworkToolsWindow" name="test_add_wifi_result" time="0.017"><failure message="AttributeError: 'NetworkToolsWindow' object has no attribute 'setCentralWidget'">self = &lt;test_network_gui_2025-08-28.TestNetworkToolsWindow object at 0x0000018E8E097750&gt;
qapp = &lt;PyQt5.QtWidgets.QApplication object at 0x0000018E8DB83800&gt;
mock_network_tools = {'bandwidth_monitor': &lt;MagicMock name='BandwidthMonitor' id='1711780811776'&gt;, 'lan_transfer': &lt;MagicMock name='LANFile...&lt;MagicMock name='PortScanner' id='1711780810432'&gt;, 'wifi_analyzer': &lt;MagicMock name='WiFiAnalyzer' id='1711780811104'&gt;}
sample_network_data = {'bandwidth_data': {'download_speed': 1048576, 'timestamp': '2025-08-28T20:50:16.489953', 'total_download': 1073741824...tatus': 'alive'}, 'scan_result': {'banner': 'Apache/2.4.41', 'port': 80, 'service': 'HTTP', 'state': 'open', ...}, ...}

    def test_add_wifi_result(self, qapp, mock_network_tools, sample_network_data):
        """Test adding WiFi result to table."""
        if not TARGET_MODULE_AVAILABLE:
            pytest.skip("Target module not available")
    
        with patch('utilities.network.gui.StandardWindow', QWidget):
&gt;           window = NetworkToolsWindow()
                     ^^^^^^^^^^^^^^^^^^^^

test_network_gui_2025-08-28.py:1021: 
_ _ _ _ _ _ _ _ _ _ _ _ _ _ _ _ _ _ _ _ _ _ _ _ _ _ _ _ _ _ _ _ _ _ _ _ 
..\..\..\src\utilities\network\gui.py:355: in __init__
    self.init_ui()
_ _ _ _ _ _ _ _ _ _ _ _ _ _ _ _ _ _ _ _ _ _ _ _ _ _ _ _ _ _ _ _ _ _ _ _ 

self = &lt;utilities.network.gui.NetworkToolsWindow object at 0x0000018E8F879130&gt;

    def init_ui(self):
        """Initialize the user interface."""
        central_widget = QWidget()
&gt;       self.setCentralWidget(central_widget)
        ^^^^^^^^^^^^^^^^^^^^^
E       AttributeError: 'NetworkToolsWindow' object has no attribute 'setCentralWidget'

..\..\..\src\utilities\network\gui.py:361: AttributeError</failure></testcase><testcase classname="test_network_gui_2025-08-28.TestNetworkToolsWindow" name="test_add_host_result" time="0.012"><failure message="AttributeError: 'NetworkToolsWindow' object has no attribute 'setCentralWidget'">self = &lt;test_network_gui_2025-08-28.TestNetworkToolsWindow object at 0x0000018E8E0977F0&gt;
qapp = &lt;PyQt5.QtWidgets.QApplication object at 0x0000018E8DB83800&gt;
mock_network_tools = {'bandwidth_monitor': &lt;MagicMock name='BandwidthMonitor' id='1711780808416'&gt;, 'lan_transfer': &lt;MagicMock name='LANFile...&lt;MagicMock name='PortScanner' id='1711780812448'&gt;, 'wifi_analyzer': &lt;MagicMock name='WiFiAnalyzer' id='1711780808752'&gt;}
sample_network_data = {'bandwidth_data': {'download_speed': 1048576, 'timestamp': '2025-08-28T20:50:19.739743', 'total_download': 1073741824...tatus': 'alive'}, 'scan_result': {'banner': 'Apache/2.4.41', 'port': 80, 'service': 'HTTP', 'state': 'open', ...}, ...}

    def test_add_host_result(self, qapp, mock_network_tools, sample_network_data):
        """Test adding host discovery result to table."""
        if not TARGET_MODULE_AVAILABLE:
            pytest.skip("Target module not available")
    
        with patch('utilities.network.gui.StandardWindow', QWidget):
&gt;           window = NetworkToolsWindow()
                     ^^^^^^^^^^^^^^^^^^^^

test_network_gui_2025-08-28.py:1036: 
_ _ _ _ _ _ _ _ _ _ _ _ _ _ _ _ _ _ _ _ _ _ _ _ _ _ _ _ _ _ _ _ _ _ _ _ 
..\..\..\src\utilities\network\gui.py:355: in __init__
    self.init_ui()
_ _ _ _ _ _ _ _ _ _ _ _ _ _ _ _ _ _ _ _ _ _ _ _ _ _ _ _ _ _ _ _ _ _ _ _ 

self = &lt;utilities.network.gui.NetworkToolsWindow object at 0x0000018E8F879400&gt;

    def init_ui(self):
        """Initialize the user interface."""
        central_widget = QWidget()
&gt;       self.setCentralWidget(central_widget)
        ^^^^^^^^^^^^^^^^^^^^^
E       AttributeError: 'NetworkToolsWindow' object has no attribute 'setCentralWidget'

..\..\..\src\utilities\network\gui.py:361: AttributeError</failure></testcase><testcase classname="test_network_gui_2025-08-28.TestNetworkToolsWindow" name="test_add_connectivity_result" time="0.017"><failure message="AttributeError: 'NetworkToolsWindow' object has no attribute 'setCentralWidget'">self = &lt;test_network_gui_2025-08-28.TestNetworkToolsWindow object at 0x0000018E8E097890&gt;
qapp = &lt;PyQt5.QtWidgets.QApplication object at 0x0000018E8DB83800&gt;
mock_network_tools = {'bandwidth_monitor': &lt;MagicMock name='BandwidthMonitor' id='1711786494000'&gt;, 'lan_transfer': &lt;MagicMock name='LANFile...&lt;MagicMock name='PortScanner' id='1711786493664'&gt;, 'wifi_analyzer': &lt;MagicMock name='WiFiAnalyzer' id='1711786494336'&gt;}
sample_network_data = {'bandwidth_data': {'download_speed': 1048576, 'timestamp': '2025-08-28T20:50:22.487238', 'total_download': 1073741824...tatus': 'alive'}, 'scan_result': {'banner': 'Apache/2.4.41', 'port': 80, 'service': 'HTTP', 'state': 'open', ...}, ...}

    def test_add_connectivity_result(self, qapp, mock_network_tools, sample_network_data):
        """Test adding connectivity result to table."""
        if not TARGET_MODULE_AVAILABLE:
            pytest.skip("Target module not available")
    
        with patch('utilities.network.gui.StandardWindow', QWidget):
&gt;           window = NetworkToolsWindow()
                     ^^^^^^^^^^^^^^^^^^^^

test_network_gui_2025-08-28.py:1051: 
_ _ _ _ _ _ _ _ _ _ _ _ _ _ _ _ _ _ _ _ _ _ _ _ _ _ _ _ _ _ _ _ _ _ _ _ 
..\..\..\src\utilities\network\gui.py:355: in __init__
    self.init_ui()
_ _ _ _ _ _ _ _ _ _ _ _ _ _ _ _ _ _ _ _ _ _ _ _ _ _ _ _ _ _ _ _ _ _ _ _ 

self = &lt;utilities.network.gui.NetworkToolsWindow object at 0x0000018E8F8789E0&gt;

    def init_ui(self):
        """Initialize the user interface."""
        central_widget = QWidget()
&gt;       self.setCentralWidget(central_widget)
        ^^^^^^^^^^^^^^^^^^^^^
E       AttributeError: 'NetworkToolsWindow' object has no attribute 'setCentralWidget'

..\..\..\src\utilities\network\gui.py:361: AttributeError</failure></testcase><testcase classname="test_network_gui_2025-08-28.TestNetworkToolsWindow" name="test_export_results" time="0.054"><failure message="AttributeError: 'NetworkToolsWindow' object has no attribute 'setCentralWidget'">self = &lt;test_network_gui_2025-08-28.TestNetworkToolsWindow object at 0x0000018E8E097930&gt;
qapp = &lt;PyQt5.QtWidgets.QApplication object at 0x0000018E8DB83800&gt;
mock_network_tools = {'bandwidth_monitor': &lt;MagicMock name='BandwidthMonitor' id='1711780808416'&gt;, 'lan_transfer': &lt;MagicMock name='LANFile...&lt;MagicMock name='PortScanner' id='1711780808752'&gt;, 'wifi_analyzer': &lt;MagicMock name='WiFiAnalyzer' id='1711780812448'&gt;}
tmp_path = WindowsPath('C:/temp/pytest-of-richardi/pytest-1/test_export_results0')

    def test_export_results(self, qapp, mock_network_tools, tmp_path):
        """Test exporting results to file."""
        if not TARGET_MODULE_AVAILABLE:
            pytest.skip("Target module not available")
    
        with patch('utilities.network.gui.StandardWindow', QWidget):
&gt;           window = NetworkToolsWindow()
                     ^^^^^^^^^^^^^^^^^^^^

test_network_gui_2025-08-28.py:1066: 
_ _ _ _ _ _ _ _ _ _ _ _ _ _ _ _ _ _ _ _ _ _ _ _ _ _ _ _ _ _ _ _ _ _ _ _ 
..\..\..\src\utilities\network\gui.py:355: in __init__
    self.init_ui()
_ _ _ _ _ _ _ _ _ _ _ _ _ _ _ _ _ _ _ _ _ _ _ _ _ _ _ _ _ _ _ _ _ _ _ _ 

self = &lt;utilities.network.gui.NetworkToolsWindow object at 0x0000018E8F879400&gt;

    def init_ui(self):
        """Initialize the user interface."""
        central_widget = QWidget()
&gt;       self.setCentralWidget(central_widget)
        ^^^^^^^^^^^^^^^^^^^^^
E       AttributeError: 'NetworkToolsWindow' object has no attribute 'setCentralWidget'

..\..\..\src\utilities\network\gui.py:361: AttributeError</failure></testcase><testcase classname="test_network_gui_2025-08-28.TestNetworkToolsWindow" name="test_export_results_cancelled" time="0.018"><failure message="AttributeError: 'NetworkToolsWindow' object has no attribute 'setCentralWidget'">self = &lt;test_network_gui_2025-08-28.TestNetworkToolsWindow object at 0x0000018E8E097980&gt;
qapp = &lt;PyQt5.QtWidgets.QApplication object at 0x0000018E8DB83800&gt;
mock_network_tools = {'bandwidth_monitor': &lt;MagicMock name='BandwidthMonitor' id='1711780811776'&gt;, 'lan_transfer': &lt;MagicMock name='LANFile...&lt;MagicMock name='PortScanner' id='1711780822528'&gt;, 'wifi_analyzer': &lt;MagicMock name='WiFiAnalyzer' id='1711780810768'&gt;}

    def test_export_results_cancelled(self, qapp, mock_network_tools):
        """Test export cancelled by user."""
        if not TARGET_MODULE_AVAILABLE:
            pytest.skip("Target module not available")
    
        with patch('utilities.network.gui.StandardWindow', QWidget):
&gt;           window = NetworkToolsWindow()
                     ^^^^^^^^^^^^^^^^^^^^

test_network_gui_2025-08-28.py:1091: 
_ _ _ _ _ _ _ _ _ _ _ _ _ _ _ _ _ _ _ _ _ _ _ _ _ _ _ _ _ _ _ _ _ _ _ _ 
..\..\..\src\utilities\network\gui.py:355: in __init__
    self.init_ui()
_ _ _ _ _ _ _ _ _ _ _ _ _ _ _ _ _ _ _ _ _ _ _ _ _ _ _ _ _ _ _ _ _ _ _ _ 

self = &lt;utilities.network.gui.NetworkToolsWindow object at 0x0000018E8F879010&gt;

    def init_ui(self):
        """Initialize the user interface."""
        central_widget = QWidget()
&gt;       self.setCentralWidget(central_widget)
        ^^^^^^^^^^^^^^^^^^^^^
E       AttributeError: 'NetworkToolsWindow' object has no attribute 'setCentralWidget'

..\..\..\src\utilities\network\gui.py:361: AttributeError</failure></testcase><testcase classname="test_network_gui_2025-08-28.TestNetworkToolsWindow" name="test_export_results_error" time="0.021"><failure message="AttributeError: 'NetworkToolsWindow' object has no attribute 'setCentralWidget'">self = &lt;test_network_gui_2025-08-28.TestNetworkToolsWindow object at 0x0000018E8E097A20&gt;
qapp = &lt;PyQt5.QtWidgets.QApplication object at 0x0000018E8DB83800&gt;
mock_network_tools = {'bandwidth_monitor': &lt;MagicMock name='BandwidthMonitor' id='1711780819840'&gt;, 'lan_transfer': &lt;MagicMock name='LANFile...&lt;MagicMock name='PortScanner' id='1711780814800'&gt;, 'wifi_analyzer': &lt;MagicMock name='WiFiAnalyzer' id='1711780811440'&gt;}

    def test_export_results_error(self, qapp, mock_network_tools):
        """Test export error handling."""
        if not TARGET_MODULE_AVAILABLE:
            pytest.skip("Target module not available")
    
        with patch('utilities.network.gui.StandardWindow', QWidget):
&gt;           window = NetworkToolsWindow()
                     ^^^^^^^^^^^^^^^^^^^^

test_network_gui_2025-08-28.py:1106: 
_ _ _ _ _ _ _ _ _ _ _ _ _ _ _ _ _ _ _ _ _ _ _ _ _ _ _ _ _ _ _ _ _ _ _ _ 
..\..\..\src\utilities\network\gui.py:355: in __init__
    self.init_ui()
_ _ _ _ _ _ _ _ _ _ _ _ _ _ _ _ _ _ _ _ _ _ _ _ _ _ _ _ _ _ _ _ _ _ _ _ 

self = &lt;utilities.network.gui.NetworkToolsWindow object at 0x0000018E8F879760&gt;

    def init_ui(self):
        """Initialize the user interface."""
        central_widget = QWidget()
&gt;       self.setCentralWidget(central_widget)
        ^^^^^^^^^^^^^^^^^^^^^
E       AttributeError: 'NetworkToolsWindow' object has no attribute 'setCentralWidget'

..\..\..\src\utilities\network\gui.py:361: AttributeError</failure></testcase><testcase classname="test_network_gui_2025-08-28.TestNetworkToolsWindow" name="test_close_event_no_operation" time="0.013"><failure message="AttributeError: 'NetworkToolsWindow' object has no attribute 'setCentralWidget'">self = &lt;test_network_gui_2025-08-28.TestNetworkToolsWindow object at 0x0000018E8E097A70&gt;
qapp = &lt;PyQt5.QtWidgets.QApplication object at 0x0000018E8DB83800&gt;
mock_network_tools = {'bandwidth_monitor': &lt;MagicMock name='BandwidthMonitor' id='1711780806736'&gt;, 'lan_transfer': &lt;MagicMock name='LANFile...&lt;MagicMock name='PortScanner' id='1711780810096'&gt;, 'wifi_analyzer': &lt;MagicMock name='WiFiAnalyzer' id='1711780814128'&gt;}

    def test_close_event_no_operation(self, qapp, mock_network_tools):
        """Test close event when no operation is running."""
        if not TARGET_MODULE_AVAILABLE:
            pytest.skip("Target module not available")
    
        with patch('utilities.network.gui.StandardWindow', QWidget):
&gt;           window = NetworkToolsWindow()
                     ^^^^^^^^^^^^^^^^^^^^

test_network_gui_2025-08-28.py:1124: 
_ _ _ _ _ _ _ _ _ _ _ _ _ _ _ _ _ _ _ _ _ _ _ _ _ _ _ _ _ _ _ _ _ _ _ _ 
..\..\..\src\utilities\network\gui.py:355: in __init__
    self.init_ui()
_ _ _ _ _ _ _ _ _ _ _ _ _ _ _ _ _ _ _ _ _ _ _ _ _ _ _ _ _ _ _ _ _ _ _ _ 

self = &lt;utilities.network.gui.NetworkToolsWindow object at 0x0000018E8F8797F0&gt;

    def init_ui(self):
        """Initialize the user interface."""
        central_widget = QWidget()
&gt;       self.setCentralWidget(central_widget)
        ^^^^^^^^^^^^^^^^^^^^^
E       AttributeError: 'NetworkToolsWindow' object has no attribute 'setCentralWidget'

..\..\..\src\utilities\network\gui.py:361: AttributeError</failure></testcase><testcase classname="test_network_gui_2025-08-28.TestNetworkToolsWindow" name="test_close_event_with_operation_accept" time="0.018"><failure message="AttributeError: 'NetworkToolsWindow' object has no attribute 'setCentralWidget'">self = &lt;test_network_gui_2025-08-28.TestNetworkToolsWindow object at 0x0000018E8E097B10&gt;
qapp = &lt;PyQt5.QtWidgets.QApplication object at 0x0000018E8DB83800&gt;
mock_network_tools = {'bandwidth_monitor': &lt;MagicMock name='BandwidthMonitor' id='1711780448976'&gt;, 'lan_transfer': &lt;MagicMock name='LANFile...&lt;MagicMock name='PortScanner' id='1711780456704'&gt;, 'wifi_analyzer': &lt;MagicMock name='WiFiAnalyzer' id='1711780449984'&gt;}

    def test_close_event_with_operation_accept(self, qapp, mock_network_tools):
        """Test close event with running operation - user accepts."""
        if not TARGET_MODULE_AVAILABLE:
            pytest.skip("Target module not available")
    
        with patch('utilities.network.gui.StandardWindow', QWidget):
&gt;           window = NetworkToolsWindow()
                     ^^^^^^^^^^^^^^^^^^^^

test_network_gui_2025-08-28.py:1137: 
_ _ _ _ _ _ _ _ _ _ _ _ _ _ _ _ _ _ _ _ _ _ _ _ _ _ _ _ _ _ _ _ _ _ _ _ 
..\..\..\src\utilities\network\gui.py:355: in __init__
    self.init_ui()
_ _ _ _ _ _ _ _ _ _ _ _ _ _ _ _ _ _ _ _ _ _ _ _ _ _ _ _ _ _ _ _ _ _ _ _ 

self = &lt;utilities.network.gui.NetworkToolsWindow object at 0x0000018E8F879910&gt;

    def init_ui(self):
        """Initialize the user interface."""
        central_widget = QWidget()
&gt;       self.setCentralWidget(central_widget)
        ^^^^^^^^^^^^^^^^^^^^^
E       AttributeError: 'NetworkToolsWindow' object has no attribute 'setCentralWidget'

..\..\..\src\utilities\network\gui.py:361: AttributeError</failure></testcase><testcase classname="test_network_gui_2025-08-28.TestNetworkToolsWindow" name="test_close_event_with_operation_reject" time="0.015"><failure message="AttributeError: 'NetworkToolsWindow' object has no attribute 'setCentralWidget'">self = &lt;test_network_gui_2025-08-28.TestNetworkToolsWindow object at 0x0000018E8E097B60&gt;
qapp = &lt;PyQt5.QtWidgets.QApplication object at 0x0000018E8DB83800&gt;
mock_network_tools = {'bandwidth_monitor': &lt;MagicMock name='BandwidthMonitor' id='1711786497360'&gt;, 'lan_transfer': &lt;MagicMock name='LANFile...&lt;MagicMock name='PortScanner' id='1711786497024'&gt;, 'wifi_analyzer': &lt;MagicMock name='WiFiAnalyzer' id='1711786497696'&gt;}

    def test_close_event_with_operation_reject(self, qapp, mock_network_tools):
        """Test close event with running operation - user rejects."""
        if not TARGET_MODULE_AVAILABLE:
            pytest.skip("Target module not available")
    
        with patch('utilities.network.gui.StandardWindow', QWidget):
&gt;           window = NetworkToolsWindow()
                     ^^^^^^^^^^^^^^^^^^^^

test_network_gui_2025-08-28.py:1165: 
_ _ _ _ _ _ _ _ _ _ _ _ _ _ _ _ _ _ _ _ _ _ _ _ _ _ _ _ _ _ _ _ _ _ _ _ 
..\..\..\src\utilities\network\gui.py:355: in __init__
    self.init_ui()
_ _ _ _ _ _ _ _ _ _ _ _ _ _ _ _ _ _ _ _ _ _ _ _ _ _ _ _ _ _ _ _ _ _ _ _ 

self = &lt;utilities.network.gui.NetworkToolsWindow object at 0x0000018E8F879880&gt;

    def init_ui(self):
        """Initialize the user interface."""
        central_widget = QWidget()
&gt;       self.setCentralWidget(central_widget)
        ^^^^^^^^^^^^^^^^^^^^^
E       AttributeError: 'NetworkToolsWindow' object has no attribute 'setCentralWidget'

..\..\..\src\utilities\network\gui.py:361: AttributeError</failure></testcase><testcase classname="test_network_gui_2025-08-28.TestNetworkGUIIntegration" name="test_worker_thread_signal_connection" time="0.015"><failure message="AttributeError: 'NetworkToolsWindow' object has no attribute 'setCentralWidget'">self = &lt;test_network_gui_2025-08-28.TestNetworkGUIIntegration object at 0x0000018E8E03E710&gt;
qapp = &lt;PyQt5.QtWidgets.QApplication object at 0x0000018E8DB83800&gt;
mock_network_tools = {'bandwidth_monitor': &lt;MagicMock name='BandwidthMonitor' id='1711780448976'&gt;, 'lan_transfer': &lt;MagicMock name='LANFile...&lt;MagicMock name='PortScanner' id='1711780449984'&gt;, 'wifi_analyzer': &lt;MagicMock name='WiFiAnalyzer' id='1711780456704'&gt;}

    def test_worker_thread_signal_connection(self, qapp, mock_network_tools):
        """Test that worker thread signals connect properly to window."""
        if not TARGET_MODULE_AVAILABLE:
            pytest.skip("Target module not available")
    
        with patch('utilities.network.gui.StandardWindow', QWidget):
&gt;           window = NetworkToolsWindow()
                     ^^^^^^^^^^^^^^^^^^^^

test_network_gui_2025-08-28.py:1193: 
_ _ _ _ _ _ _ _ _ _ _ _ _ _ _ _ _ _ _ _ _ _ _ _ _ _ _ _ _ _ _ _ _ _ _ _ 
..\..\..\src\utilities\network\gui.py:355: in __init__
    self.init_ui()
_ _ _ _ _ _ _ _ _ _ _ _ _ _ _ _ _ _ _ _ _ _ _ _ _ _ _ _ _ _ _ _ _ _ _ _ 

self = &lt;utilities.network.gui.NetworkToolsWindow object at 0x0000018E8F879D00&gt;

    def init_ui(self):
        """Initialize the user interface."""
        central_widget = QWidget()
&gt;       self.setCentralWidget(central_widget)
        ^^^^^^^^^^^^^^^^^^^^^
E       AttributeError: 'NetworkToolsWindow' object has no attribute 'setCentralWidget'

..\..\..\src\utilities\network\gui.py:361: AttributeError</failure></testcase><testcase classname="test_network_gui_2025-08-28.TestNetworkGUIIntegration" name="test_complete_port_scan_workflow" time="0.011"><failure message="AttributeError: 'NetworkToolsWindow' object has no attribute 'setCentralWidget'">self = &lt;test_network_gui_2025-08-28.TestNetworkGUIIntegration object at 0x0000018E8E03E850&gt;
qapp = &lt;PyQt5.QtWidgets.QApplication object at 0x0000018E8DB83800&gt;
mock_network_tools = {'bandwidth_monitor': &lt;MagicMock name='BandwidthMonitor' id='1711731140528'&gt;, 'lan_transfer': &lt;MagicMock name='LANFile...&lt;MagicMock name='PortScanner' id='1711731141200'&gt;, 'wifi_analyzer': &lt;MagicMock name='WiFiAnalyzer' id='1711731140864'&gt;}

    def test_complete_port_scan_workflow(self, qapp, mock_network_tools):
        """Test complete port scan workflow."""
        if not TARGET_MODULE_AVAILABLE:
            pytest.skip("Target module not available")
    
        with patch('utilities.network.gui.StandardWindow', QWidget):
&gt;           window = NetworkToolsWindow()
                     ^^^^^^^^^^^^^^^^^^^^

test_network_gui_2025-08-28.py:1214: 
_ _ _ _ _ _ _ _ _ _ _ _ _ _ _ _ _ _ _ _ _ _ _ _ _ _ _ _ _ _ _ _ _ _ _ _ 
..\..\..\src\utilities\network\gui.py:355: in __init__
    self.init_ui()
_ _ _ _ _ _ _ _ _ _ _ _ _ _ _ _ _ _ _ _ _ _ _ _ _ _ _ _ _ _ _ _ _ _ _ _ 

self = &lt;utilities.network.gui.NetworkToolsWindow object at 0x0000018E8E0CFE30&gt;

    def init_ui(self):
        """Initialize the user interface."""
        central_widget = QWidget()
&gt;       self.setCentralWidget(central_widget)
        ^^^^^^^^^^^^^^^^^^^^^
E       AttributeError: 'NetworkToolsWindow' object has no attribute 'setCentralWidget'

..\..\..\src\utilities\network\gui.py:361: AttributeError</failure></testcase><testcase classname="test_network_gui_2025-08-28.TestNetworkGUIIntegration" name="test_bandwidth_monitoring_workflow" time="0.022"><failure message="AttributeError: 'NetworkToolsWindow' object has no attribute 'setCentralWidget'">self = &lt;test_network_gui_2025-08-28.TestNetworkGUIIntegration object at 0x0000018E8DFF7820&gt;
qapp = &lt;PyQt5.QtWidgets.QApplication object at 0x0000018E8DB83800&gt;
mock_network_tools = {'bandwidth_monitor': &lt;MagicMock name='BandwidthMonitor' id='1711780458048'&gt;, 'lan_transfer': &lt;MagicMock name='LANFile...&lt;MagicMock name='PortScanner' id='1711780457712'&gt;, 'wifi_analyzer': &lt;MagicMock name='WiFiAnalyzer' id='1711780457040'&gt;}

    def test_bandwidth_monitoring_workflow(self, qapp, mock_network_tools):
        """Test bandwidth monitoring workflow."""
        if not TARGET_MODULE_AVAILABLE:
            pytest.skip("Target module not available")
    
        with patch('utilities.network.gui.StandardWindow', QWidget):
&gt;           window = NetworkToolsWindow()
                     ^^^^^^^^^^^^^^^^^^^^

test_network_gui_2025-08-28.py:1246: 
_ _ _ _ _ _ _ _ _ _ _ _ _ _ _ _ _ _ _ _ _ _ _ _ _ _ _ _ _ _ _ _ _ _ _ _ 
..\..\..\src\utilities\network\gui.py:355: in __init__
    self.init_ui()
_ _ _ _ _ _ _ _ _ _ _ _ _ _ _ _ _ _ _ _ _ _ _ _ _ _ _ _ _ _ _ _ _ _ _ _ 

self = &lt;utilities.network.gui.NetworkToolsWindow object at 0x0000018E8F8796D0&gt;

    def init_ui(self):
        """Initialize the user interface."""
        central_widget = QWidget()
&gt;       self.setCentralWidget(central_widget)
        ^^^^^^^^^^^^^^^^^^^^^
E       AttributeError: 'NetworkToolsWindow' object has no attribute 'setCentralWidget'

..\..\..\src\utilities\network\gui.py:361: AttributeError</failure></testcase><testcase classname="test_network_gui_2025-08-28.TestNetworkGUIEdgeCases" name="test_invalid_network_range" time="0.013" /><testcase classname="test_network_gui_2025-08-28.TestNetworkGUIEdgeCases" name="test_large_port_list" time="0.480" /><testcase classname="test_network_gui_2025-08-28.TestNetworkGUIEdgeCases" name="test_empty_target_lists" time="0.028" /><testcase classname="test_network_gui_2025-08-28.TestNetworkGUIEdgeCases" name="test_thread_cancellation_during_operation" time="0.023" /><testcase classname="test_network_gui_2025-08-28.TestNetworkGUIPerformance" name="test_large_result_set_handling" time="0.043"><failure message="AttributeError: 'NetworkToolsWindow' object has no attribute 'setCentralWidget'">self = &lt;test_network_gui_2025-08-28.TestNetworkGUIPerformance object at 0x0000018E8E03EC10&gt;
qapp = &lt;PyQt5.QtWidgets.QApplication object at 0x0000018E8DB83800&gt;
mock_network_tools = {'bandwidth_monitor': &lt;MagicMock name='BandwidthMonitor' id='1711731141200'&gt;, 'lan_transfer': &lt;MagicMock name='LANFile...&lt;MagicMock name='PortScanner' id='1711731140528'&gt;, 'wifi_analyzer': &lt;MagicMock name='WiFiAnalyzer' id='1711731139856'&gt;}

    def test_large_result_set_handling(self, qapp, mock_network_tools):
        """Test handling large result sets."""
        if not TARGET_MODULE_AVAILABLE:
            pytest.skip("Target module not available")
    
        with patch('utilities.network.gui.StandardWindow', QWidget):
&gt;           window = NetworkToolsWindow()
                     ^^^^^^^^^^^^^^^^^^^^

test_network_gui_2025-08-28.py:1370: 
_ _ _ _ _ _ _ _ _ _ _ _ _ _ _ _ _ _ _ _ _ _ _ _ _ _ _ _ _ _ _ _ _ _ _ _ 
..\..\..\src\utilities\network\gui.py:355: in __init__
    self.init_ui()
_ _ _ _ _ _ _ _ _ _ _ _ _ _ _ _ _ _ _ _ _ _ _ _ _ _ _ _ _ _ _ _ _ _ _ _ 

self = &lt;utilities.network.gui.NetworkToolsWindow object at 0x0000018E8E0CFE30&gt;

    def init_ui(self):
        """Initialize the user interface."""
        central_widget = QWidget()
&gt;       self.setCentralWidget(central_widget)
        ^^^^^^^^^^^^^^^^^^^^^
E       AttributeError: 'NetworkToolsWindow' object has no attribute 'setCentralWidget'

..\..\..\src\utilities\network\gui.py:361: AttributeError</failure></testcase><testcase classname="test_network_gui_2025-08-28.TestNetworkGUIPerformance" name="test_bandwidth_log_performance" time="0.009"><failure message="AttributeError: 'NetworkToolsWindow' object has no attribute 'setCentralWidget'">self = &lt;test_network_gui_2025-08-28.TestNetworkGUIPerformance object at 0x0000018E8E03ED50&gt;
qapp = &lt;PyQt5.QtWidgets.QApplication object at 0x0000018E8DB83800&gt;
mock_network_tools = {'bandwidth_monitor': &lt;MagicMock name='BandwidthMonitor' id='1711780457712'&gt;, 'lan_transfer': &lt;MagicMock name='LANFile...&lt;MagicMock name='PortScanner' id='1711731136496'&gt;, 'wifi_analyzer': &lt;MagicMock name='WiFiAnalyzer' id='1711780455024'&gt;}

    def test_bandwidth_log_performance(self, qapp, mock_network_tools):
        """Test bandwidth log performance with many entries."""
        if not TARGET_MODULE_AVAILABLE:
            pytest.skip("Target module not available")
    
        with patch('utilities.network.gui.StandardWindow', QWidget):
&gt;           window = NetworkToolsWindow()
                     ^^^^^^^^^^^^^^^^^^^^

test_network_gui_2025-08-28.py:1396: 
_ _ _ _ _ _ _ _ _ _ _ _ _ _ _ _ _ _ _ _ _ _ _ _ _ _ _ _ _ _ _ _ _ _ _ _ 
..\..\..\src\utilities\network\gui.py:355: in __init__
    self.init_ui()
_ _ _ _ _ _ _ _ _ _ _ _ _ _ _ _ _ _ _ _ _ _ _ _ _ _ _ _ _ _ _ _ _ _ _ _ 

self = &lt;utilities.network.gui.NetworkToolsWindow object at 0x0000018E8DDE84D0&gt;

    def init_ui(self):
        """Initialize the user interface."""
        central_widget = QWidget()
&gt;       self.setCentralWidget(central_widget)
        ^^^^^^^^^^^^^^^^^^^^^
E       AttributeError: 'NetworkToolsWindow' object has no attribute 'setCentralWidget'

..\..\..\src\utilities\network\gui.py:361: AttributeError</failure></testcase><testcase classname="test_network_gui_2025-08-28.TestTestingInfrastructure" name="test_mock_network_tools_fixture" time="0.011" /><testcase classname="test_network_gui_2025-08-28.TestTestingInfrastructure" name="test_sample_network_data_fixture" time="0.006" /><testcase classname="test_network_gui_2025-08-28.TestTestingInfrastructure" name="test_worker_thread_params_fixture" time="0.008" /></testsuite></testsuites>