<?xml version="1.0" encoding="utf-8"?><testsuites name="pytest tests"><testsuite name="pytest" errors="0" failures="0" skipped="47" tests="47" time="1.011" timestamp="2025-08-24T16:23:49.162004+02:00" hostname="RLNTGO1-01"><testcase classname="test_sign_2025-08-24.TestSignUI" name="test_sign_document_no_signature" time="0.004"><skipped type="pytest.skip" message="Required imports not available: No module named 'log_config'">C:\Users\HP1\1_2\1_2\tests\unit\test_sign_2025-08-24.py:744: Required imports not available: No module named 'log_config'</skipped></testcase><testcase classname="test_sign_2025-08-24.TestSignUI" name="test_signui_initialization" time="0.001"><skipped type="pytest.skip" message="Required imports not available: No module named 'log_config'">C:\Users\HP1\1_2\1_2\tests\unit\test_sign_2025-08-24.py:655: Required imports not available: No module named 'log_config'</skipped></testcase><testcase classname="test_sign_2025-08-24.TestSignUI" name="test_sign_document_no_pdf" time="0.001"><skipped type="pytest.skip" message="Required imports not available: No module named 'log_config'">C:\Users\HP1\1_2\1_2\tests\unit\test_sign_2025-08-24.py:723: Required imports not available: No module named 'log_config'</skipped></testcase><testcase classname="test_sign_2025-08-24.TestSignUI" name="test_browse_signature" time="0.001"><skipped type="pytest.skip" message="Required imports not available: No module named 'log_config'">C:\Users\HP1\1_2\1_2\tests\unit\test_sign_2025-08-24.py:681: Required imports not available: No module named 'log_config'</skipped></testcase><testcase classname="test_sign_2025-08-24.TestSignUI" name="test_browse_pdf" time="0.001"><skipped type="pytest.skip" message="Required imports not available: No module named 'log_config'">C:\Users\HP1\1_2\1_2\tests\unit\test_sign_2025-08-24.py:665: Required imports not available: No module named 'log_config'</skipped></testcase><testcase classname="test_sign_2025-08-24.TestSignUI" name="test_sign_document_success" time="0.001"><skipped type="pytest.skip" message="Required imports not available: No module named 'log_config'">C:\Users\HP1\1_2\1_2\tests\unit\test_sign_2025-08-24.py:697: Required imports not available: No module named 'log_config'</skipped></testcase><testcase classname="test_sign_2025-08-24.TestEdgeCases" name="test_unicode_signature_id" time="0.001"><skipped type="pytest.skip" message="Required imports not available: No module named 'log_config'">C:\Users\HP1\1_2\1_2\tests\unit\test_sign_2025-08-24.py:861: Required imports not available: No module named 'log_config'</skipped></testcase><testcase classname="test_sign_2025-08-24.TestEdgeCases" name="test_empty_signature_id" time="0.001"><skipped type="pytest.skip" message="Required imports not available: No module named 'log_config'">C:\Users\HP1\1_2\1_2\tests\unit\test_sign_2025-08-24.py:844: Required imports not available: No module named 'log_config'</skipped></testcase><testcase classname="test_sign_2025-08-24.TestEdgeCases" name="test_negative_coordinates" time="0.001"><skipped type="pytest.skip" message="Required imports not available: No module named 'log_config'">C:\Users\HP1\1_2\1_2\tests\unit\test_sign_2025-08-24.py:827: Required imports not available: No module named 'log_config'</skipped></testcase><testcase classname="test_sign_2025-08-24.TestEdgeCases" name="test_large_coordinates" time="0.001"><skipped type="pytest.skip" message="Required imports not available: No module named 'log_config'">C:\Users\HP1\1_2\1_2\tests\unit\test_sign_2025-08-24.py:810: Required imports not available: No module named 'log_config'</skipped></testcase><testcase classname="test_sign_2025-08-24.TestIsValidPath" name="test_valid_directory_path" time="0.001"><skipped type="pytest.skip" message="Required imports not available: No module named 'log_config'">C:\Users\HP1\1_2\1_2\tests\unit\test_sign_2025-08-24.py:468: Required imports not available: No module named 'log_config'</skipped></testcase><testcase classname="test_sign_2025-08-24.TestIsValidPath" name="test_empty_path" time="0.001"><skipped type="pytest.skip" message="Required imports not available: No module named 'log_config'">C:\Users\HP1\1_2\1_2\tests\unit\test_sign_2025-08-24.py:478: Required imports not available: No module named 'log_config'</skipped></testcase><testcase classname="test_sign_2025-08-24.TestIsValidPath" name="test_valid_file_path" time="0.001"><skipped type="pytest.skip" message="Required imports not available: No module named 'log_config'">C:\Users\HP1\1_2\1_2\tests\unit\test_sign_2025-08-24.py:463: Required imports not available: No module named 'log_config'</skipped></testcase><testcase classname="test_sign_2025-08-24.TestIsValidPath" name="test_none_path" time="0.001"><skipped type="pytest.skip" message="Required imports not available: No module named 'log_config'">C:\Users\HP1\1_2\1_2\tests\unit\test_sign_2025-08-24.py:483: Required imports not available: No module named 'log_config'</skipped></testcase><testcase classname="test_sign_2025-08-24.TestIsValidPath" name="test_invalid_path" time="0.001"><skipped type="pytest.skip" message="Required imports not available: No module named 'log_config'">C:\Users\HP1\1_2\1_2\tests\unit\test_sign_2025-08-24.py:473: Required imports not available: No module named 'log_config'</skipped></testcase><testcase classname="test_sign_2025-08-24.TestLoad" name="test_load_with_real_temp_directory" time="0.001"><skipped type="pytest.skip" message="Required imports not available: No module named 'log_config'">C:\Users\HP1\1_2\1_2\tests\unit\test_sign_2025-08-24.py:255: Required imports not available: No module named 'log_config'</skipped></testcase><testcase classname="test_sign_2025-08-24.TestLoad" name="test_load_key_generation_flow" time="0.001"><skipped type="pytest.skip" message="Required imports not available: No module named 'log_config'">C:\Users\HP1\1_2\1_2\tests\unit\test_sign_2025-08-24.py:233: Required imports not available: No module named 'log_config'</skipped></testcase><testcase classname="test_sign_2025-08-24.TestLoad" name="test_load_creates_files" time="0.001"><skipped type="pytest.skip" message="Required imports not available: No module named 'log_config'">C:\Users\HP1\1_2\1_2\tests\unit\test_sign_2025-08-24.py:211: Required imports not available: No module named 'log_config'</skipped></testcase><testcase classname="test_sign_2025-08-24.TestSignFile" name="test_sign_file_with_specific_pages" time="0.001"><skipped type="pytest.skip" message="Required imports not available: No module named 'log_config'">C:\Users\HP1\1_2\1_2\tests\unit\test_sign_2025-08-24.py:324: Required imports not available: No module named 'log_config'</skipped></testcase><testcase classname="test_sign_2025-08-24.TestSignFile" name="test_sign_file_nonexistent_input" time="0.001"><skipped type="pytest.skip" message="Required imports not available: No module named 'log_config'">C:\Users\HP1\1_2\1_2\tests\unit\test_sign_2025-08-24.py:342: Required imports not available: No module named 'log_config'</skipped></testcase><testcase classname="test_sign_2025-08-24.TestSignFile" name="test_sign_file_with_custom_output" time="0.001"><skipped type="pytest.skip" message="Required imports not available: No module named 'log_config'">C:\Users\HP1\1_2\1_2\tests\unit\test_sign_2025-08-24.py:303: Required imports not available: No module named 'log_config'</skipped></testcase><testcase classname="test_sign_2025-08-24.TestSignFile" name="test_sign_file_basic" time="0.001"><skipped type="pytest.skip" message="Required imports not available: No module named 'log_config'">C:\Users\HP1\1_2\1_2\tests\unit\test_sign_2025-08-24.py:282: Required imports not available: No module named 'log_config'</skipped></testcase><testcase classname="test_sign_2025-08-24.TestParseArgs" name="test_parse_input_path_directory" time="0.001"><skipped type="pytest.skip" message="Required imports not available: No module named 'log_config'">C:\Users\HP1\1_2\1_2\tests\unit\test_sign_2025-08-24.py:504: Required imports not available: No module named 'log_config'</skipped></testcase><testcase classname="test_sign_2025-08-24.TestParseArgs" name="test_parse_load_argument" time="0.001"><skipped type="pytest.skip" message="Required imports not available: No module named 'log_config'">C:\Users\HP1\1_2\1_2\tests\unit\test_sign_2025-08-24.py:492: Required imports not available: No module named 'log_config'</skipped></testcase><testcase classname="test_sign_2025-08-24.TestParseArgs" name="test_parse_y_coordinate" time="0.001"><skipped type="pytest.skip" message="Required imports not available: No module named 'log_config'">C:\Users\HP1\1_2\1_2\tests\unit\test_sign_2025-08-24.py:522: Required imports not available: No module named 'log_config'</skipped></testcase><testcase classname="test_sign_2025-08-24.TestParseArgs" name="test_parse_input_path_file" time="0.001"><skipped type="pytest.skip" message="Required imports not available: No module named 'log_config'">C:\Users\HP1\1_2\1_2\tests\unit\test_sign_2025-08-24.py:498: Required imports not available: No module named 'log_config'</skipped></testcase><testcase classname="test_sign_2025-08-24.TestParseArgs" name="test_parse_signature_id" time="0.001"><skipped type="pytest.skip" message="Required imports not available: No module named 'log_config'">C:\Users\HP1\1_2\1_2\tests\unit\test_sign_2025-08-24.py:510: Required imports not available: No module named 'log_config'</skipped></testcase><testcase classname="test_sign_2025-08-24.TestParseArgs" name="test_parse_coordinates" time="0.001"><skipped type="pytest.skip" message="Required imports not available: No module named 'log_config'">C:\Users\HP1\1_2\1_2\tests\unit\test_sign_2025-08-24.py:516: Required imports not available: No module named 'log_config'</skipped></testcase><testcase classname="test_sign_2025-08-24.TestCreateKeyPair" name="test_invalid_bit_size" time="0.001"><skipped type="pytest.skip" message="Required imports not available: No module named 'log_config'">C:\Users\HP1\1_2\1_2\tests\unit\test_sign_2025-08-24.py:157: Required imports not available: No module named 'log_config'</skipped></testcase><testcase classname="test_sign_2025-08-24.TestCreateKeyPair" name="test_create_rsa_key_4096" time="0.001"><skipped type="pytest.skip" message="Required imports not available: No module named 'log_config'">C:\Users\HP1\1_2\1_2\tests\unit\test_sign_2025-08-24.py:137: Required imports not available: No module named 'log_config'</skipped></testcase><testcase classname="test_sign_2025-08-24.TestCreateKeyPair" name="test_invalid_key_type" time="0.001"><skipped type="pytest.skip" message="Required imports not available: No module named 'log_config'">C:\Users\HP1\1_2\1_2\tests\unit\test_sign_2025-08-24.py:152: Required imports not available: No module named 'log_config'</skipped></testcase><testcase classname="test_sign_2025-08-24.TestCreateKeyPair" name="test_create_dsa_key" time="0.001"><skipped type="pytest.skip" message="Required imports not available: No module named 'log_config'">C:\Users\HP1\1_2\1_2\tests\unit\test_sign_2025-08-24.py:145: Required imports not available: No module named 'log_config'</skipped></testcase><testcase classname="test_sign_2025-08-24.TestCreateKeyPair" name="test_create_rsa_key_1024" time="0.001"><skipped type="pytest.skip" message="Required imports not available: No module named 'log_config'">C:\Users\HP1\1_2\1_2\tests\unit\test_sign_2025-08-24.py:121: Required imports not available: No module named 'log_config'</skipped></testcase><testcase classname="test_sign_2025-08-24.TestCreateKeyPair" name="test_create_rsa_key_2048" time="0.001"><skipped type="pytest.skip" message="Required imports not available: No module named 'log_config'">C:\Users\HP1\1_2\1_2\tests\unit\test_sign_2025-08-24.py:129: Required imports not available: No module named 'log_config'</skipped></testcase><testcase classname="test_sign_2025-08-24.TestApplySignature" name="test_apply_signature_file_not_found" time="0.001"><skipped type="pytest.skip" message="Required imports not available: No module named 'log_config'">C:\Users\HP1\1_2\1_2\tests\unit\test_sign_2025-08-24.py:609: Required imports not available: No module named 'log_config'</skipped></testcase><testcase classname="test_sign_2025-08-24.TestApplySignature" name="test_apply_signature_basic" time="0.001"><skipped type="pytest.skip" message="Required imports not available: No module named 'log_config'">C:\Users\HP1\1_2\1_2\tests\unit\test_sign_2025-08-24.py:532: Required imports not available: No module named 'log_config'</skipped></testcase><testcase classname="test_sign_2025-08-24.TestApplySignature" name="test_apply_signature_signature_file_not_found" time="0.001"><skipped type="pytest.skip" message="Required imports not available: No module named 'log_config'">C:\Users\HP1\1_2\1_2\tests\unit\test_sign_2025-08-24.py:618: Required imports not available: No module named 'log_config'</skipped></testcase><testcase classname="test_sign_2025-08-24.TestApplySignature" name="test_apply_signature_custom_position" time="0.001"><skipped type="pytest.skip" message="Required imports not available: No module named 'log_config'">C:\Users\HP1\1_2\1_2\tests\unit\test_sign_2025-08-24.py:586: Required imports not available: No module named 'log_config'</skipped></testcase><testcase classname="test_sign_2025-08-24.TestApplySignature" name="test_apply_signature_specific_pages" time="0.001"><skipped type="pytest.skip" message="Required imports not available: No module named 'log_config'">C:\Users\HP1\1_2\1_2\tests\unit\test_sign_2025-08-24.py:557: Required imports not available: No module named 'log_config'</skipped></testcase><testcase classname="test_sign_2025-08-24.TestIntegration" name="test_full_certificate_generation_and_signing_workflow" time="0.001"><skipped type="pytest.skip" message="Required imports not available: No module named 'log_config'">C:\Users\HP1\1_2\1_2\tests\unit\test_sign_2025-08-24.py:769: Required imports not available: No module named 'log_config'</skipped></testcase><testcase classname="test_sign_2025-08-24.TestSignFolder" name="test_sign_folder_basic" time="0.001"><skipped type="pytest.skip" message="Required imports not available: No module named 'log_config'">C:\Users\HP1\1_2\1_2\tests\unit\test_sign_2025-08-24.py:364: Required imports not available: No module named 'log_config'</skipped></testcase><testcase classname="test_sign_2025-08-24.TestSignFolder" name="test_sign_folder_non_recursive" time="0.001"><skipped type="pytest.skip" message="Required imports not available: No module named 'log_config'">C:\Users\HP1\1_2\1_2\tests\unit\test_sign_2025-08-24.py:429: Required imports not available: No module named 'log_config'</skipped></testcase><testcase classname="test_sign_2025-08-24.TestSignFolder" name="test_sign_folder_recursive" time="0.001"><skipped type="pytest.skip" message="Required imports not available: No module named 'log_config'">C:\Users\HP1\1_2\1_2\tests\unit\test_sign_2025-08-24.py:399: Required imports not available: No module named 'log_config'</skipped></testcase><testcase classname="test_sign_2025-08-24.TestCreateSelfSignedCert" name="test_create_certificate" time="0.001"><skipped type="pytest.skip" message="Required imports not available: No module named 'log_config'">C:\Users\HP1\1_2\1_2\tests\unit\test_sign_2025-08-24.py:166: Required imports not available: No module named 'log_config'</skipped></testcase><testcase classname="test_sign_2025-08-24.TestCreateSelfSignedCert" name="test_certificate_validity_period" time="0.001"><skipped type="pytest.skip" message="Required imports not available: No module named 'log_config'">C:\Users\HP1\1_2\1_2\tests\unit\test_sign_2025-08-24.py:176: Required imports not available: No module named 'log_config'</skipped></testcase><testcase classname="test_sign_2025-08-24.TestCreateSelfSignedCert" name="test_certificate_issuer_subject_match" time="0.001"><skipped type="pytest.skip" message="Required imports not available: No module named 'log_config'">C:\Users\HP1\1_2\1_2\tests\unit\test_sign_2025-08-24.py:198: Required imports not available: No module named 'log_config'</skipped></testcase><testcase classname="test_sign_2025-08-24.TestCreateSelfSignedCert" name="test_certificate_serial_number" time="0.001"><skipped type="pytest.skip" message="Required imports not available: No module named 'log_config'">C:\Users\HP1\1_2\1_2\tests\unit\test_sign_2025-08-24.py:189: Required imports not available: No module named 'log_config'</skipped></testcase></testsuite></testsuites>