<?xml version="1.0" encoding="utf-8"?><testsuites><testsuite name="pytest" errors="0" failures="5" skipped="0" tests="18" time="1.423" timestamp="2025-08-24T18:06:00.578321+02:00" hostname="RLNTGO1-01"><testcase classname="test_convert_html_to_pdf_minimal_2025-08-24.TestConvertHtmlToPdfCore" name="test_module_import_success" time="0.343"><failure message="Failed: Failed to import convert_html_to_pdf: No module named 'convert_html_to_pdf'">test_convert_html_to_pdf_minimal_2025-08-24.py:68: in test_module_import_success
    import convert_html_to_pdf
E   ModuleNotFoundError: No module named 'convert_html_to_pdf'

During handling of the above exception, another exception occurred:
test_convert_html_to_pdf_minimal_2025-08-24.py:72: in test_module_import_success
    pytest.fail(f"Failed to import convert_html_to_pdf: {e}")
E   Failed: Failed to import convert_html_to_pdf: No module named 'convert_html_to_pdf'</failure></testcase><testcase classname="test_convert_html_to_pdf_minimal_2025-08-24.TestConvertHtmlToPdfCore" name="test_converter_class_exists" time="0.006"><failure message="ModuleNotFoundError: No module named 'convert_html_to_pdf'">test_convert_html_to_pdf_minimal_2025-08-24.py:76: in test_converter_class_exists
    import convert_html_to_pdf
E   ModuleNotFoundError: No module named 'convert_html_to_pdf'</failure></testcase><testcase classname="test_convert_html_to_pdf_minimal_2025-08-24.TestConvertHtmlToPdfCore" name="test_main_function_exists" time="0.011"><failure message="ModuleNotFoundError: No module named 'convert_html_to_pdf'">test_convert_html_to_pdf_minimal_2025-08-24.py:85: in test_main_function_exists
    import convert_html_to_pdf
E   ModuleNotFoundError: No module named 'convert_html_to_pdf'</failure></testcase><testcase classname="test_convert_html_to_pdf_minimal_2025-08-24.TestPdfkitIntegration" name="test_pdfkit_from_url_called" time="0.005" /><testcase classname="test_convert_html_to_pdf_minimal_2025-08-24.TestPdfkitIntegration" name="test_pdfkit_from_file_called" time="0.004" /><testcase classname="test_convert_html_to_pdf_minimal_2025-08-24.TestPdfkitIntegration" name="test_pdfkit_from_string_called" time="0.005" /><testcase classname="test_convert_html_to_pdf_minimal_2025-08-24.TestErrorHandling" name="test_import_error_recovery" time="0.005"><failure message="Failed: Unexpected import error: No module named 'convert_html_to_pdf'">test_convert_html_to_pdf_minimal_2025-08-24.py:156: in test_import_error_recovery
    import convert_html_to_pdf
E   ModuleNotFoundError: No module named 'convert_html_to_pdf'

During handling of the above exception, another exception occurred:
test_convert_html_to_pdf_minimal_2025-08-24.py:161: in test_import_error_recovery
    pytest.fail(f"Unexpected import error: {e}")
E   Failed: Unexpected import error: No module named 'convert_html_to_pdf'</failure></testcase><testcase classname="test_convert_html_to_pdf_minimal_2025-08-24.TestErrorHandling" name="test_pdfkit_error_simulation" time="0.005" /><testcase classname="test_convert_html_to_pdf_minimal_2025-08-24.TestParameterValidation" name="test_empty_string_validation" time="0.003" /><testcase classname="test_convert_html_to_pdf_minimal_2025-08-24.TestParameterValidation" name="test_url_format_validation" time="0.003" /><testcase classname="test_convert_html_to_pdf_minimal_2025-08-24.TestFileOperations" name="test_file_path_validation" time="0.004" /><testcase classname="test_convert_html_to_pdf_minimal_2025-08-24.TestFileOperations" name="test_output_file_validation" time="0.004" /><testcase classname="test_convert_html_to_pdf_minimal_2025-08-24.TestIntegrationScenarios" name="test_url_to_pdf_workflow" time="0.004" /><testcase classname="test_convert_html_to_pdf_minimal_2025-08-24.TestIntegrationScenarios" name="test_file_to_pdf_workflow" time="0.006" /><testcase classname="test_convert_html_to_pdf_minimal_2025-08-24.TestIntegrationScenarios" name="test_html_string_to_pdf_workflow" time="0.008" /><testcase classname="test_convert_html_to_pdf_minimal_2025-08-24.TestApplicationLifecycle" name="test_application_creation" time="0.048"><failure message="AssertionError: expected call not found.&#10;Expected: QApplication([])&#10;  Actual: not called.">..\..\..\..\AppData\Local\Programs\Python\Python313\Lib\unittest\mock.py:970: in assert_called_with
    raise AssertionError(error_message)
E   AssertionError: expected call not found.
E   Expected: QApplication([])
E     Actual: not called.

During handling of the above exception, another exception occurred:
test_convert_html_to_pdf_minimal_2025-08-24.py:364: in test_application_creation
    self.mock_qtwidgets.QApplication.assert_called_with([])
E   AssertionError: expected call not found.
E   Expected: QApplication([])
E     Actual: not called.</failure></testcase><testcase classname="test_convert_html_to_pdf_minimal_2025-08-24.TestApplicationLifecycle" name="test_application_execution" time="0.006" /><testcase classname="test_convert_html_to_pdf_minimal_2025-08-24" name="test_execution_summary" time="0.007" /></testsuite></testsuites>