<?xml version="1.0" encoding="utf-8"?><testsuites name="pytest tests"><testsuite name="pytest" errors="0" failures="0" skipped="0" tests="19" time="1.718" timestamp="2025-08-29T00:58:27.789865+02:00" hostname="DESKTOP-M4DIPMD"><testcase classname="test_disk_health_widget_clean_2025-08-29.TestDiskHealthWidgetClean" name="test_widget_creation" time="0.531" /><testcase classname="test_disk_health_widget_clean_2025-08-29.TestDiskHealthWidgetClean" name="test_data_formatting" time="0.006" /><testcase classname="test_disk_health_widget_clean_2025-08-29.TestDiskHealthWidgetClean" name="test_health_status_mapping" time="0.005" /><testcase classname="test_disk_health_widget_clean_2025-08-29.TestDiskHealthWidgetClean" name="test_disk_data_structure" time="0.006" /><testcase classname="test_disk_health_widget_clean_2025-08-29.TestDiskHealthWidgetClean" name="test_mock_disk_info" time="0.006" /><testcase classname="test_disk_health_widget_clean_2025-08-29.TestDiskHealthWidgetClean" name="test_io_statistics_structure" time="0.005" /><testcase classname="test_disk_health_widget_clean_2025-08-29.TestDiskHealthWidgetClean" name="test_percentage_calculations" time="0.007" /><testcase classname="test_disk_health_widget_clean_2025-08-29.TestDiskHealthWidgetClean" name="test_timer_functionality" time="0.047" /><testcase classname="test_disk_health_widget_clean_2025-08-29.TestDiskHealthWidgetClean" name="test_error_handling_scenarios" time="0.006" /><testcase classname="test_disk_health_widget_clean_2025-08-29.TestDiskHealthWidgetClean" name="test_tree_item_data_structure" time="0.006" /><testcase classname="test_disk_health_widget_clean_2025-08-29.TestDiskHealthWidgetClean" name="test_widget_lifecycle" time="0.011" /><testcase classname="test_disk_health_widget_clean_2025-08-29.TestDiskHealthWidgetDataFlow" name="test_summary_calculation" time="0.007" /><testcase classname="test_disk_health_widget_clean_2025-08-29.TestDiskHealthWidgetDataFlow" name="test_data_refresh_cycle" time="0.007" /><testcase classname="test_disk_health_widget_clean_2025-08-29.TestDiskHealthWidgetDataFlow" name="test_ui_update_sequence" time="0.008" /><testcase classname="test_disk_health_widget_clean_2025-08-29.TestDiskHealthWidgetEdgeCases" name="test_zero_disk_scenario" time="0.005" /><testcase classname="test_disk_health_widget_clean_2025-08-29.TestDiskHealthWidgetEdgeCases" name="test_maximum_disk_scenario" time="0.006" /><testcase classname="test_disk_health_widget_clean_2025-08-29.TestDiskHealthWidgetEdgeCases" name="test_extreme_values" time="0.005" /><testcase classname="test_disk_health_widget_clean_2025-08-29.TestDiskHealthWidgetEdgeCases" name="test_invalid_data_recovery" time="0.007" /><testcase classname="test_disk_health_widget_clean_2025-08-29.TestExecutionMetrics" name="test_execution_timing" time="0.063" /></testsuite></testsuites>