<?xml version="1.0" encoding="utf-8"?><testsuites><testsuite name="pytest" errors="4" failures="0" skipped="0" tests="4" time="5.249" timestamp="2025-08-28T18:58:44.943947+02:00" hostname="DESKTOP-M4DIPMD"><testcase classname="test_main_2025-08-28.TestEdgeCasesAndErrorHandling" name="test_window_cleanup_on_error" time="0.342"><error message="failed on setup with &quot;file C:\Users\richardi\1_2\tests\unit\test_main_2025-08-28.py, line 741&#10;      def test_window_cleanup_on_error(self, mock_window_dependencies):&#10;E       fixture 'mock_window_dependencies' not found&#10;&gt;       available fixtures: .::&lt;event_loop&gt;, _session_event_loop, cache, capfd, capfdbinary, caplog, capsys, capsysbinary, class_mocker, cleanup_test_scenarios, collect_test_results, cov, dev_hub_instance_fixture, doctest_namespace, event_loop, event_loop_policy, extra, extras, include_metadata_in_junit_xml, json_metadata, log_handler_fixture, metadata, mock_cleanup_result, mock_psutil_dev_hub, mock_pyqt5_dev_hub, mock_qt_application, mock_qt_widgets, mock_safety_manager, mock_system_diagnostics_gui, mock_temp_cleaner, mocker, module_mocker, monkeypatch, no_cover, package_mocker, performance_monitor, performance_monitor_fixture, pytestconfig, qapp, qapp_args, qapp_cls, qtbot, qtlog, qtmodeltester, record_property, record_testsuite_property, record_xml_attribute, recwarn, sample_config_data, sample_database_info, sample_log_records_dev_hub, sample_test_files, session_mocker, temp_config_file, temp_directory, test_logger, test_main_2025-08-28.py::&lt;event_loop&gt;, test_main_2025-08-28.py::TestEdgeCasesAndErrorHandling::&lt;event_loop&gt;, test_session_metadata, tmp_path, tmp_path_factory, tmpdir, tmpdir_factory, unused_tcp_port, unused_tcp_port_factory, unused_udp_port, unused_udp_port_factory, xvfb&#10;&gt;       use 'pytest --fixtures [testpath]' for help on them.&#10;&#10;C:\Users\richardi\1_2\tests\unit\test_main_2025-08-28.py:741&quot;">file C:\Users\richardi\1_2\tests\unit\test_main_2025-08-28.py, line 741
      def test_window_cleanup_on_error(self, mock_window_dependencies):
E       fixture 'mock_window_dependencies' not found
&gt;       available fixtures: .::&lt;event_loop&gt;, _session_event_loop, cache, capfd, capfdbinary, caplog, capsys, capsysbinary, class_mocker, cleanup_test_scenarios, collect_test_results, cov, dev_hub_instance_fixture, doctest_namespace, event_loop, event_loop_policy, extra, extras, include_metadata_in_junit_xml, json_metadata, log_handler_fixture, metadata, mock_cleanup_result, mock_psutil_dev_hub, mock_pyqt5_dev_hub, mock_qt_application, mock_qt_widgets, mock_safety_manager, mock_system_diagnostics_gui, mock_temp_cleaner, mocker, module_mocker, monkeypatch, no_cover, package_mocker, performance_monitor, performance_monitor_fixture, pytestconfig, qapp, qapp_args, qapp_cls, qtbot, qtlog, qtmodeltester, record_property, record_testsuite_property, record_xml_attribute, recwarn, sample_config_data, sample_database_info, sample_log_records_dev_hub, sample_test_files, session_mocker, temp_config_file, temp_directory, test_logger, test_main_2025-08-28.py::&lt;event_loop&gt;, test_main_2025-08-28.py::TestEdgeCasesAndErrorHandling::&lt;event_loop&gt;, test_session_metadata, tmp_path, tmp_path_factory, tmpdir, tmpdir_factory, unused_tcp_port, unused_tcp_port_factory, unused_udp_port, unused_udp_port_factory, xvfb
&gt;       use 'pytest --fixtures [testpath]' for help on them.

C:\Users\richardi\1_2\tests\unit\test_main_2025-08-28.py:741</error></testcase><testcase classname="test_main_2025-08-28.TestEdgeCasesAndErrorHandling" name="test_file_operations_with_permissions_error" time="0.011"><error message="failed on setup with &quot;file C:\Users\richardi\1_2\tests\unit\test_main_2025-08-28.py, line 747&#10;      def test_file_operations_with_permissions_error(self, mock_window_dependencies):&#10;E       fixture 'mock_window_dependencies' not found&#10;&gt;       available fixtures: .::&lt;event_loop&gt;, _session_event_loop, cache, capfd, capfdbinary, caplog, capsys, capsysbinary, class_mocker, cleanup_test_scenarios, collect_test_results, cov, dev_hub_instance_fixture, doctest_namespace, event_loop, event_loop_policy, extra, extras, include_metadata_in_junit_xml, json_metadata, log_handler_fixture, metadata, mock_cleanup_result, mock_psutil_dev_hub, mock_pyqt5_dev_hub, mock_qt_application, mock_qt_widgets, mock_safety_manager, mock_system_diagnostics_gui, mock_temp_cleaner, mocker, module_mocker, monkeypatch, no_cover, package_mocker, performance_monitor, performance_monitor_fixture, pytestconfig, qapp, qapp_args, qapp_cls, qtbot, qtlog, qtmodeltester, record_property, record_testsuite_property, record_xml_attribute, recwarn, sample_config_data, sample_database_info, sample_log_records_dev_hub, sample_test_files, session_mocker, temp_config_file, temp_directory, test_logger, test_main_2025-08-28.py::&lt;event_loop&gt;, test_main_2025-08-28.py::TestEdgeCasesAndErrorHandling::&lt;event_loop&gt;, test_session_metadata, tmp_path, tmp_path_factory, tmpdir, tmpdir_factory, unused_tcp_port, unused_tcp_port_factory, unused_udp_port, unused_udp_port_factory, xvfb&#10;&gt;       use 'pytest --fixtures [testpath]' for help on them.&#10;&#10;C:\Users\richardi\1_2\tests\unit\test_main_2025-08-28.py:747&quot;">file C:\Users\richardi\1_2\tests\unit\test_main_2025-08-28.py, line 747
      def test_file_operations_with_permissions_error(self, mock_window_dependencies):
E       fixture 'mock_window_dependencies' not found
&gt;       available fixtures: .::&lt;event_loop&gt;, _session_event_loop, cache, capfd, capfdbinary, caplog, capsys, capsysbinary, class_mocker, cleanup_test_scenarios, collect_test_results, cov, dev_hub_instance_fixture, doctest_namespace, event_loop, event_loop_policy, extra, extras, include_metadata_in_junit_xml, json_metadata, log_handler_fixture, metadata, mock_cleanup_result, mock_psutil_dev_hub, mock_pyqt5_dev_hub, mock_qt_application, mock_qt_widgets, mock_safety_manager, mock_system_diagnostics_gui, mock_temp_cleaner, mocker, module_mocker, monkeypatch, no_cover, package_mocker, performance_monitor, performance_monitor_fixture, pytestconfig, qapp, qapp_args, qapp_cls, qtbot, qtlog, qtmodeltester, record_property, record_testsuite_property, record_xml_attribute, recwarn, sample_config_data, sample_database_info, sample_log_records_dev_hub, sample_test_files, session_mocker, temp_config_file, temp_directory, test_logger, test_main_2025-08-28.py::&lt;event_loop&gt;, test_main_2025-08-28.py::TestEdgeCasesAndErrorHandling::&lt;event_loop&gt;, test_session_metadata, tmp_path, tmp_path_factory, tmpdir, tmpdir_factory, unused_tcp_port, unused_tcp_port_factory, unused_udp_port, unused_udp_port_factory, xvfb
&gt;       use 'pytest --fixtures [testpath]' for help on them.

C:\Users\richardi\1_2\tests\unit\test_main_2025-08-28.py:747</error></testcase><testcase classname="test_main_2025-08-28.TestEdgeCasesAndErrorHandling" name="test_json_serialization_errors" time="0.019"><error message="failed on setup with &quot;file C:\Users\richardi\1_2\tests\unit\test_main_2025-08-28.py, line 762&#10;      def test_json_serialization_errors(self, mock_window_dependencies):&#10;E       fixture 'mock_window_dependencies' not found&#10;&gt;       available fixtures: .::&lt;event_loop&gt;, _session_event_loop, cache, capfd, capfdbinary, caplog, capsys, capsysbinary, class_mocker, cleanup_test_scenarios, collect_test_results, cov, dev_hub_instance_fixture, doctest_namespace, event_loop, event_loop_policy, extra, extras, include_metadata_in_junit_xml, json_metadata, log_handler_fixture, metadata, mock_cleanup_result, mock_psutil_dev_hub, mock_pyqt5_dev_hub, mock_qt_application, mock_qt_widgets, mock_safety_manager, mock_system_diagnostics_gui, mock_temp_cleaner, mocker, module_mocker, monkeypatch, no_cover, package_mocker, performance_monitor, performance_monitor_fixture, pytestconfig, qapp, qapp_args, qapp_cls, qtbot, qtlog, qtmodeltester, record_property, record_testsuite_property, record_xml_attribute, recwarn, sample_config_data, sample_database_info, sample_log_records_dev_hub, sample_test_files, session_mocker, temp_config_file, temp_directory, test_logger, test_main_2025-08-28.py::&lt;event_loop&gt;, test_main_2025-08-28.py::TestEdgeCasesAndErrorHandling::&lt;event_loop&gt;, test_session_metadata, tmp_path, tmp_path_factory, tmpdir, tmpdir_factory, unused_tcp_port, unused_tcp_port_factory, unused_udp_port, unused_udp_port_factory, xvfb&#10;&gt;       use 'pytest --fixtures [testpath]' for help on them.&#10;&#10;C:\Users\richardi\1_2\tests\unit\test_main_2025-08-28.py:762&quot;">file C:\Users\richardi\1_2\tests\unit\test_main_2025-08-28.py, line 762
      def test_json_serialization_errors(self, mock_window_dependencies):
E       fixture 'mock_window_dependencies' not found
&gt;       available fixtures: .::&lt;event_loop&gt;, _session_event_loop, cache, capfd, capfdbinary, caplog, capsys, capsysbinary, class_mocker, cleanup_test_scenarios, collect_test_results, cov, dev_hub_instance_fixture, doctest_namespace, event_loop, event_loop_policy, extra, extras, include_metadata_in_junit_xml, json_metadata, log_handler_fixture, metadata, mock_cleanup_result, mock_psutil_dev_hub, mock_pyqt5_dev_hub, mock_qt_application, mock_qt_widgets, mock_safety_manager, mock_system_diagnostics_gui, mock_temp_cleaner, mocker, module_mocker, monkeypatch, no_cover, package_mocker, performance_monitor, performance_monitor_fixture, pytestconfig, qapp, qapp_args, qapp_cls, qtbot, qtlog, qtmodeltester, record_property, record_testsuite_property, record_xml_attribute, recwarn, sample_config_data, sample_database_info, sample_log_records_dev_hub, sample_test_files, session_mocker, temp_config_file, temp_directory, test_logger, test_main_2025-08-28.py::&lt;event_loop&gt;, test_main_2025-08-28.py::TestEdgeCasesAndErrorHandling::&lt;event_loop&gt;, test_session_metadata, tmp_path, tmp_path_factory, tmpdir, tmpdir_factory, unused_tcp_port, unused_tcp_port_factory, unused_udp_port, unused_udp_port_factory, xvfb
&gt;       use 'pytest --fixtures [testpath]' for help on them.

C:\Users\richardi\1_2\tests\unit\test_main_2025-08-28.py:762</error></testcase><testcase time="0.005" /><testcase classname="pytest" name="internal" time="0.000"><error message="internal error">Traceback (most recent call last):
  File "C:\Users\richardi\1_2\venv\Lib\site-packages\_pytest\main.py", line 283, in wrap_session
    session.exitstatus = doit(config, session) or 0
                         ~~~~^^^^^^^^^^^^^^^^^
  File "C:\Users\richardi\1_2\venv\Lib\site-packages\_pytest\main.py", line 337, in _main
    config.hook.pytest_runtestloop(session=session)
    ~~~~~~~~~~~~~~~~~~~~~~~~~~~~~~^^^^^^^^^^^^^^^^^
  File "C:\Users\richardi\1_2\venv\Lib\site-packages\pluggy\_hooks.py", line 513, in __call__
    return self._hookexec(self.name, self._hookimpls.copy(), kwargs, firstresult)
           ~~~~~~~~~~~~~~^^^^^^^^^^^^^^^^^^^^^^^^^^^^^^^^^^^^^^^^^^^^^^^^^^^^^^^^
  File "C:\Users\richardi\1_2\venv\Lib\site-packages\pluggy\_manager.py", line 120, in _hookexec
    return self._inner_hookexec(hook_name, methods, kwargs, firstresult)
           ~~~~~~~~~~~~~~~~~~~~^^^^^^^^^^^^^^^^^^^^^^^^^^^^^^^^^^^^^^^^^
  File "C:\Users\richardi\1_2\venv\Lib\site-packages\pluggy\_callers.py", line 182, in _multicall
    return outcome.get_result()
           ~~~~~~~~~~~~~~~~~~^^
  File "C:\Users\richardi\1_2\venv\Lib\site-packages\pluggy\_result.py", line 100, in get_result
    raise exc.with_traceback(exc.__traceback__)
  File "C:\Users\richardi\1_2\venv\Lib\site-packages\pluggy\_callers.py", line 167, in _multicall
    teardown.throw(outcome._exception)
    ~~~~~~~~~~~~~~^^^^^^^^^^^^^^^^^^^^
  File "C:\Users\richardi\1_2\venv\Lib\site-packages\_pytest\logging.py", line 803, in pytest_runtestloop
    return (yield)  # Run all the tests.
            ^^^^^
  File "C:\Users\richardi\1_2\venv\Lib\site-packages\pluggy\_callers.py", line 167, in _multicall
    teardown.throw(outcome._exception)
    ~~~~~~~~~~~~~~^^^^^^^^^^^^^^^^^^^^
  File "C:\Users\richardi\1_2\venv\Lib\site-packages\_pytest\terminal.py", line 673, in pytest_runtestloop
    result = yield
             ^^^^^
  File "C:\Users\richardi\1_2\venv\Lib\site-packages\pluggy\_callers.py", line 103, in _multicall
    res = hook_impl.function(*args)
  File "C:\Users\richardi\1_2\venv\Lib\site-packages\_pytest\main.py", line 362, in pytest_runtestloop
    item.config.hook.pytest_runtest_protocol(item=item, nextitem=nextitem)
    ~~~~~~~~~~~~~~~~~~~~~~~~~~~~~~~~~~~~~~~~^^^^^^^^^^^^^^^^^^^^^^^^^^^^^^
  File "C:\Users\richardi\1_2\venv\Lib\site-packages\pluggy\_hooks.py", line 513, in __call__
    return self._hookexec(self.name, self._hookimpls.copy(), kwargs, firstresult)
           ~~~~~~~~~~~~~~^^^^^^^^^^^^^^^^^^^^^^^^^^^^^^^^^^^^^^^^^^^^^^^^^^^^^^^^
  File "C:\Users\richardi\1_2\venv\Lib\site-packages\pluggy\_manager.py", line 120, in _hookexec
    return self._inner_hookexec(hook_name, methods, kwargs, firstresult)
           ~~~~~~~~~~~~~~~~~~~~^^^^^^^^^^^^^^^^^^^^^^^^^^^^^^^^^^^^^^^^^
  File "C:\Users\richardi\1_2\venv\Lib\site-packages\pluggy\_callers.py", line 182, in _multicall
    return outcome.get_result()
           ~~~~~~~~~~~~~~~~~~^^
  File "C:\Users\richardi\1_2\venv\Lib\site-packages\pluggy\_result.py", line 100, in get_result
    raise exc.with_traceback(exc.__traceback__)
  File "C:\Users\richardi\1_2\venv\Lib\site-packages\pluggy\_callers.py", line 167, in _multicall
    teardown.throw(outcome._exception)
    ~~~~~~~~~~~~~~^^^^^^^^^^^^^^^^^^^^
  File "C:\Users\richardi\1_2\venv\Lib\site-packages\_pytest\warnings.py", line 112, in pytest_runtest_protocol
    return (yield)
            ^^^^^
  File "C:\Users\richardi\1_2\venv\Lib\site-packages\pluggy\_callers.py", line 167, in _multicall
    teardown.throw(outcome._exception)
    ~~~~~~~~~~~~~~^^^^^^^^^^^^^^^^^^^^
  File "C:\Users\richardi\1_2\venv\Lib\site-packages\_pytest\assertion\__init__.py", line 176, in pytest_runtest_protocol
    return (yield)
            ^^^^^
  File "C:\Users\richardi\1_2\venv\Lib\site-packages\pluggy\_callers.py", line 167, in _multicall
    teardown.throw(outcome._exception)
    ~~~~~~~~~~~~~~^^^^^^^^^^^^^^^^^^^^
  File "C:\Users\richardi\1_2\venv\Lib\site-packages\_pytest\unittest.py", line 429, in pytest_runtest_protocol
    res = yield
          ^^^^^
  File "C:\Users\richardi\1_2\venv\Lib\site-packages\pluggy\_callers.py", line 167, in _multicall
    teardown.throw(outcome._exception)
    ~~~~~~~~~~~~~~^^^^^^^^^^^^^^^^^^^^
  File "C:\Users\richardi\1_2\venv\Lib\site-packages\_pytest\faulthandler.py", line 88, in pytest_runtest_protocol
    return (yield)
            ^^^^^
  File "C:\Users\richardi\1_2\venv\Lib\site-packages\pluggy\_callers.py", line 103, in _multicall
    res = hook_impl.function(*args)
  File "C:\Users\richardi\1_2\venv\Lib\site-packages\_pytest\runner.py", line 113, in pytest_runtest_protocol
    runtestprotocol(item, nextitem=nextitem)
    ~~~~~~~~~~~~~~~^^^^^^^^^^^^^^^^^^^^^^^^^
  File "C:\Users\richardi\1_2\venv\Lib\site-packages\_pytest\runner.py", line 132, in runtestprotocol
    reports.append(call_and_report(item, "call", log))
                   ~~~~~~~~~~~~~~~^^^^^^^^^^^^^^^^^^^
  File "C:\Users\richardi\1_2\venv\Lib\site-packages\_pytest\runner.py", line 244, in call_and_report
    report: TestReport = ihook.pytest_runtest_makereport(item=item, call=call)
                         ~~~~~~~~~~~~~~~~~~~~~~~~~~~~~~~^^^^^^^^^^^^^^^^^^^^^^
  File "C:\Users\richardi\1_2\venv\Lib\site-packages\pluggy\_hooks.py", line 513, in __call__
    return self._hookexec(self.name, self._hookimpls.copy(), kwargs, firstresult)
           ~~~~~~~~~~~~~~^^^^^^^^^^^^^^^^^^^^^^^^^^^^^^^^^^^^^^^^^^^^^^^^^^^^^^^^
  File "C:\Users\richardi\1_2\venv\Lib\site-packages\pluggy\_manager.py", line 120, in _hookexec
    return self._inner_hookexec(hook_name, methods, kwargs, firstresult)
           ~~~~~~~~~~~~~~~~~~~~^^^^^^^^^^^^^^^^^^^^^^^^^^^^^^^^^^^^^^^^^
  File "C:\Users\richardi\1_2\venv\Lib\site-packages\pluggy\_callers.py", line 156, in _multicall
    teardown[0].send(outcome)
    ~~~~~~~~~~~~~~~~^^^^^^^^^
  File "C:\Users\richardi\1_2\venv\Lib\site-packages\pytest_jsonreport\plugin.py", line 83, in pytest_runtest_makereport
    report = (yield).get_result()
  File "C:\Users\richardi\1_2\venv\Lib\site-packages\pluggy\_result.py", line 100, in get_result
    raise exc.with_traceback(exc.__traceback__)
  File "C:\Users\richardi\1_2\venv\Lib\site-packages\pluggy\_callers.py", line 167, in _multicall
    teardown.throw(outcome._exception)
    ~~~~~~~~~~~~~~^^^^^^^^^^^^^^^^^^^^
  File "C:\Users\richardi\1_2\venv\Lib\site-packages\pytestqt\logging.py", line 45, in pytest_runtest_makereport
    report = yield
             ^^^^^
  File "C:\Users\richardi\1_2\venv\Lib\site-packages\pluggy\_callers.py", line 167, in _multicall
    teardown.throw(outcome._exception)
    ~~~~~~~~~~~~~~^^^^^^^^^^^^^^^^^^^^
  File "C:\Users\richardi\1_2\venv\Lib\site-packages\_pytest\skipping.py", line 269, in pytest_runtest_makereport
    rep = yield
          ^^^^^
  File "C:\Users\richardi\1_2\venv\Lib\site-packages\pluggy\_callers.py", line 103, in _multicall
    res = hook_impl.function(*args)
  File "C:\Users\richardi\1_2\tests\unit\conftest.py", line 261, in pytest_runtest_makereport
    print(f"✅ PASSED: {test_name}")
    ~~~~~^^^^^^^^^^^^^^^^^^^^^^^^^^^
  File "C:\Users\richardi\AppData\Local\Programs\Python\Python313\Lib\encodings\cp1252.py", line 19, in encode
    return codecs.charmap_encode(input,self.errors,encoding_table)[0]
           ~~~~~~~~~~~~~~~~~~~~~^^^^^^^^^^^^^^^^^^^^^^^^^^^^^^^^^^
UnicodeEncodeError: 'charmap' codec can't encode character '\u2705' in position 0: character maps to &lt;undefined&gt;</error></testcase></testsuite></testsuites>