<?xml version="1.0" encoding="utf-8"?><testsuites><testsuite name="pytest" errors="54" failures="0" skipped="0" tests="54" time="9.792" timestamp="2025-08-28T14:24:48.964477+02:00" hostname="DESKTOP-M4DIPMD"><testcase classname="test_en_and_decrypt_2025-08-28.TestEnAndDecryptGUIInitialization" name="test_initialization_without_standard_window" time="0.009"><error message="failed on setup with &quot;UnicodeEncodeError: 'charmap' codec can't encode character '\U0001f9ea' in position 2: character maps to &lt;undefined&gt;&quot;">venv\Lib\site-packages\pytestqt\plugin.py:180: in pytest_runtest_setup
    result = yield
tests\unit\conftest.py:235: in pytest_runtest_setup
    print(f"\n#x1F9EA Starting test: {test_name}")
..\AppData\Local\Programs\Python\Python313\Lib\encodings\cp1252.py:19: in encode
    return codecs.charmap_encode(input,self.errors,encoding_table)[0]
E   UnicodeEncodeError: 'charmap' codec can't encode character '\U0001f9ea' in position 2: character maps to &lt;undefined&gt;</error><error message="failed on teardown with &quot;UnicodeEncodeError: 'charmap' codec can't encode character '\u2705' in position 0: character maps to &lt;undefined&gt;&quot;">venv\Lib\site-packages\pytestqt\plugin.py:207: in pytest_runtest_teardown
    result = yield
tests\unit\conftest.py:241: in pytest_runtest_teardown
    print(f"✅ Completed test: {test_name}")
..\AppData\Local\Programs\Python\Python313\Lib\encodings\cp1252.py:19: in encode
    return codecs.charmap_encode(input,self.errors,encoding_table)[0]
E   UnicodeEncodeError: 'charmap' codec can't encode character '\u2705' in position 0: character maps to &lt;undefined&gt;</error></testcase><testcase classname="test_en_and_decrypt_2025-08-28.TestEnAndDecryptGUIInitialization" name="test_menu_callbacks_setup" time="0.003"><error message="failed on setup with &quot;UnicodeEncodeError: 'charmap' codec can't encode character '\U0001f9ea' in position 2: character maps to &lt;undefined&gt;&quot;">venv\Lib\site-packages\pytestqt\plugin.py:180: in pytest_runtest_setup
    result = yield
tests\unit\conftest.py:235: in pytest_runtest_setup
    print(f"\n#x1F9EA Starting test: {test_name}")
..\AppData\Local\Programs\Python\Python313\Lib\encodings\cp1252.py:19: in encode
    return codecs.charmap_encode(input,self.errors,encoding_table)[0]
E   UnicodeEncodeError: 'charmap' codec can't encode character '\U0001f9ea' in position 2: character maps to &lt;undefined&gt;</error><error message="failed on teardown with &quot;UnicodeEncodeError: 'charmap' codec can't encode character '\u2705' in position 0: character maps to &lt;undefined&gt;&quot;">venv\Lib\site-packages\pytestqt\plugin.py:207: in pytest_runtest_teardown
    result = yield
tests\unit\conftest.py:241: in pytest_runtest_teardown
    print(f"✅ Completed test: {test_name}")
..\AppData\Local\Programs\Python\Python313\Lib\encodings\cp1252.py:19: in encode
    return codecs.charmap_encode(input,self.errors,encoding_table)[0]
E   UnicodeEncodeError: 'charmap' codec can't encode character '\u2705' in position 0: character maps to &lt;undefined&gt;</error></testcase><testcase classname="test_en_and_decrypt_2025-08-28.TestEnAndDecryptGUIInitialization" name="test_initialization_with_standard_window" time="0.002"><error message="failed on setup with &quot;UnicodeEncodeError: 'charmap' codec can't encode character '\U0001f9ea' in position 2: character maps to &lt;undefined&gt;&quot;">venv\Lib\site-packages\pytestqt\plugin.py:180: in pytest_runtest_setup
    result = yield
tests\unit\conftest.py:235: in pytest_runtest_setup
    print(f"\n#x1F9EA Starting test: {test_name}")
..\AppData\Local\Programs\Python\Python313\Lib\encodings\cp1252.py:19: in encode
    return codecs.charmap_encode(input,self.errors,encoding_table)[0]
E   UnicodeEncodeError: 'charmap' codec can't encode character '\U0001f9ea' in position 2: character maps to &lt;undefined&gt;</error><error message="failed on teardown with &quot;UnicodeEncodeError: 'charmap' codec can't encode character '\u2705' in position 0: character maps to &lt;undefined&gt;&quot;">venv\Lib\site-packages\pytestqt\plugin.py:207: in pytest_runtest_teardown
    result = yield
tests\unit\conftest.py:241: in pytest_runtest_teardown
    print(f"✅ Completed test: {test_name}")
..\AppData\Local\Programs\Python\Python313\Lib\encodings\cp1252.py:19: in encode
    return codecs.charmap_encode(input,self.errors,encoding_table)[0]
E   UnicodeEncodeError: 'charmap' codec can't encode character '\u2705' in position 0: character maps to &lt;undefined&gt;</error></testcase><testcase classname="test_en_and_decrypt_2025-08-28.TestUIComponents" name="test_progress_bar_initial_state" time="0.002"><error message="failed on setup with &quot;UnicodeEncodeError: 'charmap' codec can't encode character '\U0001f9ea' in position 2: character maps to &lt;undefined&gt;&quot;">venv\Lib\site-packages\pytestqt\plugin.py:180: in pytest_runtest_setup
    result = yield
tests\unit\conftest.py:235: in pytest_runtest_setup
    print(f"\n#x1F9EA Starting test: {test_name}")
..\AppData\Local\Programs\Python\Python313\Lib\encodings\cp1252.py:19: in encode
    return codecs.charmap_encode(input,self.errors,encoding_table)[0]
E   UnicodeEncodeError: 'charmap' codec can't encode character '\U0001f9ea' in position 2: character maps to &lt;undefined&gt;</error><error message="failed on teardown with &quot;UnicodeEncodeError: 'charmap' codec can't encode character '\u2705' in position 0: character maps to &lt;undefined&gt;&quot;">venv\Lib\site-packages\pytestqt\plugin.py:207: in pytest_runtest_teardown
    result = yield
tests\unit\conftest.py:241: in pytest_runtest_teardown
    print(f"✅ Completed test: {test_name}")
..\AppData\Local\Programs\Python\Python313\Lib\encodings\cp1252.py:19: in encode
    return codecs.charmap_encode(input,self.errors,encoding_table)[0]
E   UnicodeEncodeError: 'charmap' codec can't encode character '\u2705' in position 0: character maps to &lt;undefined&gt;</error></testcase><testcase classname="test_en_and_decrypt_2025-08-28.TestUIComponents" name="test_init_ui_components_creation" time="0.003"><error message="failed on setup with &quot;UnicodeEncodeError: 'charmap' codec can't encode character '\U0001f9ea' in position 2: character maps to &lt;undefined&gt;&quot;">venv\Lib\site-packages\pytestqt\plugin.py:180: in pytest_runtest_setup
    result = yield
tests\unit\conftest.py:235: in pytest_runtest_setup
    print(f"\n#x1F9EA Starting test: {test_name}")
..\AppData\Local\Programs\Python\Python313\Lib\encodings\cp1252.py:19: in encode
    return codecs.charmap_encode(input,self.errors,encoding_table)[0]
E   UnicodeEncodeError: 'charmap' codec can't encode character '\U0001f9ea' in position 2: character maps to &lt;undefined&gt;</error><error message="failed on teardown with &quot;UnicodeEncodeError: 'charmap' codec can't encode character '\u2705' in position 0: character maps to &lt;undefined&gt;&quot;">venv\Lib\site-packages\pytestqt\plugin.py:207: in pytest_runtest_teardown
    result = yield
tests\unit\conftest.py:241: in pytest_runtest_teardown
    print(f"✅ Completed test: {test_name}")
..\AppData\Local\Programs\Python\Python313\Lib\encodings\cp1252.py:19: in encode
    return codecs.charmap_encode(input,self.errors,encoding_table)[0]
E   UnicodeEncodeError: 'charmap' codec can't encode character '\u2705' in position 0: character maps to &lt;undefined&gt;</error></testcase><testcase classname="test_en_and_decrypt_2025-08-28.TestUIComponents" name="test_password_field_configuration" time="0.002"><error message="failed on setup with &quot;UnicodeEncodeError: 'charmap' codec can't encode character '\U0001f9ea' in position 2: character maps to &lt;undefined&gt;&quot;">venv\Lib\site-packages\pytestqt\plugin.py:180: in pytest_runtest_setup
    result = yield
tests\unit\conftest.py:235: in pytest_runtest_setup
    print(f"\n#x1F9EA Starting test: {test_name}")
..\AppData\Local\Programs\Python\Python313\Lib\encodings\cp1252.py:19: in encode
    return codecs.charmap_encode(input,self.errors,encoding_table)[0]
E   UnicodeEncodeError: 'charmap' codec can't encode character '\U0001f9ea' in position 2: character maps to &lt;undefined&gt;</error><error message="failed on teardown with &quot;UnicodeEncodeError: 'charmap' codec can't encode character '\u2705' in position 0: character maps to &lt;undefined&gt;&quot;">venv\Lib\site-packages\pytestqt\plugin.py:207: in pytest_runtest_teardown
    result = yield
tests\unit\conftest.py:241: in pytest_runtest_teardown
    print(f"✅ Completed test: {test_name}")
..\AppData\Local\Programs\Python\Python313\Lib\encodings\cp1252.py:19: in encode
    return codecs.charmap_encode(input,self.errors,encoding_table)[0]
E   UnicodeEncodeError: 'charmap' codec can't encode character '\u2705' in position 0: character maps to &lt;undefined&gt;</error></testcase><testcase classname="test_en_and_decrypt_2025-08-28.TestEdgeCases" name="test_special_characters_in_file_paths" time="0.002"><error message="failed on setup with &quot;UnicodeEncodeError: 'charmap' codec can't encode character '\U0001f9ea' in position 2: character maps to &lt;undefined&gt;&quot;">venv\Lib\site-packages\pytestqt\plugin.py:180: in pytest_runtest_setup
    result = yield
tests\unit\conftest.py:235: in pytest_runtest_setup
    print(f"\n#x1F9EA Starting test: {test_name}")
..\AppData\Local\Programs\Python\Python313\Lib\encodings\cp1252.py:19: in encode
    return codecs.charmap_encode(input,self.errors,encoding_table)[0]
E   UnicodeEncodeError: 'charmap' codec can't encode character '\U0001f9ea' in position 2: character maps to &lt;undefined&gt;</error><error message="failed on teardown with &quot;UnicodeEncodeError: 'charmap' codec can't encode character '\u2705' in position 0: character maps to &lt;undefined&gt;&quot;">venv\Lib\site-packages\pytestqt\plugin.py:207: in pytest_runtest_teardown
    result = yield
tests\unit\conftest.py:241: in pytest_runtest_teardown
    print(f"✅ Completed test: {test_name}")
..\AppData\Local\Programs\Python\Python313\Lib\encodings\cp1252.py:19: in encode
    return codecs.charmap_encode(input,self.errors,encoding_table)[0]
E   UnicodeEncodeError: 'charmap' codec can't encode character '\u2705' in position 0: character maps to &lt;undefined&gt;</error></testcase><testcase classname="test_en_and_decrypt_2025-08-28.TestEdgeCases" name="test_large_file_list_handling" time="0.002"><error message="failed on setup with &quot;UnicodeEncodeError: 'charmap' codec can't encode character '\U0001f9ea' in position 2: character maps to &lt;undefined&gt;&quot;">venv\Lib\site-packages\pytestqt\plugin.py:180: in pytest_runtest_setup
    result = yield
tests\unit\conftest.py:235: in pytest_runtest_setup
    print(f"\n#x1F9EA Starting test: {test_name}")
..\AppData\Local\Programs\Python\Python313\Lib\encodings\cp1252.py:19: in encode
    return codecs.charmap_encode(input,self.errors,encoding_table)[0]
E   UnicodeEncodeError: 'charmap' codec can't encode character '\U0001f9ea' in position 2: character maps to &lt;undefined&gt;</error><error message="failed on teardown with &quot;UnicodeEncodeError: 'charmap' codec can't encode character '\u2705' in position 0: character maps to &lt;undefined&gt;&quot;">venv\Lib\site-packages\pytestqt\plugin.py:207: in pytest_runtest_teardown
    result = yield
tests\unit\conftest.py:241: in pytest_runtest_teardown
    print(f"✅ Completed test: {test_name}")
..\AppData\Local\Programs\Python\Python313\Lib\encodings\cp1252.py:19: in encode
    return codecs.charmap_encode(input,self.errors,encoding_table)[0]
E   UnicodeEncodeError: 'charmap' codec can't encode character '\u2705' in position 0: character maps to &lt;undefined&gt;</error></testcase><testcase classname="test_en_and_decrypt_2025-08-28.TestEdgeCases" name="test_empty_password_edge_cases" time="0.002"><error message="failed on setup with &quot;UnicodeEncodeError: 'charmap' codec can't encode character '\U0001f9ea' in position 2: character maps to &lt;undefined&gt;&quot;">venv\Lib\site-packages\pytestqt\plugin.py:180: in pytest_runtest_setup
    result = yield
tests\unit\conftest.py:235: in pytest_runtest_setup
    print(f"\n#x1F9EA Starting test: {test_name}")
..\AppData\Local\Programs\Python\Python313\Lib\encodings\cp1252.py:19: in encode
    return codecs.charmap_encode(input,self.errors,encoding_table)[0]
E   UnicodeEncodeError: 'charmap' codec can't encode character '\U0001f9ea' in position 2: character maps to &lt;undefined&gt;</error><error message="failed on teardown with &quot;UnicodeEncodeError: 'charmap' codec can't encode character '\u2705' in position 0: character maps to &lt;undefined&gt;&quot;">venv\Lib\site-packages\pytestqt\plugin.py:207: in pytest_runtest_teardown
    result = yield
tests\unit\conftest.py:241: in pytest_runtest_teardown
    print(f"✅ Completed test: {test_name}")
..\AppData\Local\Programs\Python\Python313\Lib\encodings\cp1252.py:19: in encode
    return codecs.charmap_encode(input,self.errors,encoding_table)[0]
E   UnicodeEncodeError: 'charmap' codec can't encode character '\u2705' in position 0: character maps to &lt;undefined&gt;</error></testcase><testcase classname="test_en_and_decrypt_2025-08-28.TestEdgeCases" name="test_missing_attributes_handling" time="0.002"><error message="failed on setup with &quot;UnicodeEncodeError: 'charmap' codec can't encode character '\U0001f9ea' in position 2: character maps to &lt;undefined&gt;&quot;">venv\Lib\site-packages\pytestqt\plugin.py:180: in pytest_runtest_setup
    result = yield
tests\unit\conftest.py:235: in pytest_runtest_setup
    print(f"\n#x1F9EA Starting test: {test_name}")
..\AppData\Local\Programs\Python\Python313\Lib\encodings\cp1252.py:19: in encode
    return codecs.charmap_encode(input,self.errors,encoding_table)[0]
E   UnicodeEncodeError: 'charmap' codec can't encode character '\U0001f9ea' in position 2: character maps to &lt;undefined&gt;</error><error message="failed on teardown with &quot;UnicodeEncodeError: 'charmap' codec can't encode character '\u2705' in position 0: character maps to &lt;undefined&gt;&quot;">venv\Lib\site-packages\pytestqt\plugin.py:207: in pytest_runtest_teardown
    result = yield
tests\unit\conftest.py:241: in pytest_runtest_teardown
    print(f"✅ Completed test: {test_name}")
..\AppData\Local\Programs\Python\Python313\Lib\encodings\cp1252.py:19: in encode
    return codecs.charmap_encode(input,self.errors,encoding_table)[0]
E   UnicodeEncodeError: 'charmap' codec can't encode character '\u2705' in position 0: character maps to &lt;undefined&gt;</error></testcase><testcase classname="test_en_and_decrypt_2025-08-28.TestUtilityMethods" name="test_refresh_view" time="0.002"><error message="failed on setup with &quot;UnicodeEncodeError: 'charmap' codec can't encode character '\U0001f9ea' in position 2: character maps to &lt;undefined&gt;&quot;">venv\Lib\site-packages\pytestqt\plugin.py:180: in pytest_runtest_setup
    result = yield
tests\unit\conftest.py:235: in pytest_runtest_setup
    print(f"\n#x1F9EA Starting test: {test_name}")
..\AppData\Local\Programs\Python\Python313\Lib\encodings\cp1252.py:19: in encode
    return codecs.charmap_encode(input,self.errors,encoding_table)[0]
E   UnicodeEncodeError: 'charmap' codec can't encode character '\U0001f9ea' in position 2: character maps to &lt;undefined&gt;</error><error message="failed on teardown with &quot;UnicodeEncodeError: 'charmap' codec can't encode character '\u2705' in position 0: character maps to &lt;undefined&gt;&quot;">venv\Lib\site-packages\pytestqt\plugin.py:207: in pytest_runtest_teardown
    result = yield
tests\unit\conftest.py:241: in pytest_runtest_teardown
    print(f"✅ Completed test: {test_name}")
..\AppData\Local\Programs\Python\Python313\Lib\encodings\cp1252.py:19: in encode
    return codecs.charmap_encode(input,self.errors,encoding_table)[0]
E   UnicodeEncodeError: 'charmap' codec can't encode character '\u2705' in position 0: character maps to &lt;undefined&gt;</error></testcase><testcase classname="test_en_and_decrypt_2025-08-28.TestUtilityMethods" name="test_show_preferences" time="0.002"><error message="failed on setup with &quot;UnicodeEncodeError: 'charmap' codec can't encode character '\U0001f9ea' in position 2: character maps to &lt;undefined&gt;&quot;">venv\Lib\site-packages\pytestqt\plugin.py:180: in pytest_runtest_setup
    result = yield
tests\unit\conftest.py:235: in pytest_runtest_setup
    print(f"\n#x1F9EA Starting test: {test_name}")
..\AppData\Local\Programs\Python\Python313\Lib\encodings\cp1252.py:19: in encode
    return codecs.charmap_encode(input,self.errors,encoding_table)[0]
E   UnicodeEncodeError: 'charmap' codec can't encode character '\U0001f9ea' in position 2: character maps to &lt;undefined&gt;</error><error message="failed on teardown with &quot;UnicodeEncodeError: 'charmap' codec can't encode character '\u2705' in position 0: character maps to &lt;undefined&gt;&quot;">venv\Lib\site-packages\pytestqt\plugin.py:207: in pytest_runtest_teardown
    result = yield
tests\unit\conftest.py:241: in pytest_runtest_teardown
    print(f"✅ Completed test: {test_name}")
..\AppData\Local\Programs\Python\Python313\Lib\encodings\cp1252.py:19: in encode
    return codecs.charmap_encode(input,self.errors,encoding_table)[0]
E   UnicodeEncodeError: 'charmap' codec can't encode character '\u2705' in position 0: character maps to &lt;undefined&gt;</error></testcase><testcase classname="test_en_and_decrypt_2025-08-28.TestUtilityMethods" name="test_show_help" time="0.002"><error message="failed on setup with &quot;UnicodeEncodeError: 'charmap' codec can't encode character '\U0001f9ea' in position 2: character maps to &lt;undefined&gt;&quot;">venv\Lib\site-packages\pytestqt\plugin.py:180: in pytest_runtest_setup
    result = yield
tests\unit\conftest.py:235: in pytest_runtest_setup
    print(f"\n#x1F9EA Starting test: {test_name}")
..\AppData\Local\Programs\Python\Python313\Lib\encodings\cp1252.py:19: in encode
    return codecs.charmap_encode(input,self.errors,encoding_table)[0]
E   UnicodeEncodeError: 'charmap' codec can't encode character '\U0001f9ea' in position 2: character maps to &lt;undefined&gt;</error><error message="failed on teardown with &quot;UnicodeEncodeError: 'charmap' codec can't encode character '\u2705' in position 0: character maps to &lt;undefined&gt;&quot;">venv\Lib\site-packages\pytestqt\plugin.py:207: in pytest_runtest_teardown
    result = yield
tests\unit\conftest.py:241: in pytest_runtest_teardown
    print(f"✅ Completed test: {test_name}")
..\AppData\Local\Programs\Python\Python313\Lib\encodings\cp1252.py:19: in encode
    return codecs.charmap_encode(input,self.errors,encoding_table)[0]
E   UnicodeEncodeError: 'charmap' codec can't encode character '\u2705' in position 0: character maps to &lt;undefined&gt;</error></testcase><testcase classname="test_en_and_decrypt_2025-08-28.TestUtilityMethods" name="test_clear_operation" time="0.002"><error message="failed on setup with &quot;UnicodeEncodeError: 'charmap' codec can't encode character '\U0001f9ea' in position 2: character maps to &lt;undefined&gt;&quot;">venv\Lib\site-packages\pytestqt\plugin.py:180: in pytest_runtest_setup
    result = yield
tests\unit\conftest.py:235: in pytest_runtest_setup
    print(f"\n#x1F9EA Starting test: {test_name}")
..\AppData\Local\Programs\Python\Python313\Lib\encodings\cp1252.py:19: in encode
    return codecs.charmap_encode(input,self.errors,encoding_table)[0]
E   UnicodeEncodeError: 'charmap' codec can't encode character '\U0001f9ea' in position 2: character maps to &lt;undefined&gt;</error><error message="failed on teardown with &quot;UnicodeEncodeError: 'charmap' codec can't encode character '\u2705' in position 0: character maps to &lt;undefined&gt;&quot;">venv\Lib\site-packages\pytestqt\plugin.py:207: in pytest_runtest_teardown
    result = yield
tests\unit\conftest.py:241: in pytest_runtest_teardown
    print(f"✅ Completed test: {test_name}")
..\AppData\Local\Programs\Python\Python313\Lib\encodings\cp1252.py:19: in encode
    return codecs.charmap_encode(input,self.errors,encoding_table)[0]
E   UnicodeEncodeError: 'charmap' codec can't encode character '\u2705' in position 0: character maps to &lt;undefined&gt;</error></testcase><testcase classname="test_en_and_decrypt_2025-08-28.TestFileSelection" name="test_select_encrypt_files_success" time="0.002"><error message="failed on setup with &quot;UnicodeEncodeError: 'charmap' codec can't encode character '\U0001f9ea' in position 2: character maps to &lt;undefined&gt;&quot;">venv\Lib\site-packages\pytestqt\plugin.py:180: in pytest_runtest_setup
    result = yield
tests\unit\conftest.py:235: in pytest_runtest_setup
    print(f"\n#x1F9EA Starting test: {test_name}")
..\AppData\Local\Programs\Python\Python313\Lib\encodings\cp1252.py:19: in encode
    return codecs.charmap_encode(input,self.errors,encoding_table)[0]
E   UnicodeEncodeError: 'charmap' codec can't encode character '\U0001f9ea' in position 2: character maps to &lt;undefined&gt;</error><error message="failed on teardown with &quot;UnicodeEncodeError: 'charmap' codec can't encode character '\u2705' in position 0: character maps to &lt;undefined&gt;&quot;">venv\Lib\site-packages\pytestqt\plugin.py:207: in pytest_runtest_teardown
    result = yield
tests\unit\conftest.py:241: in pytest_runtest_teardown
    print(f"✅ Completed test: {test_name}")
..\AppData\Local\Programs\Python\Python313\Lib\encodings\cp1252.py:19: in encode
    return codecs.charmap_encode(input,self.errors,encoding_table)[0]
E   UnicodeEncodeError: 'charmap' codec can't encode character '\u2705' in position 0: character maps to &lt;undefined&gt;</error></testcase><testcase classname="test_en_and_decrypt_2025-08-28.TestFileSelection" name="test_select_decrypt_files_cancelled" time="0.002"><error message="failed on setup with &quot;UnicodeEncodeError: 'charmap' codec can't encode character '\U0001f9ea' in position 2: character maps to &lt;undefined&gt;&quot;">venv\Lib\site-packages\pytestqt\plugin.py:180: in pytest_runtest_setup
    result = yield
tests\unit\conftest.py:235: in pytest_runtest_setup
    print(f"\n#x1F9EA Starting test: {test_name}")
..\AppData\Local\Programs\Python\Python313\Lib\encodings\cp1252.py:19: in encode
    return codecs.charmap_encode(input,self.errors,encoding_table)[0]
E   UnicodeEncodeError: 'charmap' codec can't encode character '\U0001f9ea' in position 2: character maps to &lt;undefined&gt;</error><error message="failed on teardown with &quot;UnicodeEncodeError: 'charmap' codec can't encode character '\u2705' in position 0: character maps to &lt;undefined&gt;&quot;">venv\Lib\site-packages\pytestqt\plugin.py:207: in pytest_runtest_teardown
    result = yield
tests\unit\conftest.py:241: in pytest_runtest_teardown
    print(f"✅ Completed test: {test_name}")
..\AppData\Local\Programs\Python\Python313\Lib\encodings\cp1252.py:19: in encode
    return codecs.charmap_encode(input,self.errors,encoding_table)[0]
E   UnicodeEncodeError: 'charmap' codec can't encode character '\u2705' in position 0: character maps to &lt;undefined&gt;</error></testcase><testcase classname="test_en_and_decrypt_2025-08-28.TestFileSelection" name="test_select_encrypt_files_cancelled" time="0.001"><error message="failed on setup with &quot;UnicodeEncodeError: 'charmap' codec can't encode character '\U0001f9ea' in position 2: character maps to &lt;undefined&gt;&quot;">venv\Lib\site-packages\pytestqt\plugin.py:180: in pytest_runtest_setup
    result = yield
tests\unit\conftest.py:235: in pytest_runtest_setup
    print(f"\n#x1F9EA Starting test: {test_name}")
..\AppData\Local\Programs\Python\Python313\Lib\encodings\cp1252.py:19: in encode
    return codecs.charmap_encode(input,self.errors,encoding_table)[0]
E   UnicodeEncodeError: 'charmap' codec can't encode character '\U0001f9ea' in position 2: character maps to &lt;undefined&gt;</error><error message="failed on teardown with &quot;UnicodeEncodeError: 'charmap' codec can't encode character '\u2705' in position 0: character maps to &lt;undefined&gt;&quot;">venv\Lib\site-packages\pytestqt\plugin.py:207: in pytest_runtest_teardown
    result = yield
tests\unit\conftest.py:241: in pytest_runtest_teardown
    print(f"✅ Completed test: {test_name}")
..\AppData\Local\Programs\Python\Python313\Lib\encodings\cp1252.py:19: in encode
    return codecs.charmap_encode(input,self.errors,encoding_table)[0]
E   UnicodeEncodeError: 'charmap' codec can't encode character '\u2705' in position 0: character maps to &lt;undefined&gt;</error></testcase><testcase classname="test_en_and_decrypt_2025-08-28.TestFileSelection" name="test_select_decrypt_files_success" time="0.002"><error message="failed on setup with &quot;UnicodeEncodeError: 'charmap' codec can't encode character '\U0001f9ea' in position 2: character maps to &lt;undefined&gt;&quot;">venv\Lib\site-packages\pytestqt\plugin.py:180: in pytest_runtest_setup
    result = yield
tests\unit\conftest.py:235: in pytest_runtest_setup
    print(f"\n#x1F9EA Starting test: {test_name}")
..\AppData\Local\Programs\Python\Python313\Lib\encodings\cp1252.py:19: in encode
    return codecs.charmap_encode(input,self.errors,encoding_table)[0]
E   UnicodeEncodeError: 'charmap' codec can't encode character '\U0001f9ea' in position 2: character maps to &lt;undefined&gt;</error><error message="failed on teardown with &quot;UnicodeEncodeError: 'charmap' codec can't encode character '\u2705' in position 0: character maps to &lt;undefined&gt;&quot;">venv\Lib\site-packages\pytestqt\plugin.py:207: in pytest_runtest_teardown
    result = yield
tests\unit\conftest.py:241: in pytest_runtest_teardown
    print(f"✅ Completed test: {test_name}")
..\AppData\Local\Programs\Python\Python313\Lib\encodings\cp1252.py:19: in encode
    return codecs.charmap_encode(input,self.errors,encoding_table)[0]
E   UnicodeEncodeError: 'charmap' codec can't encode character '\u2705' in position 0: character maps to &lt;undefined&gt;</error></testcase><testcase classname="test_en_and_decrypt_2025-08-28.TestEncryptionDecryption" name="test_encrypt_files_with_valid_input" time="0.002"><error message="failed on setup with &quot;UnicodeEncodeError: 'charmap' codec can't encode character '\U0001f9ea' in position 2: character maps to &lt;undefined&gt;&quot;">venv\Lib\site-packages\pytestqt\plugin.py:180: in pytest_runtest_setup
    result = yield
tests\unit\conftest.py:235: in pytest_runtest_setup
    print(f"\n#x1F9EA Starting test: {test_name}")
..\AppData\Local\Programs\Python\Python313\Lib\encodings\cp1252.py:19: in encode
    return codecs.charmap_encode(input,self.errors,encoding_table)[0]
E   UnicodeEncodeError: 'charmap' codec can't encode character '\U0001f9ea' in position 2: character maps to &lt;undefined&gt;</error><error message="failed on teardown with &quot;UnicodeEncodeError: 'charmap' codec can't encode character '\u2705' in position 0: character maps to &lt;undefined&gt;&quot;">venv\Lib\site-packages\pytestqt\plugin.py:207: in pytest_runtest_teardown
    result = yield
tests\unit\conftest.py:241: in pytest_runtest_teardown
    print(f"✅ Completed test: {test_name}")
..\AppData\Local\Programs\Python\Python313\Lib\encodings\cp1252.py:19: in encode
    return codecs.charmap_encode(input,self.errors,encoding_table)[0]
E   UnicodeEncodeError: 'charmap' codec can't encode character '\u2705' in position 0: character maps to &lt;undefined&gt;</error></testcase><testcase classname="test_en_and_decrypt_2025-08-28.TestEncryptionDecryption" name="test_decrypt_files_with_valid_input" time="0.002"><error message="failed on setup with &quot;UnicodeEncodeError: 'charmap' codec can't encode character '\U0001f9ea' in position 2: character maps to &lt;undefined&gt;&quot;">venv\Lib\site-packages\pytestqt\plugin.py:180: in pytest_runtest_setup
    result = yield
tests\unit\conftest.py:235: in pytest_runtest_setup
    print(f"\n#x1F9EA Starting test: {test_name}")
..\AppData\Local\Programs\Python\Python313\Lib\encodings\cp1252.py:19: in encode
    return codecs.charmap_encode(input,self.errors,encoding_table)[0]
E   UnicodeEncodeError: 'charmap' codec can't encode character '\U0001f9ea' in position 2: character maps to &lt;undefined&gt;</error><error message="failed on teardown with &quot;UnicodeEncodeError: 'charmap' codec can't encode character '\u2705' in position 0: character maps to &lt;undefined&gt;&quot;">venv\Lib\site-packages\pytestqt\plugin.py:207: in pytest_runtest_teardown
    result = yield
tests\unit\conftest.py:241: in pytest_runtest_teardown
    print(f"✅ Completed test: {test_name}")
..\AppData\Local\Programs\Python\Python313\Lib\encodings\cp1252.py:19: in encode
    return codecs.charmap_encode(input,self.errors,encoding_table)[0]
E   UnicodeEncodeError: 'charmap' codec can't encode character '\u2705' in position 0: character maps to &lt;undefined&gt;</error></testcase><testcase classname="test_en_and_decrypt_2025-08-28.TestEncryptionDecryption" name="test_encrypt_files_no_files_selected" time="0.002"><error message="failed on setup with &quot;UnicodeEncodeError: 'charmap' codec can't encode character '\U0001f9ea' in position 2: character maps to &lt;undefined&gt;&quot;">venv\Lib\site-packages\pytestqt\plugin.py:180: in pytest_runtest_setup
    result = yield
tests\unit\conftest.py:235: in pytest_runtest_setup
    print(f"\n#x1F9EA Starting test: {test_name}")
..\AppData\Local\Programs\Python\Python313\Lib\encodings\cp1252.py:19: in encode
    return codecs.charmap_encode(input,self.errors,encoding_table)[0]
E   UnicodeEncodeError: 'charmap' codec can't encode character '\U0001f9ea' in position 2: character maps to &lt;undefined&gt;</error><error message="failed on teardown with &quot;UnicodeEncodeError: 'charmap' codec can't encode character '\u2705' in position 0: character maps to &lt;undefined&gt;&quot;">venv\Lib\site-packages\pytestqt\plugin.py:207: in pytest_runtest_teardown
    result = yield
tests\unit\conftest.py:241: in pytest_runtest_teardown
    print(f"✅ Completed test: {test_name}")
..\AppData\Local\Programs\Python\Python313\Lib\encodings\cp1252.py:19: in encode
    return codecs.charmap_encode(input,self.errors,encoding_table)[0]
E   UnicodeEncodeError: 'charmap' codec can't encode character '\u2705' in position 0: character maps to &lt;undefined&gt;</error></testcase><testcase classname="test_en_and_decrypt_2025-08-28.TestEncryptionDecryption" name="test_encrypt_files_no_password" time="0.011"><error message="failed on setup with &quot;UnicodeEncodeError: 'charmap' codec can't encode character '\U0001f9ea' in position 2: character maps to &lt;undefined&gt;&quot;">venv\Lib\site-packages\pytestqt\plugin.py:180: in pytest_runtest_setup
    result = yield
tests\unit\conftest.py:235: in pytest_runtest_setup
    print(f"\n#x1F9EA Starting test: {test_name}")
..\AppData\Local\Programs\Python\Python313\Lib\encodings\cp1252.py:19: in encode
    return codecs.charmap_encode(input,self.errors,encoding_table)[0]
E   UnicodeEncodeError: 'charmap' codec can't encode character '\U0001f9ea' in position 2: character maps to &lt;undefined&gt;</error><error message="failed on teardown with &quot;UnicodeEncodeError: 'charmap' codec can't encode character '\u2705' in position 0: character maps to &lt;undefined&gt;&quot;">venv\Lib\site-packages\pytestqt\plugin.py:207: in pytest_runtest_teardown
    result = yield
tests\unit\conftest.py:241: in pytest_runtest_teardown
    print(f"✅ Completed test: {test_name}")
..\AppData\Local\Programs\Python\Python313\Lib\encodings\cp1252.py:19: in encode
    return codecs.charmap_encode(input,self.errors,encoding_table)[0]
E   UnicodeEncodeError: 'charmap' codec can't encode character '\u2705' in position 0: character maps to &lt;undefined&gt;</error></testcase><testcase classname="test_en_and_decrypt_2025-08-28.TestEncryptionDecryption" name="test_decrypt_files_no_files_selected" time="0.002"><error message="failed on setup with &quot;UnicodeEncodeError: 'charmap' codec can't encode character '\U0001f9ea' in position 2: character maps to &lt;undefined&gt;&quot;">venv\Lib\site-packages\pytestqt\plugin.py:180: in pytest_runtest_setup
    result = yield
tests\unit\conftest.py:235: in pytest_runtest_setup
    print(f"\n#x1F9EA Starting test: {test_name}")
..\AppData\Local\Programs\Python\Python313\Lib\encodings\cp1252.py:19: in encode
    return codecs.charmap_encode(input,self.errors,encoding_table)[0]
E   UnicodeEncodeError: 'charmap' codec can't encode character '\U0001f9ea' in position 2: character maps to &lt;undefined&gt;</error><error message="failed on teardown with &quot;UnicodeEncodeError: 'charmap' codec can't encode character '\u2705' in position 0: character maps to &lt;undefined&gt;&quot;">venv\Lib\site-packages\pytestqt\plugin.py:207: in pytest_runtest_teardown
    result = yield
tests\unit\conftest.py:241: in pytest_runtest_teardown
    print(f"✅ Completed test: {test_name}")
..\AppData\Local\Programs\Python\Python313\Lib\encodings\cp1252.py:19: in encode
    return codecs.charmap_encode(input,self.errors,encoding_table)[0]
E   UnicodeEncodeError: 'charmap' codec can't encode character '\u2705' in position 0: character maps to &lt;undefined&gt;</error></testcase><testcase classname="test_en_and_decrypt_2025-08-28.TestEncryptionDecryption" name="test_decrypt_files_no_password" time="0.003"><error message="failed on setup with &quot;UnicodeEncodeError: 'charmap' codec can't encode character '\U0001f9ea' in position 2: character maps to &lt;undefined&gt;&quot;">venv\Lib\site-packages\pytestqt\plugin.py:180: in pytest_runtest_setup
    result = yield
tests\unit\conftest.py:235: in pytest_runtest_setup
    print(f"\n#x1F9EA Starting test: {test_name}")
..\AppData\Local\Programs\Python\Python313\Lib\encodings\cp1252.py:19: in encode
    return codecs.charmap_encode(input,self.errors,encoding_table)[0]
E   UnicodeEncodeError: 'charmap' codec can't encode character '\U0001f9ea' in position 2: character maps to &lt;undefined&gt;</error><error message="failed on teardown with &quot;UnicodeEncodeError: 'charmap' codec can't encode character '\u2705' in position 0: character maps to &lt;undefined&gt;&quot;">venv\Lib\site-packages\pytestqt\plugin.py:207: in pytest_runtest_teardown
    result = yield
tests\unit\conftest.py:241: in pytest_runtest_teardown
    print(f"✅ Completed test: {test_name}")
..\AppData\Local\Programs\Python\Python313\Lib\encodings\cp1252.py:19: in encode
    return codecs.charmap_encode(input,self.errors,encoding_table)[0]
E   UnicodeEncodeError: 'charmap' codec can't encode character '\u2705' in position 0: character maps to &lt;undefined&gt;</error></testcase><testcase classname="test_en_and_decrypt_2025-08-28.TestSecurityValidation" name="test_password_masking" time="0.002"><error message="failed on setup with &quot;UnicodeEncodeError: 'charmap' codec can't encode character '\U0001f9ea' in position 2: character maps to &lt;undefined&gt;&quot;">venv\Lib\site-packages\pytestqt\plugin.py:180: in pytest_runtest_setup
    result = yield
tests\unit\conftest.py:235: in pytest_runtest_setup
    print(f"\n#x1F9EA Starting test: {test_name}")
..\AppData\Local\Programs\Python\Python313\Lib\encodings\cp1252.py:19: in encode
    return codecs.charmap_encode(input,self.errors,encoding_table)[0]
E   UnicodeEncodeError: 'charmap' codec can't encode character '\U0001f9ea' in position 2: character maps to &lt;undefined&gt;</error><error message="failed on teardown with &quot;UnicodeEncodeError: 'charmap' codec can't encode character '\u2705' in position 0: character maps to &lt;undefined&gt;&quot;">venv\Lib\site-packages\pytestqt\plugin.py:207: in pytest_runtest_teardown
    result = yield
tests\unit\conftest.py:241: in pytest_runtest_teardown
    print(f"✅ Completed test: {test_name}")
..\AppData\Local\Programs\Python\Python313\Lib\encodings\cp1252.py:19: in encode
    return codecs.charmap_encode(input,self.errors,encoding_table)[0]
E   UnicodeEncodeError: 'charmap' codec can't encode character '\u2705' in position 0: character maps to &lt;undefined&gt;</error></testcase><testcase classname="test_en_and_decrypt_2025-08-28.TestSecurityValidation" name="test_file_extension_validation" time="0.002"><error message="failed on setup with &quot;UnicodeEncodeError: 'charmap' codec can't encode character '\U0001f9ea' in position 2: character maps to &lt;undefined&gt;&quot;">venv\Lib\site-packages\pytestqt\plugin.py:180: in pytest_runtest_setup
    result = yield
tests\unit\conftest.py:235: in pytest_runtest_setup
    print(f"\n#x1F9EA Starting test: {test_name}")
..\AppData\Local\Programs\Python\Python313\Lib\encodings\cp1252.py:19: in encode
    return codecs.charmap_encode(input,self.errors,encoding_table)[0]
E   UnicodeEncodeError: 'charmap' codec can't encode character '\U0001f9ea' in position 2: character maps to &lt;undefined&gt;</error><error message="failed on teardown with &quot;UnicodeEncodeError: 'charmap' codec can't encode character '\u2705' in position 0: character maps to &lt;undefined&gt;&quot;">venv\Lib\site-packages\pytestqt\plugin.py:207: in pytest_runtest_teardown
    result = yield
tests\unit\conftest.py:241: in pytest_runtest_teardown
    print(f"✅ Completed test: {test_name}")
..\AppData\Local\Programs\Python\Python313\Lib\encodings\cp1252.py:19: in encode
    return codecs.charmap_encode(input,self.errors,encoding_table)[0]
E   UnicodeEncodeError: 'charmap' codec can't encode character '\u2705' in position 0: character maps to &lt;undefined&gt;</error></testcase><testcase classname="test_en_and_decrypt_2025-08-28.TestMainFunction" name="test_main_function" time="0.002"><error message="failed on setup with &quot;UnicodeEncodeError: 'charmap' codec can't encode character '\U0001f9ea' in position 2: character maps to &lt;undefined&gt;&quot;">venv\Lib\site-packages\pytestqt\plugin.py:180: in pytest_runtest_setup
    result = yield
tests\unit\conftest.py:235: in pytest_runtest_setup
    print(f"\n#x1F9EA Starting test: {test_name}")
..\AppData\Local\Programs\Python\Python313\Lib\encodings\cp1252.py:19: in encode
    return codecs.charmap_encode(input,self.errors,encoding_table)[0]
E   UnicodeEncodeError: 'charmap' codec can't encode character '\U0001f9ea' in position 2: character maps to &lt;undefined&gt;</error><error message="failed on teardown with &quot;UnicodeEncodeError: 'charmap' codec can't encode character '\u2705' in position 0: character maps to &lt;undefined&gt;&quot;">venv\Lib\site-packages\pytestqt\plugin.py:207: in pytest_runtest_teardown
    result = yield
tests\unit\conftest.py:241: in pytest_runtest_teardown
    print(f"✅ Completed test: {test_name}")
..\AppData\Local\Programs\Python\Python313\Lib\encodings\cp1252.py:19: in encode
    return codecs.charmap_encode(input,self.errors,encoding_table)[0]
E   UnicodeEncodeError: 'charmap' codec can't encode character '\u2705' in position 0: character maps to &lt;undefined&gt;</error></testcase></testsuite></testsuites>