<?xml version="1.0" encoding="utf-8"?><testsuites name="pytest tests"><testsuite name="pytest" errors="24" failures="2" skipped="0" tests="46" time="8.674" timestamp="2025-08-29T00:38:30.508069+02:00" hostname="DESKTOP-M4DIPMD"><testcase classname="test_battery_health_widget_mock_2025-08-29.TestBatteryHealthWidget" name="test_init_basic" time="0.099"><error message="failed on teardown with &quot;TypeError: '&gt;' not supported between instances of 'MagicMock' and 'float'&quot;">..\..\..\AppData\Local\Programs\Python\Python313\Lib\site-packages\pytestqt\plugin.py:205: in pytest_runtest_teardown
    result = yield
             ^^^^^
conftest.py:306: in performance_monitor
    if execution_time &gt; 1.0:  # More than 1 second
       ^^^^^^^^^^^^^^^^^^^^
E   TypeError: '&gt;' not supported between instances of 'MagicMock' and 'float'</error></testcase><testcase classname="test_battery_health_widget_mock_2025-08-29.TestBatteryHealthWidget" name="test_init_with_parent" time="0.025"><error message="failed on teardown with &quot;TypeError: '&gt;' not supported between instances of 'MagicMock' and 'float'&quot;">..\..\..\AppData\Local\Programs\Python\Python313\Lib\site-packages\pytestqt\plugin.py:205: in pytest_runtest_teardown
    result = yield
             ^^^^^
conftest.py:306: in performance_monitor
    if execution_time &gt; 1.0:  # More than 1 second
       ^^^^^^^^^^^^^^^^^^^^
E   TypeError: '&gt;' not supported between instances of 'MagicMock' and 'float'</error></testcase><testcase classname="test_battery_health_widget_mock_2025-08-29.TestBatteryHealthWidget" name="test_start_monitoring_success" time="0.026"><error message="failed on teardown with &quot;TypeError: '&gt;' not supported between instances of 'MagicMock' and 'float'&quot;">..\..\..\AppData\Local\Programs\Python\Python313\Lib\site-packages\pytestqt\plugin.py:205: in pytest_runtest_teardown
    result = yield
             ^^^^^
conftest.py:306: in performance_monitor
    if execution_time &gt; 1.0:  # More than 1 second
       ^^^^^^^^^^^^^^^^^^^^
E   TypeError: '&gt;' not supported between instances of 'MagicMock' and 'float'</error></testcase><testcase classname="test_battery_health_widget_mock_2025-08-29.TestBatteryHealthWidget" name="test_start_monitoring_failure" time="0.021"><error message="failed on teardown with &quot;TypeError: '&gt;' not supported between instances of 'MagicMock' and 'float'&quot;">..\..\..\AppData\Local\Programs\Python\Python313\Lib\site-packages\pytestqt\plugin.py:205: in pytest_runtest_teardown
    result = yield
             ^^^^^
conftest.py:306: in performance_monitor
    if execution_time &gt; 1.0:  # More than 1 second
       ^^^^^^^^^^^^^^^^^^^^
E   TypeError: '&gt;' not supported between instances of 'MagicMock' and 'float'</error></testcase><testcase classname="test_battery_health_widget_mock_2025-08-29.TestBatteryHealthWidget" name="test_stop_monitoring" time="0.066"><error message="failed on teardown with &quot;TypeError: '&gt;' not supported between instances of 'MagicMock' and 'float'&quot;">..\..\..\AppData\Local\Programs\Python\Python313\Lib\site-packages\pytestqt\plugin.py:205: in pytest_runtest_teardown
    result = yield
             ^^^^^
conftest.py:306: in performance_monitor
    if execution_time &gt; 1.0:  # More than 1 second
       ^^^^^^^^^^^^^^^^^^^^
E   TypeError: '&gt;' not supported between instances of 'MagicMock' and 'float'</error></testcase><testcase classname="test_battery_health_widget_mock_2025-08-29.TestBatteryHealthWidget" name="test_update_battery_status_no_batteries" time="0.054"><failure message="AssertionError: Expected 'winfo_children' to have been called.">..\..\..\AppData\Local\Programs\Python\Python313\Lib\unittest\mock.py:946: in assert_called
    raise AssertionError(msg)
E   AssertionError: Expected 'winfo_children' to have been called.

During handling of the above exception, another exception occurred:
test_battery_health_widget_mock_2025-08-29.py:265: in test_update_battery_status_no_batteries
    widget.battery_status_frame.winfo_children.assert_called()
E   AssertionError: Expected 'winfo_children' to have been called.</failure></testcase><testcase classname="test_battery_health_widget_mock_2025-08-29.TestBatteryHealthWidget" name="test_update_battery_status_no_batteries" time="0.010"><error message="failed on teardown with &quot;TypeError: '&gt;' not supported between instances of 'MagicMock' and 'float'&quot;">..\..\..\AppData\Local\Programs\Python\Python313\Lib\site-packages\pytestqt\plugin.py:205: in pytest_runtest_teardown
    result = yield
             ^^^^^
conftest.py:306: in performance_monitor
    if execution_time &gt; 1.0:  # More than 1 second
       ^^^^^^^^^^^^^^^^^^^^
E   TypeError: '&gt;' not supported between instances of 'MagicMock' and 'float'</error></testcase><testcase classname="test_battery_health_widget_mock_2025-08-29.TestBatteryHealthWidget" name="test_update_battery_status_with_batteries" time="0.019"><error message="failed on teardown with &quot;TypeError: '&gt;' not supported between instances of 'MagicMock' and 'float'&quot;">..\..\..\AppData\Local\Programs\Python\Python313\Lib\site-packages\pytestqt\plugin.py:205: in pytest_runtest_teardown
    result = yield
             ^^^^^
conftest.py:306: in performance_monitor
    if execution_time &gt; 1.0:  # More than 1 second
       ^^^^^^^^^^^^^^^^^^^^
E   TypeError: '&gt;' not supported between instances of 'MagicMock' and 'float'</error></testcase><testcase classname="test_battery_health_widget_mock_2025-08-29.TestBatteryHealthWidget" name="test_refresh_data_success" time="0.070"><error message="failed on teardown with &quot;TypeError: '&gt;' not supported between instances of 'MagicMock' and 'float'&quot;">..\..\..\AppData\Local\Programs\Python\Python313\Lib\site-packages\pytestqt\plugin.py:205: in pytest_runtest_teardown
    result = yield
             ^^^^^
conftest.py:306: in performance_monitor
    if execution_time &gt; 1.0:  # More than 1 second
       ^^^^^^^^^^^^^^^^^^^^
E   TypeError: '&gt;' not supported between instances of 'MagicMock' and 'float'</error></testcase><testcase classname="test_battery_health_widget_mock_2025-08-29.TestBatteryHealthWidget" name="test_refresh_data_no_data" time="0.044"><error message="failed on teardown with &quot;TypeError: '&gt;' not supported between instances of 'MagicMock' and 'float'&quot;">..\..\..\AppData\Local\Programs\Python\Python313\Lib\site-packages\pytestqt\plugin.py:205: in pytest_runtest_teardown
    result = yield
             ^^^^^
conftest.py:306: in performance_monitor
    if execution_time &gt; 1.0:  # More than 1 second
       ^^^^^^^^^^^^^^^^^^^^
E   TypeError: '&gt;' not supported between instances of 'MagicMock' and 'float'</error></testcase><testcase classname="test_battery_health_widget_mock_2025-08-29.TestBatteryHealthWidget" name="test_refresh_data_not_running" time="0.023"><error message="failed on teardown with &quot;TypeError: '&gt;' not supported between instances of 'MagicMock' and 'float'&quot;">..\..\..\AppData\Local\Programs\Python\Python313\Lib\site-packages\pytestqt\plugin.py:205: in pytest_runtest_teardown
    result = yield
             ^^^^^
conftest.py:306: in performance_monitor
    if execution_time &gt; 1.0:  # More than 1 second
       ^^^^^^^^^^^^^^^^^^^^
E   TypeError: '&gt;' not supported between instances of 'MagicMock' and 'float'</error></testcase><testcase classname="test_battery_health_widget_mock_2025-08-29.TestBatteryHealthWidget" name="test_export_data_success" time="0.028"><error message="failed on teardown with &quot;TypeError: '&gt;' not supported between instances of 'MagicMock' and 'float'&quot;">..\..\..\AppData\Local\Programs\Python\Python313\Lib\site-packages\pytestqt\plugin.py:205: in pytest_runtest_teardown
    result = yield
             ^^^^^
conftest.py:306: in performance_monitor
    if execution_time &gt; 1.0:  # More than 1 second
       ^^^^^^^^^^^^^^^^^^^^
E   TypeError: '&gt;' not supported between instances of 'MagicMock' and 'float'</error></testcase><testcase classname="test_battery_health_widget_mock_2025-08-29.TestBatteryHealthWidget" name="test_export_data_no_data" time="0.070"><error message="failed on teardown with &quot;TypeError: '&gt;' not supported between instances of 'MagicMock' and 'float'&quot;">..\..\..\AppData\Local\Programs\Python\Python313\Lib\site-packages\pytestqt\plugin.py:205: in pytest_runtest_teardown
    result = yield
             ^^^^^
conftest.py:306: in performance_monitor
    if execution_time &gt; 1.0:  # More than 1 second
       ^^^^^^^^^^^^^^^^^^^^
E   TypeError: '&gt;' not supported between instances of 'MagicMock' and 'float'</error></testcase><testcase classname="test_battery_health_widget_mock_2025-08-29.TestBatteryHealthWidget" name="test_chart_updates" time="0.042"><error message="failed on teardown with &quot;TypeError: '&gt;' not supported between instances of 'MagicMock' and 'float'&quot;">..\..\..\AppData\Local\Programs\Python\Python313\Lib\site-packages\pytestqt\plugin.py:205: in pytest_runtest_teardown
    result = yield
             ^^^^^
conftest.py:306: in performance_monitor
    if execution_time &gt; 1.0:  # More than 1 second
       ^^^^^^^^^^^^^^^^^^^^
E   TypeError: '&gt;' not supported between instances of 'MagicMock' and 'float'</error></testcase><testcase classname="test_battery_health_widget_mock_2025-08-29.TestBatteryHealthWidget" name="test_chart_updates_no_data" time="0.026"><error message="failed on teardown with &quot;TypeError: '&gt;' not supported between instances of 'MagicMock' and 'float'&quot;">..\..\..\AppData\Local\Programs\Python\Python313\Lib\site-packages\pytestqt\plugin.py:205: in pytest_runtest_teardown
    result = yield
             ^^^^^
conftest.py:306: in performance_monitor
    if execution_time &gt; 1.0:  # More than 1 second
       ^^^^^^^^^^^^^^^^^^^^
E   TypeError: '&gt;' not supported between instances of 'MagicMock' and 'float'</error></testcase><testcase classname="test_battery_health_widget_mock_2025-08-29.TestBatteryHealthWidget" name="test_on_closing" time="0.028"><error message="failed on teardown with &quot;TypeError: '&gt;' not supported between instances of 'MagicMock' and 'float'&quot;">..\..\..\AppData\Local\Programs\Python\Python313\Lib\site-packages\pytestqt\plugin.py:205: in pytest_runtest_teardown
    result = yield
             ^^^^^
conftest.py:306: in performance_monitor
    if execution_time &gt; 1.0:  # More than 1 second
       ^^^^^^^^^^^^^^^^^^^^
E   TypeError: '&gt;' not supported between instances of 'MagicMock' and 'float'</error></testcase><testcase classname="test_battery_health_widget_mock_2025-08-29.TestBatteryHealthWidget" name="test_on_closing_not_monitoring" time="0.080"><failure message="AssertionError: Expected 'mock' to have been called once. Called 0 times.">..\..\..\AppData\Local\Programs\Python\Python313\Lib\unittest\mock.py:956: in assert_called_once
    raise AssertionError(msg)
E   AssertionError: Expected 'mock' to have been called once. Called 0 times.

During handling of the above exception, another exception occurred:
test_battery_health_widget_mock_2025-08-29.py:417: in test_on_closing_not_monitoring
    widget.stop_monitoring.assert_called_once()
E   AssertionError: Expected 'mock' to have been called once. Called 0 times.</failure></testcase><testcase classname="test_battery_health_widget_mock_2025-08-29.TestBatteryHealthWidget" name="test_on_closing_not_monitoring" time="0.017"><error message="failed on teardown with &quot;TypeError: '&gt;' not supported between instances of 'MagicMock' and 'float'&quot;">..\..\..\AppData\Local\Programs\Python\Python313\Lib\site-packages\pytestqt\plugin.py:205: in pytest_runtest_teardown
    result = yield
             ^^^^^
conftest.py:306: in performance_monitor
    if execution_time &gt; 1.0:  # More than 1 second
       ^^^^^^^^^^^^^^^^^^^^
E   TypeError: '&gt;' not supported between instances of 'MagicMock' and 'float'</error></testcase><testcase classname="test_battery_health_widget_mock_2025-08-29.TestBatteryHealthWidget" name="test_interval_validation" time="0.017"><error message="failed on teardown with &quot;TypeError: '&gt;' not supported between instances of 'MagicMock' and 'float'&quot;">..\..\..\AppData\Local\Programs\Python\Python313\Lib\site-packages\pytestqt\plugin.py:205: in pytest_runtest_teardown
    result = yield
             ^^^^^
conftest.py:306: in performance_monitor
    if execution_time &gt; 1.0:  # More than 1 second
       ^^^^^^^^^^^^^^^^^^^^
E   TypeError: '&gt;' not supported between instances of 'MagicMock' and 'float'</error></testcase><testcase classname="test_battery_health_widget_mock_2025-08-29.TestBatteryHealthWidget" name="test_data_history_management" time="0.048"><error message="failed on teardown with &quot;TypeError: '&gt;' not supported between instances of 'MagicMock' and 'float'&quot;">..\..\..\AppData\Local\Programs\Python\Python313\Lib\site-packages\pytestqt\plugin.py:205: in pytest_runtest_teardown
    result = yield
             ^^^^^
conftest.py:306: in performance_monitor
    if execution_time &gt; 1.0:  # More than 1 second
       ^^^^^^^^^^^^^^^^^^^^
E   TypeError: '&gt;' not supported between instances of 'MagicMock' and 'float'</error></testcase><testcase classname="test_battery_health_widget_mock_2025-08-29.TestBatteryHealthWidget" name="test_battery_data_structure" time="0.023"><error message="failed on teardown with &quot;TypeError: '&gt;' not supported between instances of 'MagicMock' and 'float'&quot;">..\..\..\AppData\Local\Programs\Python\Python313\Lib\site-packages\pytestqt\plugin.py:205: in pytest_runtest_teardown
    result = yield
             ^^^^^
conftest.py:306: in performance_monitor
    if execution_time &gt; 1.0:  # More than 1 second
       ^^^^^^^^^^^^^^^^^^^^
E   TypeError: '&gt;' not supported between instances of 'MagicMock' and 'float'</error></testcase><testcase classname="test_battery_health_widget_mock_2025-08-29.TestBatteryHealthWidget" name="test_empty_battery_data" time="0.030"><error message="failed on teardown with &quot;TypeError: '&gt;' not supported between instances of 'MagicMock' and 'float'&quot;">..\..\..\AppData\Local\Programs\Python\Python313\Lib\site-packages\pytestqt\plugin.py:205: in pytest_runtest_teardown
    result = yield
             ^^^^^
conftest.py:306: in performance_monitor
    if execution_time &gt; 1.0:  # More than 1 second
       ^^^^^^^^^^^^^^^^^^^^
E   TypeError: '&gt;' not supported between instances of 'MagicMock' and 'float'</error></testcase><testcase classname="test_battery_health_widget_mock_2025-08-29.TestBatteryHealthWidgetIntegration" name="test_full_monitoring_cycle" time="0.079"><error message="failed on teardown with &quot;TypeError: '&gt;' not supported between instances of 'MagicMock' and 'float'&quot;">..\..\..\AppData\Local\Programs\Python\Python313\Lib\site-packages\pytestqt\plugin.py:205: in pytest_runtest_teardown
    result = yield
             ^^^^^
conftest.py:306: in performance_monitor
    if execution_time &gt; 1.0:  # More than 1 second
       ^^^^^^^^^^^^^^^^^^^^
E   TypeError: '&gt;' not supported between instances of 'MagicMock' and 'float'</error></testcase><testcase classname="test_battery_health_widget_mock_2025-08-29.TestBatteryHealthWidgetIntegration" name="test_error_handling" time="0.016"><error message="failed on teardown with &quot;TypeError: '&gt;' not supported between instances of 'MagicMock' and 'float'&quot;">..\..\..\AppData\Local\Programs\Python\Python313\Lib\site-packages\pytestqt\plugin.py:205: in pytest_runtest_teardown
    result = yield
             ^^^^^
conftest.py:306: in performance_monitor
    if execution_time &gt; 1.0:  # More than 1 second
       ^^^^^^^^^^^^^^^^^^^^
E   TypeError: '&gt;' not supported between instances of 'MagicMock' and 'float'</error></testcase><testcase classname="test_battery_health_widget_mock_2025-08-29.TestBatteryHealthWidgetPerformance" name="test_large_data_handling" time="0.052"><error message="failed on teardown with &quot;TypeError: '&gt;' not supported between instances of 'MagicMock' and 'float'&quot;">..\..\..\AppData\Local\Programs\Python\Python313\Lib\site-packages\pytestqt\plugin.py:205: in pytest_runtest_teardown
    result = yield
             ^^^^^
conftest.py:306: in performance_monitor
    if execution_time &gt; 1.0:  # More than 1 second
       ^^^^^^^^^^^^^^^^^^^^
E   TypeError: '&gt;' not supported between instances of 'MagicMock' and 'float'</error></testcase><testcase classname="test_battery_health_widget_mock_2025-08-29.TestBatteryHealthWidgetPerformance" name="test_memory_usage" time="0.032"><error message="failed on teardown with &quot;TypeError: '&gt;' not supported between instances of 'MagicMock' and 'float'&quot;">..\..\..\AppData\Local\Programs\Python\Python313\Lib\site-packages\pytestqt\plugin.py:205: in pytest_runtest_teardown
    result = yield
             ^^^^^
conftest.py:306: in performance_monitor
    if execution_time &gt; 1.0:  # More than 1 second
       ^^^^^^^^^^^^^^^^^^^^
E   TypeError: '&gt;' not supported between instances of 'MagicMock' and 'float'</error></testcase></testsuite></testsuites>