<?xml version="1.0" encoding="utf-8"?><testsuites name="pytest tests"><testsuite name="pytest" errors="0" failures="1" skipped="0" tests="27" time="9.160" timestamp="2025-08-30T18:04:24.259053+02:00" hostname="DESKTOP-M4DIPMD"><testcase classname="test_pdf_view_analysis_corrected_2025-08-30.TestPDFViewer" name="test_load_settings_success" time="0.543" /><testcase classname="test_pdf_view_analysis_corrected_2025-08-30.TestPDFViewer" name="test_load_settings_with_defaults" time="0.026" /><testcase classname="test_pdf_view_analysis_corrected_2025-08-30.TestPDFViewer" name="test_save_settings_success" time="0.033" /><testcase classname="test_pdf_view_analysis_corrected_2025-08-30.TestPDFViewer" name="test_open_file_success" time="0.048" /><testcase classname="test_pdf_view_analysis_corrected_2025-08-30.TestPDFViewer" name="test_open_file_corrupted_pdf" time="0.039" /><testcase classname="test_pdf_view_analysis_corrected_2025-08-30.TestPDFViewer" name="test_show_page_success" time="0.041" /><testcase classname="test_pdf_view_analysis_corrected_2025-08-30.TestPDFViewer" name="test_navigation_logic" time="0.031" /><testcase classname="test_pdf_view_analysis_corrected_2025-08-30.TestPDFViewer" name="test_navigation_boundaries" time="0.022" /><testcase classname="test_pdf_view_analysis_corrected_2025-08-30.TestPDFViewer" name="test_button_state_logic" time="0.034" /><testcase classname="test_pdf_view_analysis_corrected_2025-08-30.TestPDFViewer" name="test_document_cleanup" time="0.030" /><testcase classname="test_pdf_view_analysis_corrected_2025-08-30.TestPDFViewer" name="test_file_dialog_interaction" time="0.038" /><testcase classname="test_pdf_view_analysis_corrected_2025-08-30.TestPDFViewer" name="test_empty_pdf_handling" time="0.050"><failure message="Exception: Corrupted file">self = &lt;tests.unit.test_pdf_view_analysis_corrected_2025-08-30.TestPDFViewer object at 0x000001C223C683D0&gt;

    def test_empty_pdf_handling(self):
        """Test handling of empty PDF documents."""
        # Mock empty document
        mock_doc = Mock()
        mock_doc.__len__ = Mock(return_value=0)
        fitz_mock.open.return_value = mock_doc
    
        viewer = self.create_mock_viewer()
    
        # Simulate opening empty PDF
&gt;       doc = fitz_mock.open('empty.pdf')
              ^^^^^^^^^^^^^^^^^^^^^^^^^^^

test_pdf_view_analysis_corrected_2025-08-30.py:388: 
_ _ _ _ _ _ _ _ _ _ _ _ _ _ _ _ _ _ _ _ _ _ _ _ _ _ _ _ _ _ _ _ _ _ _ _ _ _ _
..\..\..\AppData\Local\Programs\Python\Python313\Lib\unittest\mock.py:1167: in __call__
    return self._mock_call(*args, **kwargs)
           ^^^^^^^^^^^^^^^^^^^^^^^^^^^^^^^^
..\..\..\AppData\Local\Programs\Python\Python313\Lib\unittest\mock.py:1171: in _mock_call
    return self._execute_mock_call(*args, **kwargs)
           ^^^^^^^^^^^^^^^^^^^^^^^^^^^^^^^^^^^^^^^^
..\..\..\AppData\Local\Programs\Python\Python313\Lib\unittest\mock.py:1226: in _execute_mock_call
    raise effect
test_pdf_view_analysis_corrected_2025-08-30.py:237: in test_open_file_corrupted_pdf
    fitz_mock.open(test_file)
..\..\..\AppData\Local\Programs\Python\Python313\Lib\unittest\mock.py:1167: in __call__
    return self._mock_call(*args, **kwargs)
           ^^^^^^^^^^^^^^^^^^^^^^^^^^^^^^^^
..\..\..\AppData\Local\Programs\Python\Python313\Lib\unittest\mock.py:1171: in _mock_call
    return self._execute_mock_call(*args, **kwargs)
           ^^^^^^^^^^^^^^^^^^^^^^^^^^^^^^^^^^^^^^^^
_ _ _ _ _ _ _ _ _ _ _ _ _ _ _ _ _ _ _ _ _ _ _ _ _ _ _ _ _ _ _ _ _ _ _ _ _ _ _

self = &lt;Mock name='mock.open' id='1933334494384'&gt;
args = ('c:\\Temp\\tmprj8vvdh9\\test.pdf',), kwargs = {}
effect = Exception('Corrupted file')

    def _execute_mock_call(self, /, *args, **kwargs):
        # separate from _increment_mock_call so that awaited functions are
        # executed separately from their call, also AsyncMock overrides this method
    
        effect = self.side_effect
        if effect is not None:
            if _is_exception(effect):
&gt;               raise effect
E               Exception: Corrupted file

..\..\..\AppData\Local\Programs\Python\Python313\Lib\unittest\mock.py:1226: Exception</failure></testcase><testcase classname="test_pdf_view_analysis_corrected_2025-08-30.TestPDFViewer" name="test_zoom_factor_application" time="0.074" /><testcase classname="test_pdf_view_analysis_corrected_2025-08-30.TestPDFViewer" name="test_error_handling_patterns" time="0.034" /><testcase classname="test_pdf_view_analysis_corrected_2025-08-30.TestPDFViewer" name="test_main_function_success" time="0.035" /><testcase classname="test_pdf_view_analysis_corrected_2025-08-30.TestPDFViewer" name="test_main_function_failure" time="0.046" /><testcase classname="test_pdf_view_analysis_corrected_2025-08-30.TestPDFViewer" name="test_page_label_formatting" time="0.032" /><testcase classname="test_pdf_view_analysis_corrected_2025-08-30.TestPDFViewer" name="test_image_format_handling" time="0.022" /><testcase classname="test_pdf_view_analysis_corrected_2025-08-30.TestPDFViewer" name="test_directory_persistence" time="0.048" /><testcase classname="test_pdf_view_analysis_corrected_2025-08-30.TestPDFViewer" name="test_status_bar_messaging" time="0.051" /><testcase classname="test_pdf_view_analysis_corrected_2025-08-30.TestPDFViewerIntegration" name="test_configuration_workflow" time="0.024" /><testcase classname="test_pdf_view_analysis_corrected_2025-08-30.TestPDFViewerIntegration" name="test_file_operations_workflow" time="0.035" /><testcase classname="test_pdf_view_analysis_corrected_2025-08-30.TestPDFViewerEdgeCases" name="test_very_large_document" time="0.015" /><testcase classname="test_pdf_view_analysis_corrected_2025-08-30.TestPDFViewerEdgeCases" name="test_extreme_zoom_factors" time="0.022" /><testcase classname="test_pdf_view_analysis_corrected_2025-08-30.TestPDFViewerEdgeCases" name="test_memory_management" time="0.018" /><testcase classname="test_pdf_view_analysis_corrected_2025-08-30.TestPDFViewerEdgeCases" name="test_unicode_filenames" time="0.033" /><testcase classname="test_pdf_view_analysis_corrected_2025-08-30.TestPDFViewerEdgeCases" name="test_invalid_page_numbers" time="0.018" /></testsuite></testsuites>