<?xml version="1.0" encoding="utf-8"?><testsuites name="pytest tests"><testsuite name="pytest" errors="0" failures="3" skipped="0" tests="21" time="4.383" timestamp="2025-08-29T00:58:38.905241+02:00" hostname="DESKTOP-M4DIPMD"><testcase classname="test_disk_health_widget_mock_2025-08-29.TestDiskHealthWidgetMocked" name="test_widget_initialization_with_mocks" time="0.544" /><testcase classname="test_disk_health_widget_mock_2025-08-29.TestDiskHealthWidgetMocked" name="test_ui_setup_calls" time="0.045" /><testcase classname="test_disk_health_widget_mock_2025-08-29.TestDiskHealthWidgetMocked" name="test_monitor_initialization_with_mocks" time="0.052" /><testcase classname="test_disk_health_widget_mock_2025-08-29.TestDiskHealthWidgetMocked" name="test_data_refresh_with_mocks" time="0.103" /><testcase classname="test_disk_health_widget_mock_2025-08-29.TestDiskHealthWidgetMocked" name="test_summary_update_with_mock_data" time="0.085" /><testcase classname="test_disk_health_widget_mock_2025-08-29.TestDiskHealthWidgetMocked" name="test_disk_tree_update_with_mocks" time="0.072" /><testcase classname="test_disk_health_widget_mock_2025-08-29.TestDiskHealthWidgetMocked" name="test_disk_addition_to_tree_with_mocks" time="0.065" /><testcase classname="test_disk_health_widget_mock_2025-08-29.TestDiskHealthWidgetMocked" name="test_byte_formatting_accuracy" time="0.047" /><testcase classname="test_disk_health_widget_mock_2025-08-29.TestDiskHealthWidgetMocked" name="test_disk_selection_with_mocks" time="0.088" /><testcase classname="test_disk_health_widget_mock_2025-08-29.TestDiskHealthWidgetMocked" name="test_general_details_update_with_mocks" time="0.053"><failure message="AssertionError: expected call not found.&#10;Expected: setText('Size: 1.0 TB')&#10;  Actual: setText('Size: 931.3 GB')&#10;&#10;pytest introspection follows:&#10;&#10;Args:&#10;assert ('Size: 931.3 GB',) == ('Size: 1.0 TB',)&#10;  &#10;  At index 0 diff: 'Size: 931.3 GB' != 'Size: 1.0 TB'&#10;  &#10;  Full diff:&#10;    (&#10;  -     'Size: 1.0 TB',&#10;  ?              ^^^...&#10;  &#10;  ...Full output truncated (3 lines hidden), use '-vv' to show">..\..\..\AppData\Local\Programs\Python\Python313\Lib\unittest\mock.py:977: in assert_called_with
    raise AssertionError(_error_message()) from cause
E   AssertionError: expected call not found.
E   Expected: setText('Size: 1.0 TB')
E     Actual: setText('Size: 931.3 GB')

During handling of the above exception, another exception occurred:
test_disk_health_widget_mock_2025-08-29.py:597: in test_general_details_update_with_mocks
    mock_widget.size_label.setText.assert_called_with("Size: 1.0 TB")
E   AssertionError: expected call not found.
E   Expected: setText('Size: 1.0 TB')
E     Actual: setText('Size: 931.3 GB')
E   
E   pytest introspection follows:
E   
E   Args:
E   assert ('Size: 931.3 GB',) == ('Size: 1.0 TB',)
E     
E     At index 0 diff: 'Size: 931.3 GB' != 'Size: 1.0 TB'
E     
E     Full diff:
E       (
E     -     'Size: 1.0 TB',
E     ?              ^^^...
E     
E     ...Full output truncated (3 lines hidden), use '-vv' to show</failure></testcase><testcase classname="test_disk_health_widget_mock_2025-08-29.TestDiskHealthWidgetMocked" name="test_health_details_update_with_mocks" time="0.066"><failure message="AssertionError: expected call not found.&#10;Expected: setText('Used: 750.0 GB / 1.0 TB (75.0%)')&#10;  Actual: setText('Used: 698.5 GB / 931.3 GB (75.0%)')&#10;&#10;pytest introspection follows:&#10;&#10;Args:&#10;assert ('Used: 698.5... GB (75.0%)',) == ('Used: 750.0... TB (75.0%)',)&#10;  &#10;  At index 0 diff: 'Used: 698.5 GB / 931.3 GB (75.0%)' != 'Used: 750.0 GB / 1.0 TB (75.0%)'&#10;  &#10;  Full diff:&#10;    (&#10;  -     'Used: 750.0 GB / 1.0 TB (75.0%)',&#10;  ?            ^ ---        ^^^...&#10;  &#10;  ...Full output truncated (3 lines hidden), use '-vv' to show">..\..\..\AppData\Local\Programs\Python\Python313\Lib\unittest\mock.py:977: in assert_called_with
    raise AssertionError(_error_message()) from cause
E   AssertionError: expected call not found.
E   Expected: setText('Used: 750.0 GB / 1.0 TB (75.0%)')
E     Actual: setText('Used: 698.5 GB / 931.3 GB (75.0%)')

During handling of the above exception, another exception occurred:
test_disk_health_widget_mock_2025-08-29.py:621: in test_health_details_update_with_mocks
    mock_widget.usage_label.setText.assert_called_with("Used: 750.0 GB / 1.0 TB (75.0%)")
E   AssertionError: expected call not found.
E   Expected: setText('Used: 750.0 GB / 1.0 TB (75.0%)')
E     Actual: setText('Used: 698.5 GB / 931.3 GB (75.0%)')
E   
E   pytest introspection follows:
E   
E   Args:
E   assert ('Used: 698.5... GB (75.0%)',) == ('Used: 750.0... TB (75.0%)',)
E     
E     At index 0 diff: 'Used: 698.5 GB / 931.3 GB (75.0%)' != 'Used: 750.0 GB / 1.0 TB (75.0%)'
E     
E     Full diff:
E       (
E     -     'Used: 750.0 GB / 1.0 TB (75.0%)',
E     ?            ^ ---        ^^^...
E     
E     ...Full output truncated (3 lines hidden), use '-vv' to show</failure></testcase><testcase classname="test_disk_health_widget_mock_2025-08-29.TestDiskHealthWidgetMocked" name="test_performance_details_update_with_mocks" time="0.055"><failure message="AssertionError: expected call not found.&#10;Expected: setText('Bytes Read: 1.0 GB')&#10;  Actual: setText('Bytes Read: 976.6 MB')&#10;&#10;pytest introspection follows:&#10;&#10;Args:&#10;assert ('Bytes Read: 976.6 MB',) == ('Bytes Read: 1.0 GB',)&#10;  &#10;  At index 0 diff: 'Bytes Read: 976.6 MB' != 'Bytes Read: 1.0 GB'&#10;  &#10;  Full diff:&#10;    (&#10;  -     'Bytes Read: 1.0 GB',&#10;  ?                  ^ ^^^...&#10;  &#10;  ...Full output truncated (3 lines hidden), use '-vv' to show">..\..\..\AppData\Local\Programs\Python\Python313\Lib\unittest\mock.py:977: in assert_called_with
    raise AssertionError(_error_message()) from cause
E   AssertionError: expected call not found.
E   Expected: setText('Bytes Read: 1.0 GB')
E     Actual: setText('Bytes Read: 976.6 MB')

During handling of the above exception, another exception occurred:
test_disk_health_widget_mock_2025-08-29.py:639: in test_performance_details_update_with_mocks
    mock_widget.read_bytes_label.setText.assert_called_with("Bytes Read: 1.0 GB")
E   AssertionError: expected call not found.
E   Expected: setText('Bytes Read: 1.0 GB')
E     Actual: setText('Bytes Read: 976.6 MB')
E   
E   pytest introspection follows:
E   
E   Args:
E   assert ('Bytes Read: 976.6 MB',) == ('Bytes Read: 1.0 GB',)
E     
E     At index 0 diff: 'Bytes Read: 976.6 MB' != 'Bytes Read: 1.0 GB'
E     
E     Full diff:
E       (
E     -     'Bytes Read: 1.0 GB',
E     ?                  ^ ^^^...
E     
E     ...Full output truncated (3 lines hidden), use '-vv' to show</failure></testcase><testcase classname="test_disk_health_widget_mock_2025-08-29.TestDiskHealthWidgetMocked" name="test_auto_refresh_toggle_with_mocks" time="0.053" /><testcase classname="test_disk_health_widget_mock_2025-08-29.TestDiskHealthWidgetMocked" name="test_error_handling_with_mocks" time="0.053" /><testcase classname="test_disk_health_widget_mock_2025-08-29.TestDiskHealthWidgetMocked" name="test_close_event_with_mocks" time="0.053" /><testcase classname="test_disk_health_widget_mock_2025-08-29.TestDiskHealthWidgetMocked" name="test_empty_data_handling_with_mocks" time="0.053" /><testcase classname="test_disk_health_widget_mock_2025-08-29.TestDiskHealthWidgetMocked" name="test_missing_data_fields_with_mocks" time="0.127" /><testcase classname="test_disk_health_widget_mock_2025-08-29.TestMockIntegration" name="test_full_widget_lifecycle_with_mocks" time="0.048" /><testcase classname="test_disk_health_widget_mock_2025-08-29.TestMockIntegration" name="test_mock_signal_connections" time="0.050" /><testcase classname="test_disk_health_widget_mock_2025-08-29.TestMockIntegration" name="test_performance_with_large_mock_data" time="0.113" /><testcase classname="test_disk_health_widget_mock_2025-08-29.TestMockExecutionReporting" name="test_mock_call_verification" time="0.077" /></testsuite></testsuites>