<?xml version="1.0" encoding="utf-8"?><testsuites name="pytest tests"><testsuite name="pytest" errors="0" failures="0" skipped="0" tests="10" time="0.532" timestamp="2025-08-24T15:56:10.331513+02:00" hostname="RLNTGO1-01"><testcase classname="test_merg_standalone_2025-08-24" name="test_merge_pdfs_success_logic" time="0.167" /><testcase classname="test_merg_standalone_2025-08-24" name="test_edge_cases" time="0.006" /><testcase classname="test_merg_standalone_2025-08-24" name="test_full_merge_workflow" time="0.005" /><testcase classname="test_merg_standalone_2025-08-24" name="test_file_reordering_operations" time="0.004" /><testcase classname="test_merg_standalone_2025-08-24" name="test_button_state_logic" time="0.003" /><testcase classname="test_merg_standalone_2025-08-24" name="test_status_messages" time="0.005" /><testcase classname="test_merg_standalone_2025-08-24" name="test_file_management_operations" time="0.003" /><testcase classname="test_merg_standalone_2025-08-24" name="test_file_validation_logic" time="0.008" /><testcase classname="test_merg_standalone_2025-08-24" name="test_error_handling_logic" time="0.002" /><testcase classname="test_merg_standalone_2025-08-24" name="test_progress_calculation" time="0.003" /></testsuite></testsuites>