<?xml version="1.0" encoding="utf-8"?><testsuites name="pytest tests"><testsuite name="pytest" errors="0" failures="3" skipped="0" tests="29" time="15.825" timestamp="2025-08-30T22:09:05.304458+02:00" hostname="DESKTOP-M4DIPMD"><testcase classname="test_browser_detector_enhanced_2025-08-30.TestBrowserDetectorEnhanced" name="test_init_basic" time="0.062" /><testcase classname="test_browser_detector_enhanced_2025-08-30.TestBrowserDetectorEnhanced" name="test_init_with_platform_mock" time="0.013" /><testcase classname="test_browser_detector_enhanced_2025-08-30.TestBrowserDetectorEnhanced" name="test_detect_installed_browsers_first_call_success" time="0.010" /><testcase classname="test_browser_detector_enhanced_2025-08-30.TestBrowserDetectorEnhanced" name="test_detect_installed_browsers_cached_result" time="0.008" /><testcase classname="test_browser_detector_enhanced_2025-08-30.TestBrowserDetectorEnhanced" name="test_is_browser_installed_windows_platform" time="0.010" /><testcase classname="test_browser_detector_enhanced_2025-08-30.TestBrowserDetectorEnhanced" name="test_is_browser_installed_macos_platform" time="0.015"><failure message="AssertionError: Expected '_check_macos_browser' to be called once. Called 0 times.">..\AppData\Local\Programs\Python\Python313\Lib\unittest\mock.py:988: in assert_called_once_with
    raise AssertionError(msg)
E   AssertionError: Expected '_check_macos_browser' to be called once. Called 0 times.

During handling of the above exception, another exception occurred:
tests\unit\test_browser_detector_enhanced_2025-08-30.py:120: in test_is_browser_installed_macos_platform
    mock_check_macos.assert_called_once_with("safari")
E   AssertionError: Expected '_check_macos_browser' to be called once. Called 0 times.</failure></testcase><testcase classname="test_browser_detector_enhanced_2025-08-30.TestBrowserDetectorEnhanced" name="test_is_browser_installed_linux_platform" time="0.016"><failure message="assert False is True">tests\unit\test_browser_detector_enhanced_2025-08-30.py:132: in test_is_browser_installed_linux_platform
    assert result is True
E   assert False is True</failure></testcase><testcase classname="test_browser_detector_enhanced_2025-08-30.TestBrowserDetectorEnhanced" name="test_is_browser_installed_unknown_platform" time="0.012" /><testcase classname="test_browser_detector_enhanced_2025-08-30.TestBrowserDetectorEnhanced" name="test_check_windows_browser_chrome_exists" time="0.018" /><testcase classname="test_browser_detector_enhanced_2025-08-30.TestBrowserDetectorEnhanced" name="test_check_windows_browser_firefox_exists" time="0.018" /><testcase classname="test_browser_detector_enhanced_2025-08-30.TestBrowserDetectorEnhanced" name="test_check_windows_browser_edge_exists" time="0.019" /><testcase classname="test_browser_detector_enhanced_2025-08-30.TestBrowserDetectorEnhanced" name="test_check_windows_browser_no_appdata_directories" time="0.016" /><testcase classname="test_browser_detector_enhanced_2025-08-30.TestBrowserDetectorEnhanced" name="test_check_macos_browser_chrome_app_directory" time="0.018" /><testcase classname="test_browser_detector_enhanced_2025-08-30.TestBrowserDetectorEnhanced" name="test_check_macos_browser_safari_exists" time="0.018" /><testcase classname="test_browser_detector_enhanced_2025-08-30.TestBrowserDetectorEnhanced" name="test_check_linux_browser_chrome_config_directory" time="0.025" /><testcase classname="test_browser_detector_enhanced_2025-08-30.TestBrowserDetectorEnhanced" name="test_check_command_exists_found" time="0.015" /><testcase classname="test_browser_detector_enhanced_2025-08-30.TestBrowserDetectorEnhanced" name="test_check_command_exists_not_found" time="0.019" /><testcase classname="test_browser_detector_enhanced_2025-08-30.TestBrowserDetectorEnhanced" name="test_get_running_browsers_with_running_processes" time="0.023"><failure message="AssertionError: assert ['chrome'] == ['chrome', 'firefox']&#10;  &#10;  Right contains one more item: 'firefox'&#10;  &#10;  Full diff:&#10;    [&#10;        'chrome',&#10;  -     'firefox',&#10;    ]">tests\unit\test_browser_detector_enhanced_2025-08-30.py:287: in test_get_running_browsers_with_running_processes
    assert result == ["chrome", "firefox"]
E   AssertionError: assert ['chrome'] == ['chrome', 'firefox']
E     
E     Right contains one more item: 'firefox'
E     
E     Full diff:
E       [
E           'chrome',
E     -     'firefox',
E       ]</failure></testcase><testcase classname="test_browser_detector_enhanced_2025-08-30.TestBrowserDetectorEnhanced" name="test_is_browser_running_positive_case" time="0.016" /><testcase classname="test_browser_detector_enhanced_2025-08-30.TestBrowserDetectorEnhanced" name="test_is_browser_running_negative_case" time="0.013" /><testcase classname="test_browser_detector_enhanced_2025-08-30.TestBrowserDetectorEnhanced" name="test_close_browser_not_running" time="0.012" /><testcase classname="test_browser_detector_enhanced_2025-08-30.TestBrowserDetectorEnhanced" name="test_get_browser_data_paths_new_browser" time="0.011" /><testcase classname="test_browser_detector_enhanced_2025-08-30.TestBrowserDetectorEnhanced" name="test_get_browser_profile_paths_with_profiles" time="0.014" /><testcase classname="test_browser_detector_enhanced_2025-08-30.TestBrowserDetectorEnhanced" name="test_validate_browser_access_file_accessible" time="0.025" /><testcase classname="test_browser_detector_enhanced_2025-08-30.TestBrowserDetectorEnhanced" name="test_get_browser_info_comprehensive" time="0.015" /><testcase classname="test_browser_detector_enhanced_2025-08-30.TestBrowserDetectorEnhanced" name="test_refresh_detection_clears_cache" time="0.008" /><testcase classname="test_browser_detector_enhanced_2025-08-30.TestBrowserDetectorEnhanced" name="test_edge_case_empty_browser_name" time="13.534" /><testcase classname="test_browser_detector_enhanced_2025-08-30.TestBrowserDetectorEnhanced" name="test_detect_installed_browsers_empty_result" time="0.008" /><testcase classname="test_browser_detector_enhanced_2025-08-30.TestBrowserDetectorEnhanced" name="test_module_imports_availability" time="0.007" /></testsuite></testsuites>