<?xml version="1.0" encoding="utf-8"?><testsuites name="pytest tests"><testsuite name="pytest" errors="0" failures="0" skipped="0" tests="11" time="3.173" timestamp="2025-08-31T01:39:45.152374+02:00" hostname="DESKTOP-M4DIPMD"><testcase classname="test_privacy_hub_fixed_2025-08-31.TestPrivacyToolsHubBasic" name="test_mock_tool_operations" time="0.096" /><testcase classname="test_privacy_hub_fixed_2025-08-31.TestPrivacyToolsHubBasic" name="test_browser_detector_mock" time="0.017" /><testcase classname="test_privacy_hub_fixed_2025-08-31.TestPrivacyToolsHubBasic" name="test_platform_utils_mock" time="0.034" /><testcase classname="test_privacy_hub_fixed_2025-08-31.TestPrivacyToolsHubBasic" name="test_tool_signals_mock" time="0.021" /><testcase classname="test_privacy_hub_fixed_2025-08-31.TestPrivacyToolsHubBasic" name="test_error_handling_scenarios" time="0.029" /><testcase classname="test_privacy_hub_fixed_2025-08-31.TestPrivacyToolsHubBasic" name="test_thread_operations_mock" time="0.026" /><testcase classname="test_privacy_hub_fixed_2025-08-31.TestPrivacyToolsHubBasic" name="test_ui_component_mocking" time="0.015" /><testcase classname="test_privacy_hub_fixed_2025-08-31.TestPrivacyToolsHubBasic" name="test_operation_workflow_simulation" time="0.046" /><testcase classname="test_privacy_hub_fixed_2025-08-31.TestPrivacyHubCoverage" name="test_edge_cases_mocked" time="0.025" /><testcase classname="test_privacy_hub_fixed_2025-08-31.TestPrivacyHubCoverage" name="test_large_data_scenarios" time="0.010" /><testcase classname="test_privacy_hub_fixed_2025-08-31.TestPrivacyHubCoverage" name="test_concurrent_operations_simulation" time="0.015" /></testsuite></testsuites>