<?xml version="1.0" encoding="utf-8"?><testsuites><testsuite name="pytest" errors="0" failures="1" skipped="0" tests="48" time="2.293" timestamp="2025-08-24T14:03:04.110515+02:00" hostname="RLNTGO1-01"><testcase classname="test_rename_2025-08-24.TestRenameWindow" name="test_rename_window_initialization" time="0.199" /><testcase classname="test_rename_2025-08-24.TestRenameWindow" name="test_setup_menu_callbacks" time="0.011"><failure message="AssertionError: assert 0 == 4&#10; +  where 0 = &lt;Mock name='mock.register_callback' id='3063011057952'&gt;.call_count&#10; +    where &lt;Mock name='mock.register_callback' id='3063011057952'&gt; = &lt;Mock id='3063011057616'&gt;.register_callback&#10; +      where &lt;Mock id='3063011057616'&gt; = &lt;src.utilities.file_management.rename.RenameWindow object at 0x000002C929B6F530&gt;.menu_manager">tests\unit\test_rename_2025-08-24.py:131: in test_setup_menu_callbacks
    assert rename_window.menu_manager.register_callback.call_count == 4
E   AssertionError: assert 0 == 4
E    +  where 0 = &lt;Mock name='mock.register_callback' id='3063011057952'&gt;.call_count
E    +    where &lt;Mock name='mock.register_callback' id='3063011057952'&gt; = &lt;Mock id='3063011057616'&gt;.register_callback
E    +      where &lt;Mock id='3063011057616'&gt; = &lt;src.utilities.file_management.rename.RenameWindow object at 0x000002C929B6F530&gt;.menu_manager</failure></testcase><testcase classname="test_rename_2025-08-24.TestRenameWindow" name="test_save_rename_settings_success" time="0.013" /><testcase classname="test_rename_2025-08-24.TestRenameWindow" name="test_save_rename_settings_cancelled" time="0.006" /><testcase classname="test_rename_2025-08-24.TestRenameWindow" name="test_save_rename_settings_error" time="0.007" /><testcase classname="test_rename_2025-08-24.TestRenameWindow" name="test_load_rename_settings_success" time="0.009" /><testcase classname="test_rename_2025-08-24.TestRenameWindow" name="test_load_rename_settings_cancelled" time="0.004" /><testcase classname="test_rename_2025-08-24.TestRenameWindow" name="test_export_rename_results_success" time="0.011" /><testcase classname="test_rename_2025-08-24.TestRenameWindow" name="test_export_rename_results_no_files" time="0.006" /><testcase classname="test_rename_2025-08-24.TestRenameWindow" name="test_get_current_rename_mode" time="0.006" /><testcase classname="test_rename_2025-08-24.TestRenameWindow" name="test_browse_directory_success" time="0.007" /><testcase classname="test_rename_2025-08-24.TestRenameWindow" name="test_browse_directory_cancelled" time="0.005" /><testcase classname="test_rename_2025-08-24.TestRenameWindow" name="test_load_available_files_success" time="0.019" /><testcase classname="test_rename_2025-08-24.TestRenameWindow" name="test_load_available_files_no_directory" time="0.006" /><testcase classname="test_rename_2025-08-24.TestRenameWindow" name="test_load_available_files_error" time="0.008" /><testcase classname="test_rename_2025-08-24.TestRenameWindow" name="test_add_selected_files" time="0.006" /><testcase classname="test_rename_2025-08-24.TestRenameWindow" name="test_add_selected_files_duplicates" time="0.006" /><testcase classname="test_rename_2025-08-24.TestRenameWindow" name="test_add_all_files" time="0.007" /><testcase classname="test_rename_2025-08-24.TestRenameWindow" name="test_remove_selected_files" time="0.004" /><testcase classname="test_rename_2025-08-24.TestRenameWindow" name="test_clear_selected_files" time="0.006" /><testcase classname="test_rename_2025-08-24.TestRenameWindow" name="test_get_new_filename_add_prefix" time="0.007" /><testcase classname="test_rename_2025-08-24.TestRenameWindow" name="test_get_new_filename_add_suffix" time="0.006" /><testcase classname="test_rename_2025-08-24.TestRenameWindow" name="test_get_new_filename_lowercase" time="0.009" /><testcase classname="test_rename_2025-08-24.TestRenameWindow" name="test_get_new_filename_uppercase" time="0.010" /><testcase classname="test_rename_2025-08-24.TestRenameWindow" name="test_get_new_filename_replace_text" time="0.010" /><testcase classname="test_rename_2025-08-24.TestRenameWindow" name="test_get_new_filename_replace_text_empty_find" time="0.014" /><testcase classname="test_rename_2025-08-24.TestRenameWindow" name="test_get_new_filename_add_numbers" time="0.011" /><testcase classname="test_rename_2025-08-24.TestRenameWindow" name="test_get_new_filename_add_numbers_invalid_start" time="0.016" /><testcase classname="test_rename_2025-08-24.TestRenameWindow" name="test_get_new_filename_add_numbers_invalid_format" time="0.016" /><testcase classname="test_rename_2025-08-24.TestRenameWindow" name="test_preview_changes_success" time="0.035" /><testcase classname="test_rename_2025-08-24.TestRenameWindow" name="test_preview_changes_no_files" time="0.022" /><testcase classname="test_rename_2025-08-24.TestRenameWindow" name="test_apply_rename_success" time="0.047" /><testcase classname="test_rename_2025-08-24.TestRenameWindow" name="test_apply_rename_no_files" time="0.017" /><testcase classname="test_rename_2025-08-24.TestRenameWindow" name="test_apply_rename_cancelled" time="0.014" /><testcase classname="test_rename_2025-08-24.TestRenameWindow" name="test_apply_rename_file_exists_error" time="0.016" /><testcase classname="test_rename_2025-08-24.TestRenameWindow" name="test_apply_rename_os_error" time="0.018" /><testcase classname="test_rename_2025-08-24.TestRenameWindow" name="test_refresh_view_with_directory" time="0.009" /><testcase classname="test_rename_2025-08-24.TestRenameWindow" name="test_refresh_view_no_directory" time="0.008" /><testcase classname="test_rename_2025-08-24.TestRenameWindow" name="test_show_preferences" time="0.012" /><testcase classname="test_rename_2025-08-24.TestMainFunction" name="test_main_function" time="0.004" /><testcase classname="test_rename_2025-08-24.TestEdgeCasesAndErrorHandling" name="test_get_new_filename_with_special_characters" time="0.013" /><testcase classname="test_rename_2025-08-24.TestEdgeCasesAndErrorHandling" name="test_get_new_filename_with_unicode" time="0.014" /><testcase classname="test_rename_2025-08-24.TestEdgeCasesAndErrorHandling" name="test_get_new_filename_no_extension" time="0.017" /><testcase classname="test_rename_2025-08-24.TestEdgeCasesAndErrorHandling" name="test_get_new_filename_multiple_dots" time="0.010" /><testcase classname="test_rename_2025-08-24.TestEdgeCasesAndErrorHandling" name="test_apply_rename_with_same_name" time="0.016" /><testcase classname="test_rename_2025-08-24.TestEdgeCasesAndErrorHandling" name="test_load_available_files_with_mixed_content" time="0.017" /><testcase classname="test_rename_2025-08-24.TestPerformanceAndMemory" name="test_large_file_list_handling" time="0.806" /><testcase classname="test_rename_2025-08-24.TestPerformanceAndMemory" name="test_memory_usage_with_large_selection" time="0.040" /></testsuite></testsuites>