<?xml version="1.0" encoding="utf-8"?><testsuites><testsuite name="pytest" errors="3" failures="0" skipped="0" tests="3" time="3.065" timestamp="2025-08-28T14:47:37.012143+02:00" hostname="DESKTOP-M4DIPMD"><testcase classname="test_secure_delete_2025-08-28.TestSecureDeletePerformance" name="test_memory_usage_with_large_datasets" time="0.232"><error message="failed on setup with &quot;file C:\Users\richardi\1_2\tests\unit\test_secure_delete_2025-08-28.py, line 483&#10;      def test_memory_usage_with_large_datasets(self, secure_delete_gui):&#10;E       fixture 'secure_delete_gui' not found&#10;&gt;       available fixtures: .::&lt;event_loop&gt;, _session_event_loop, cache, capfd, capfdbinary, caplog, capsys, capsysbinary, class_mocker, cleanup_test_scenarios, collect_test_results, cov, doctest_namespace, event_loop, event_loop_policy, extra, extras, include_metadata_in_junit_xml, json_metadata, metadata, mock_cleanup_result, mock_pyqt5, mock_qt_application, mock_qt_widgets, mock_safety_manager, mock_standard_window, mock_system_diagnostics_gui, mock_temp_cleaner, mocker, module_mocker, monkeypatch, no_cover, package_mocker, performance_monitor, pytestconfig, qapp, qapp_args, qapp_cls, qtbot, qtlog, qtmodeltester, record_property, record_testsuite_property, record_xml_attribute, recwarn, sample_test_files, session_mocker, temp_directory, temp_test_dir, temp_test_files, test_config, test_logger, test_secure_delete_2025-08-28.py::&lt;event_loop&gt;, test_secure_delete_2025-08-28.py::TestSecureDeletePerformance::&lt;event_loop&gt;, test_session_metadata, test_timestamp, tmp_path, tmp_path_factory, tmpdir, tmpdir_factory, unused_tcp_port, unused_tcp_port_factory, unused_udp_port, unused_udp_port_factory, xvfb&#10;&gt;       use 'pytest --fixtures [testpath]' for help on them.&#10;&#10;C:\Users\richardi\1_2\tests\unit\test_secure_delete_2025-08-28.py:483&quot;">file C:\Users\richardi\1_2\tests\unit\test_secure_delete_2025-08-28.py, line 483
      def test_memory_usage_with_large_datasets(self, secure_delete_gui):
E       fixture 'secure_delete_gui' not found
&gt;       available fixtures: .::&lt;event_loop&gt;, _session_event_loop, cache, capfd, capfdbinary, caplog, capsys, capsysbinary, class_mocker, cleanup_test_scenarios, collect_test_results, cov, doctest_namespace, event_loop, event_loop_policy, extra, extras, include_metadata_in_junit_xml, json_metadata, metadata, mock_cleanup_result, mock_pyqt5, mock_qt_application, mock_qt_widgets, mock_safety_manager, mock_standard_window, mock_system_diagnostics_gui, mock_temp_cleaner, mocker, module_mocker, monkeypatch, no_cover, package_mocker, performance_monitor, pytestconfig, qapp, qapp_args, qapp_cls, qtbot, qtlog, qtmodeltester, record_property, record_testsuite_property, record_xml_attribute, recwarn, sample_test_files, session_mocker, temp_directory, temp_test_dir, temp_test_files, test_config, test_logger, test_secure_delete_2025-08-28.py::&lt;event_loop&gt;, test_secure_delete_2025-08-28.py::TestSecureDeletePerformance::&lt;event_loop&gt;, test_session_metadata, test_timestamp, tmp_path, tmp_path_factory, tmpdir, tmpdir_factory, unused_tcp_port, unused_tcp_port_factory, unused_udp_port, unused_udp_port_factory, xvfb
&gt;       use 'pytest --fixtures [testpath]' for help on them.

C:\Users\richardi\1_2\tests\unit\test_secure_delete_2025-08-28.py:483</error></testcase><testcase classname="test_secure_delete_2025-08-28.TestSecureDeletePerformance" name="test_large_file_list_performance" time="0.021"><error message="failed on setup with &quot;file C:\Users\richardi\1_2\tests\unit\test_secure_delete_2025-08-28.py, line 463&#10;      def test_large_file_list_performance(self, secure_delete_gui):&#10;E       fixture 'secure_delete_gui' not found&#10;&gt;       available fixtures: .::&lt;event_loop&gt;, _session_event_loop, cache, capfd, capfdbinary, caplog, capsys, capsysbinary, class_mocker, cleanup_test_scenarios, collect_test_results, cov, doctest_namespace, event_loop, event_loop_policy, extra, extras, include_metadata_in_junit_xml, json_metadata, metadata, mock_cleanup_result, mock_pyqt5, mock_qt_application, mock_qt_widgets, mock_safety_manager, mock_standard_window, mock_system_diagnostics_gui, mock_temp_cleaner, mocker, module_mocker, monkeypatch, no_cover, package_mocker, performance_monitor, pytestconfig, qapp, qapp_args, qapp_cls, qtbot, qtlog, qtmodeltester, record_property, record_testsuite_property, record_xml_attribute, recwarn, sample_test_files, session_mocker, temp_directory, temp_test_dir, temp_test_files, test_config, test_logger, test_secure_delete_2025-08-28.py::&lt;event_loop&gt;, test_secure_delete_2025-08-28.py::TestSecureDeletePerformance::&lt;event_loop&gt;, test_session_metadata, test_timestamp, tmp_path, tmp_path_factory, tmpdir, tmpdir_factory, unused_tcp_port, unused_tcp_port_factory, unused_udp_port, unused_udp_port_factory, xvfb&#10;&gt;       use 'pytest --fixtures [testpath]' for help on them.&#10;&#10;C:\Users\richardi\1_2\tests\unit\test_secure_delete_2025-08-28.py:463&quot;">file C:\Users\richardi\1_2\tests\unit\test_secure_delete_2025-08-28.py, line 463
      def test_large_file_list_performance(self, secure_delete_gui):
E       fixture 'secure_delete_gui' not found
&gt;       available fixtures: .::&lt;event_loop&gt;, _session_event_loop, cache, capfd, capfdbinary, caplog, capsys, capsysbinary, class_mocker, cleanup_test_scenarios, collect_test_results, cov, doctest_namespace, event_loop, event_loop_policy, extra, extras, include_metadata_in_junit_xml, json_metadata, metadata, mock_cleanup_result, mock_pyqt5, mock_qt_application, mock_qt_widgets, mock_safety_manager, mock_standard_window, mock_system_diagnostics_gui, mock_temp_cleaner, mocker, module_mocker, monkeypatch, no_cover, package_mocker, performance_monitor, pytestconfig, qapp, qapp_args, qapp_cls, qtbot, qtlog, qtmodeltester, record_property, record_testsuite_property, record_xml_attribute, recwarn, sample_test_files, session_mocker, temp_directory, temp_test_dir, temp_test_files, test_config, test_logger, test_secure_delete_2025-08-28.py::&lt;event_loop&gt;, test_secure_delete_2025-08-28.py::TestSecureDeletePerformance::&lt;event_loop&gt;, test_session_metadata, test_timestamp, tmp_path, tmp_path_factory, tmpdir, tmpdir_factory, unused_tcp_port, unused_tcp_port_factory, unused_udp_port, unused_udp_port_factory, xvfb
&gt;       use 'pytest --fixtures [testpath]' for help on them.

C:\Users\richardi\1_2\tests\unit\test_secure_delete_2025-08-28.py:463</error></testcase><testcase time="0.064" /><testcase classname="pytest" name="internal" time="0.000"><error message="internal error">Traceback (most recent call last):
  File "C:\Users\richardi\1_2\venv\Lib\site-packages\_pytest\main.py", line 283, in wrap_session
    session.exitstatus = doit(config, session) or 0
                         ~~~~^^^^^^^^^^^^^^^^^
  File "C:\Users\richardi\1_2\venv\Lib\site-packages\_pytest\main.py", line 337, in _main
    config.hook.pytest_runtestloop(session=session)
    ~~~~~~~~~~~~~~~~~~~~~~~~~~~~~~^^^^^^^^^^^^^^^^^
  File "C:\Users\richardi\1_2\venv\Lib\site-packages\pluggy\_hooks.py", line 513, in __call__
    return self._hookexec(self.name, self._hookimpls.copy(), kwargs, firstresult)
           ~~~~~~~~~~~~~~^^^^^^^^^^^^^^^^^^^^^^^^^^^^^^^^^^^^^^^^^^^^^^^^^^^^^^^^
  File "C:\Users\richardi\1_2\venv\Lib\site-packages\pluggy\_manager.py", line 120, in _hookexec
    return self._inner_hookexec(hook_name, methods, kwargs, firstresult)
           ~~~~~~~~~~~~~~~~~~~~^^^^^^^^^^^^^^^^^^^^^^^^^^^^^^^^^^^^^^^^^
  File "C:\Users\richardi\1_2\venv\Lib\site-packages\pluggy\_callers.py", line 182, in _multicall
    return outcome.get_result()
           ~~~~~~~~~~~~~~~~~~^^
  File "C:\Users\richardi\1_2\venv\Lib\site-packages\pluggy\_result.py", line 100, in get_result
    raise exc.with_traceback(exc.__traceback__)
  File "C:\Users\richardi\1_2\venv\Lib\site-packages\pluggy\_callers.py", line 167, in _multicall
    teardown.throw(outcome._exception)
    ~~~~~~~~~~~~~~^^^^^^^^^^^^^^^^^^^^
  File "C:\Users\richardi\1_2\venv\Lib\site-packages\_pytest\logging.py", line 803, in pytest_runtestloop
    return (yield)  # Run all the tests.
            ^^^^^
  File "C:\Users\richardi\1_2\venv\Lib\site-packages\pluggy\_callers.py", line 167, in _multicall
    teardown.throw(outcome._exception)
    ~~~~~~~~~~~~~~^^^^^^^^^^^^^^^^^^^^
  File "C:\Users\richardi\1_2\venv\Lib\site-packages\_pytest\terminal.py", line 673, in pytest_runtestloop
    result = yield
             ^^^^^
  File "C:\Users\richardi\1_2\venv\Lib\site-packages\pluggy\_callers.py", line 103, in _multicall
    res = hook_impl.function(*args)
  File "C:\Users\richardi\1_2\venv\Lib\site-packages\_pytest\main.py", line 362, in pytest_runtestloop
    item.config.hook.pytest_runtest_protocol(item=item, nextitem=nextitem)
    ~~~~~~~~~~~~~~~~~~~~~~~~~~~~~~~~~~~~~~~~^^^^^^^^^^^^^^^^^^^^^^^^^^^^^^
  File "C:\Users\richardi\1_2\venv\Lib\site-packages\pluggy\_hooks.py", line 513, in __call__
    return self._hookexec(self.name, self._hookimpls.copy(), kwargs, firstresult)
           ~~~~~~~~~~~~~~^^^^^^^^^^^^^^^^^^^^^^^^^^^^^^^^^^^^^^^^^^^^^^^^^^^^^^^^
  File "C:\Users\richardi\1_2\venv\Lib\site-packages\pluggy\_manager.py", line 120, in _hookexec
    return self._inner_hookexec(hook_name, methods, kwargs, firstresult)
           ~~~~~~~~~~~~~~~~~~~~^^^^^^^^^^^^^^^^^^^^^^^^^^^^^^^^^^^^^^^^^
  File "C:\Users\richardi\1_2\venv\Lib\site-packages\pluggy\_callers.py", line 182, in _multicall
    return outcome.get_result()
           ~~~~~~~~~~~~~~~~~~^^
  File "C:\Users\richardi\1_2\venv\Lib\site-packages\pluggy\_result.py", line 100, in get_result
    raise exc.with_traceback(exc.__traceback__)
  File "C:\Users\richardi\1_2\venv\Lib\site-packages\pluggy\_callers.py", line 167, in _multicall
    teardown.throw(outcome._exception)
    ~~~~~~~~~~~~~~^^^^^^^^^^^^^^^^^^^^
  File "C:\Users\richardi\1_2\venv\Lib\site-packages\_pytest\warnings.py", line 112, in pytest_runtest_protocol
    return (yield)
            ^^^^^
  File "C:\Users\richardi\1_2\venv\Lib\site-packages\pluggy\_callers.py", line 167, in _multicall
    teardown.throw(outcome._exception)
    ~~~~~~~~~~~~~~^^^^^^^^^^^^^^^^^^^^
  File "C:\Users\richardi\1_2\venv\Lib\site-packages\_pytest\assertion\__init__.py", line 176, in pytest_runtest_protocol
    return (yield)
            ^^^^^
  File "C:\Users\richardi\1_2\venv\Lib\site-packages\pluggy\_callers.py", line 167, in _multicall
    teardown.throw(outcome._exception)
    ~~~~~~~~~~~~~~^^^^^^^^^^^^^^^^^^^^
  File "C:\Users\richardi\1_2\venv\Lib\site-packages\_pytest\unittest.py", line 429, in pytest_runtest_protocol
    res = yield
          ^^^^^
  File "C:\Users\richardi\1_2\venv\Lib\site-packages\pluggy\_callers.py", line 167, in _multicall
    teardown.throw(outcome._exception)
    ~~~~~~~~~~~~~~^^^^^^^^^^^^^^^^^^^^
  File "C:\Users\richardi\1_2\venv\Lib\site-packages\_pytest\faulthandler.py", line 88, in pytest_runtest_protocol
    return (yield)
            ^^^^^
  File "C:\Users\richardi\1_2\venv\Lib\site-packages\pluggy\_callers.py", line 103, in _multicall
    res = hook_impl.function(*args)
  File "C:\Users\richardi\1_2\venv\Lib\site-packages\_pytest\runner.py", line 113, in pytest_runtest_protocol
    runtestprotocol(item, nextitem=nextitem)
    ~~~~~~~~~~~~~~~^^^^^^^^^^^^^^^^^^^^^^^^^
  File "C:\Users\richardi\1_2\venv\Lib\site-packages\_pytest\runner.py", line 132, in runtestprotocol
    reports.append(call_and_report(item, "call", log))
                   ~~~~~~~~~~~~~~~^^^^^^^^^^^^^^^^^^^
  File "C:\Users\richardi\1_2\venv\Lib\site-packages\_pytest\runner.py", line 244, in call_and_report
    report: TestReport = ihook.pytest_runtest_makereport(item=item, call=call)
                         ~~~~~~~~~~~~~~~~~~~~~~~~~~~~~~~^^^^^^^^^^^^^^^^^^^^^^
  File "C:\Users\richardi\1_2\venv\Lib\site-packages\pluggy\_hooks.py", line 513, in __call__
    return self._hookexec(self.name, self._hookimpls.copy(), kwargs, firstresult)
           ~~~~~~~~~~~~~~^^^^^^^^^^^^^^^^^^^^^^^^^^^^^^^^^^^^^^^^^^^^^^^^^^^^^^^^
  File "C:\Users\richardi\1_2\venv\Lib\site-packages\pluggy\_manager.py", line 120, in _hookexec
    return self._inner_hookexec(hook_name, methods, kwargs, firstresult)
           ~~~~~~~~~~~~~~~~~~~~^^^^^^^^^^^^^^^^^^^^^^^^^^^^^^^^^^^^^^^^^
  File "C:\Users\richardi\1_2\venv\Lib\site-packages\pluggy\_callers.py", line 156, in _multicall
    teardown[0].send(outcome)
    ~~~~~~~~~~~~~~~~^^^^^^^^^
  File "C:\Users\richardi\1_2\venv\Lib\site-packages\pytest_html\plugin.py", line 129, in pytest_runtest_makereport
    report = outcome.get_result()
  File "C:\Users\richardi\1_2\venv\Lib\site-packages\pluggy\_result.py", line 100, in get_result
    raise exc.with_traceback(exc.__traceback__)
  File "C:\Users\richardi\1_2\venv\Lib\site-packages\pluggy\_callers.py", line 167, in _multicall
    teardown.throw(outcome._exception)
    ~~~~~~~~~~~~~~^^^^^^^^^^^^^^^^^^^^
  File "C:\Users\richardi\1_2\venv\Lib\site-packages\_pytest\tmpdir.py", line 310, in pytest_runtest_makereport
    rep = yield
          ^^^^^
  File "C:\Users\richardi\1_2\venv\Lib\site-packages\pluggy\_callers.py", line 167, in _multicall
    teardown.throw(outcome._exception)
    ~~~~~~~~~~~~~~^^^^^^^^^^^^^^^^^^^^
  File "C:\Users\richardi\1_2\venv\Lib\site-packages\pytestqt\logging.py", line 45, in pytest_runtest_makereport
    report = yield
             ^^^^^
  File "C:\Users\richardi\1_2\venv\Lib\site-packages\pluggy\_callers.py", line 167, in _multicall
    teardown.throw(outcome._exception)
    ~~~~~~~~~~~~~~^^^^^^^^^^^^^^^^^^^^
  File "C:\Users\richardi\1_2\venv\Lib\site-packages\_pytest\skipping.py", line 269, in pytest_runtest_makereport
    rep = yield
          ^^^^^
  File "C:\Users\richardi\1_2\venv\Lib\site-packages\pluggy\_callers.py", line 103, in _multicall
    res = hook_impl.function(*args)
  File "c:\Users\richardi\1_2\tests\unit\conftest.py", line 251, in pytest_runtest_makereport
    print(f"❌ FAILED: {test_name}")
    ~~~~~^^^^^^^^^^^^^^^^^^^^^^^^^^^
  File "C:\Users\richardi\AppData\Local\Programs\Python\Python313\Lib\encodings\cp1252.py", line 19, in encode
    return codecs.charmap_encode(input,self.errors,encoding_table)[0]
           ~~~~~~~~~~~~~~~~~~~~~^^^^^^^^^^^^^^^^^^^^^^^^^^^^^^^^^^
UnicodeEncodeError: 'charmap' codec can't encode character '\u274c' in position 0: character maps to &lt;undefined&gt;</error></testcase></testsuite></testsuites>