<?xml version="1.0" encoding="utf-8"?><testsuites><testsuite name="pytest" errors="1" failures="0" skipped="1" tests="2" time="0.340" timestamp="2025-09-12T15:01:37.690650+02:00" hostname="RLNTGO1-01"><testcase classname="" name="src.utilities.advanced_folders.gui.tests.test_performance" time="0.000"><skipped message="collection skipped">('C:\\Users\\HP1\\1_2\\src\\utilities\\advanced_folders\\gui\\tests\\test_performance.py', 40, 'Skipped: GUI modules not available: attempted relative import with no known parent package')</skipped></testcase><testcase classname="pytest" name="internal" time="0.000"><error message="internal error">Traceback (most recent call last):
  File "C:\Users\HP1\AppData\Local\Programs\Python\Python313\Lib\site-packages\_pytest\main.py", line 283, in wrap_session
    session.exitstatus = doit(config, session) or 0
                         ~~~~^^^^^^^^^^^^^^^^^
  File "C:\Users\HP1\AppData\Local\Programs\Python\Python313\Lib\site-packages\_pytest\main.py", line 336, in _main
    config.hook.pytest_collection(session=session)
    ~~~~~~~~~~~~~~~~~~~~~~~~~~~~~^^^^^^^^^^^^^^^^^
  File "C:\Users\HP1\AppData\Local\Programs\Python\Python313\Lib\site-packages\pluggy\_hooks.py", line 512, in __call__
    return self._hookexec(self.name, self._hookimpls.copy(), kwargs, firstresult)
           ~~~~~~~~~~~~~~^^^^^^^^^^^^^^^^^^^^^^^^^^^^^^^^^^^^^^^^^^^^^^^^^^^^^^^^
  File "C:\Users\HP1\AppData\Local\Programs\Python\Python313\Lib\site-packages\pluggy\_manager.py", line 120, in _hookexec
    return self._inner_hookexec(hook_name, methods, kwargs, firstresult)
           ~~~~~~~~~~~~~~~~~~~~^^^^^^^^^^^^^^^^^^^^^^^^^^^^^^^^^^^^^^^^^
  File "C:\Users\HP1\AppData\Local\Programs\Python\Python313\Lib\site-packages\pluggy\_callers.py", line 167, in _multicall
    raise exception
  File "C:\Users\HP1\AppData\Local\Programs\Python\Python313\Lib\site-packages\pluggy\_callers.py", line 139, in _multicall
    teardown.throw(exception)
    ~~~~~~~~~~~~~~^^^^^^^^^^^
  File "C:\Users\HP1\AppData\Local\Programs\Python\Python313\Lib\site-packages\_pytest\logging.py", line 790, in pytest_collection
    return (yield)
            ^^^^^
  File "C:\Users\HP1\AppData\Local\Programs\Python\Python313\Lib\site-packages\pluggy\_callers.py", line 139, in _multicall
    teardown.throw(exception)
    ~~~~~~~~~~~~~~^^^^^^^^^^^
  File "C:\Users\HP1\AppData\Local\Programs\Python\Python313\Lib\site-packages\_pytest\warnings.py", line 121, in pytest_collection
    return (yield)
            ^^^^^
  File "C:\Users\HP1\AppData\Local\Programs\Python\Python313\Lib\site-packages\pluggy\_callers.py", line 139, in _multicall
    teardown.throw(exception)
    ~~~~~~~~~~~~~~^^^^^^^^^^^
  File "C:\Users\HP1\AppData\Local\Programs\Python\Python313\Lib\site-packages\_pytest\config\__init__.py", line 1417, in pytest_collection
    return (yield)
            ^^^^^
  File "C:\Users\HP1\AppData\Local\Programs\Python\Python313\Lib\site-packages\pluggy\_callers.py", line 121, in _multicall
    res = hook_impl.function(*args)
  File "C:\Users\HP1\AppData\Local\Programs\Python\Python313\Lib\site-packages\_pytest\main.py", line 347, in pytest_collection
    session.perform_collect()
    ~~~~~~~~~~~~~~~~~~~~~~~^^
  File "C:\Users\HP1\AppData\Local\Programs\Python\Python313\Lib\site-packages\_pytest\main.py", line 811, in perform_collect
    self.config.pluginmanager.check_pending()
    ~~~~~~~~~~~~~~~~~~~~~~~~~~~~~~~~~~~~~~~^^
  File "C:\Users\HP1\AppData\Local\Programs\Python\Python313\Lib\site-packages\pluggy\_manager.py", line 387, in check_pending
    raise PluginValidationError(
    ...&lt;2 lines&gt;...
    )
pluggy._manager.PluginValidationError: unknown hook 'pytest_timeout_func_only' in plugin &lt;module 'conftest' from 'C:\\Users\\HP1\\1_2\\src\\utilities\\advanced_folders\\gui\\tests\\conftest.py'&gt;</error></testcase></testsuite></testsuites>